TN:
SF:script/beaconValantisModule.s.sol
DA:21,0
FN:21,21,BeaconValantisModule.setUp
FNDA:0,BeaconValantisModule.setUp
DA:23,0
FN:23,49,BeaconValantisModule.run
FNDA:0,BeaconValantisModule.run
DA:24,0
DA:26,0
DA:28,0
DA:30,0
DA:33,0
DA:36,0
DA:38,0
DA:41,0
DA:45,0
DA:46,0
DA:48,0
FNF:2
FNH:0
LF:13
LH:0
BRF:0
BRH:0
end_of_record
TN:
SF:script/createUniV4Pool.s.sol
DA:38,0
FN:38,38,CreateUniV4Pool.setUp
FNDA:0,CreateUniV4Pool.setUp
DA:40,0
FN:40,95,CreateUniV4Pool.run
FNDA:0,CreateUniV4Pool.run
DA:41,0
DA:43,0
DA:45,0
DA:47,0
DA:49,0
DA:57,0
DA:59,0
DA:60,0
DA:62,0
DA:67,0
DA:69,0
DA:70,0
DA:71,0
DA:72,0
DA:76,0
DA:82,0
DA:89,0
DA:90,0
DA:91,0
DA:92,0
DA:94,0
FNF:2
FNH:0
LF:23
LH:0
BRF:0
BRH:0
end_of_record
TN:
SF:script/deployDex.s.sol
DA:16,0
FN:16,16,DeployDex.setUp
FNDA:0,DeployDex.setUp
DA:18,0
FN:18,34,DeployDex.run
FNDA:0,DeployDex.run
DA:19,0
DA:21,0
DA:23,0
DA:24,0
DA:26,0
DA:28,0
DA:30,0
DA:31,0
DA:33,0
FNF:2
FNH:0
LF:11
LH:0
BRF:0
BRH:0
end_of_record
TN:
SF:script/deployStepOne.s.sol
DA:112,0
FN:112,112,DeployStepOne.setUp
FNDA:0,DeployStepOne.setUp
DA:114,0
FN:114,146,DeployStepOne.run
FNDA:0,DeployStepOne.run
DA:115,0
DA:117,0
DA:119,0
DA:121,0
DA:123,0
DA:124,0
DA:125,0
DA:126,0
DA:127,0
DA:128,0
DA:129,0
DA:130,0
DA:137,0
DA:138,0
DA:140,0
DA:141,0
DA:142,0
DA:145,0
DA:150,0
FN:150,158,DeployStepOne._deployGuardian
FNDA:0,DeployStepOne._deployGuardian
DA:151,0
DA:154,0
DA:155,0
DA:157,0
DA:164,0
FN:164,181,DeployStepOne._deployArrakisTimeLock
FNDA:0,DeployStepOne._deployArrakisTimeLock
DA:165,0
DA:166,0
DA:168,0
DA:169,0
DA:171,0
DA:177,0
DA:178,0
DA:180,0
DA:187,0
FN:187,233,DeployStepOne._deployArrakisStandardManager
FNDA:0,DeployStepOne._deployArrakisStandardManager
DA:191,0
DA:200,0
DA:203,0
DA:208,0
DA:210,0
DA:212,0
DA:215,0
DA:221,0
DA:227,0
DA:228,0
DA:232,0
DA:239,0
FN:239,253,DeployStepOne._deployModuleRegistryPublic
FNDA:0,DeployStepOne._deployModuleRegistryPublic
DA:243,0
DA:249,0
DA:250,0
DA:252,0
DA:259,0
FN:259,275,DeployStepOne._deployModuleRegistryPrivate
FNDA:0,DeployStepOne._deployModuleRegistryPrivate
DA:263,0
DA:271,0
DA:272,0
DA:274,0
DA:281,0
FN:281,290,DeployStepOne._deployCreationCodePublicVault
FNDA:0,DeployStepOne._deployCreationCodePublicVault
DA:285,0
DA:288,0
DA:289,0
DA:296,0
FN:296,305,DeployStepOne._deployCreationCodePrivateVault
FNDA:0,DeployStepOne._deployCreationCodePrivateVault
DA:300,0
DA:303,0
DA:304,0
DA:311,0
FN:311,333,DeployStepOne._deployFactory
FNDA:0,DeployStepOne._deployFactory
DA:318,0
DA:329,0
DA:330,0
DA:332,0
DA:339,0
FN:339,353,DeployStepOne._deployRouter
FNDA:0,DeployStepOne._deployRouter
DA:343,0
DA:349,0
DA:350,0
DA:352,0
DA:359,0
FN:359,370,DeployStepOne._deployRouterExecutor
FNDA:0,DeployStepOne._deployRouterExecutor
DA:363,0
DA:366,0
DA:367,0
DA:369,0
DA:376,0
FN:376,382,DeployStepOne._initializeManager
FNDA:0,DeployStepOne._initializeManager
DA:377,0
DA:381,0
DA:388,0
FN:388,394,DeployStepOne._initializePublicModuleRegistry
FNDA:0,DeployStepOne._initializePublicModuleRegistry
DA:391,0
DA:393,0
DA:400,0
FN:400,406,DeployStepOne._initializePrivateModuleRegistry
FNDA:0,DeployStepOne._initializePrivateModuleRegistry
DA:403,0
DA:405,0
DA:412,0
FN:412,418,DeployStepOne._initializeRouter
FNDA:0,DeployStepOne._initializeRouter
DA:413,0
DA:417,0
FNF:16
FNH:0
LF:91
LH:0
BRF:0
BRH:0
end_of_record
TN:
SF:script/deployment/CreateXScript.sol
DA:19,0
FN:19,22,CreateXScript.withCreateX
FNDA:0,CreateXScript.withCreateX
DA:20,0
DA:28,0
FN:28,45,CreateXScript.setUpCreateXFactory
FNDA:0,CreateXScript.setUpCreateXFactory
DA:29,0
BRDA:29,0,0,-
BRDA:29,0,1,-
DA:30,0
DA:31,0
BRDA:31,1,0,-
DA:32,0
DA:37,0
DA:44,0
DA:51,0
FN:51,74,CreateXScript.isCreateXDeployed
FNDA:0,CreateXScript.isCreateXDeployed
DA:52,0
DA:55,0
DA:59,0
DA:65,0
DA:68,0
DA:79,0
FN:79,95,CreateXScript.deployCreateX
FNDA:0,CreateXScript.deployCreateX
DA:81,0
BRDA:81,5,0,-
DA:82,0
DA:91,0
DA:94,0
DA:100,0
FN:100,115,CreateXScript.computeCreate3Address
FNDA:0,CreateXScript.computeCreate3Address
DA:108,0
DA:112,0
DA:120,0
FN:120,125,CreateXScript.create3
FNDA:0,CreateXScript.create3
DA:124,0
DA:19,0
FN:19,22,CreateXScript.withCreateX
FNDA:0,CreateXScript.withCreateX
DA:20,0
DA:28,0
FN:28,45,CreateXScript.setUpCreateXFactory
FNDA:0,CreateXScript.setUpCreateXFactory
DA:29,0
BRDA:29,0,0,-
BRDA:29,0,1,-
DA:30,0
DA:31,0
BRDA:31,1,0,-
DA:32,0
DA:37,0
DA:44,0
DA:51,0
FN:51,74,CreateXScript.isCreateXDeployed
FNDA:0,CreateXScript.isCreateXDeployed
DA:52,0
DA:55,0
DA:59,0
DA:65,0
DA:68,0
DA:79,0
FN:79,95,CreateXScript.deployCreateX
FNDA:0,CreateXScript.deployCreateX
DA:81,0
BRDA:81,5,0,-
DA:82,0
DA:91,0
DA:94,0
DA:100,0
FN:100,115,CreateXScript.computeCreate3Address
FNDA:0,CreateXScript.computeCreate3Address
DA:108,0
DA:112,0
DA:120,0
FN:120,125,CreateXScript.create3
FNDA:0,CreateXScript.create3
DA:124,0
FNF:12
FNH:0
LF:50
LH:0
BRF:8
BRH:0
end_of_record
TN:
SF:script/deployment/DArrakisStandardManager.s.sol
DA:56,0
FN:56,56,DArrakisStandardManager.setUp
FNDA:0,DArrakisStandardManager.setUp
DA:58,0
FN:58,93,DArrakisStandardManager.run
FNDA:0,DArrakisStandardManager.run
DA:59,0
DA:61,0
DA:63,0
DA:65,0
DA:66,0
DA:68,0
DA:70,0
DA:71,0
DA:72,0
DA:73,0
DA:75,0
DA:95,0
FN:95,128,DArrakisStandardManager._deployArrakisStandardManagerImpl
FNDA:0,DArrakisStandardManager._deployArrakisStandardManagerImpl
DA:99,0
DA:109,0
DA:113,0
DA:115,0
DA:118,0
DA:120,0
DA:122,0
DA:123,0
DA:125,0
BRDA:125,0,0,-
DA:126,0
DA:130,0
FN:130,156,DArrakisStandardManager._deployTransparentProxy
FNDA:0,DArrakisStandardManager._deployTransparentProxy
DA:134,0
DA:139,0
DA:143,0
DA:145,0
DA:146,0
DA:148,0
DA:150,0
DA:151,0
DA:153,0
BRDA:153,1,0,-
DA:154,0
FNF:4
FNH:0
LF:35
LH:0
BRF:2
BRH:0
end_of_record
TN:
SF:script/deployment/DArrakisTimeLock.s.sol
DA:21,0
FN:21,21,DArrakisTimeLock.setUp
FNDA:0,DArrakisTimeLock.setUp
DA:23,0
FN:23,69,DArrakisTimeLock.run
FNDA:0,DArrakisTimeLock.run
DA:24,0
DA:26,0
DA:28,0
DA:29,0
DA:32,0
DA:34,0
DA:35,0
DA:37,0
DA:39,0
DA:40,0
DA:42,0
DA:43,0
DA:45,0
DA:50,0
DA:54,0
DA:56,0
DA:57,0
DA:59,0
DA:61,0
DA:62,0
DA:64,0
BRDA:64,0,0,-
DA:65,0
DA:68,0
FNF:2
FNH:0
LF:25
LH:0
BRF:1
BRH:0
end_of_record
TN:
SF:script/deployment/DBunkerModule.s.sol
DA:32,0
FN:32,32,DBunkerModule.setUp
FNDA:0,DBunkerModule.setUp
DA:34,0
FN:34,78,DBunkerModule.run
FNDA:0,DBunkerModule.run
DA:35,0
DA:37,0
DA:39,0
DA:40,0
DA:42,0
DA:44,0
DA:48,0
DA:52,0
DA:54,0
DA:55,0
DA:57,0
DA:59,0
DA:60,0
DA:62,0
BRDA:62,0,0,-
DA:63,0
DA:66,0
DA:70,0
DA:74,0
DA:75,0
DA:77,0
FNF:2
FNH:0
LF:22
LH:0
BRF:1
BRH:0
end_of_record
TN:
SF:script/deployment/DCreationCode.s.sol
DA:30,0
FN:30,30,DCreationCode.setUp
FNDA:0,DCreationCode.setUp
DA:32,0
FN:32,101,DCreationCode.run
FNDA:0,DCreationCode.run
DA:33,0
DA:35,0
DA:37,0
DA:38,0
DA:40,0
DA:44,0
DA:48,0
DA:54,0
DA:55,0
DA:57,0
DA:58,0
DA:60,0
DA:62,0
DA:63,0
DA:65,0
BRDA:65,0,0,-
DA:66,0
DA:73,0
DA:77,0
DA:83,0
DA:84,0
DA:86,0
DA:87,0
DA:89,0
DA:91,0
DA:92,0
DA:94,0
BRDA:94,1,0,-
DA:95,0
DA:100,0
FNF:2
FNH:0
LF:30
LH:0
BRF:2
BRH:0
end_of_record
TN:
SF:script/deployment/DFactory.s.sol
DA:31,0
FN:31,31,DFactory.setUp
FNDA:0,DFactory.setUp
DA:33,0
FN:33,76,DFactory.run
FNDA:0,DFactory.run
DA:34,0
DA:36,0
DA:38,0
DA:40,0
DA:41,0
DA:43,0
DA:45,0
DA:57,0
DA:61,0
DA:63,0
DA:64,0
DA:66,0
DA:68,0
DA:69,0
DA:71,0
BRDA:71,0,0,-
DA:72,0
DA:75,0
FNF:2
FNH:0
LF:19
LH:0
BRF:1
BRH:0
end_of_record
TN:
SF:script/deployment/DGuardian.s.sol
DA:17,0
FN:17,17,DGuardian.setUp
FNDA:0,DGuardian.setUp
DA:19,0
FN:19,57,DGuardian.run
FNDA:0,DGuardian.run
DA:20,0
DA:22,0
DA:24,0
DA:26,0
DA:29,0
DA:31,0
DA:32,0
DA:34,0
DA:38,0
DA:42,0
DA:44,0
DA:45,0
DA:47,0
DA:49,0
DA:50,0
DA:52,0
BRDA:52,0,0,-
DA:53,0
DA:56,0
FNF:2
FNH:0
LF:20
LH:0
BRF:1
BRH:0
end_of_record
TN:
SF:script/deployment/DHOTExecutor.sol
DA:21,0
FN:21,21,DHOTExecutor.setUp
FNDA:0,DHOTExecutor.setUp
DA:23,0
FN:23,59,DHOTExecutor.run
FNDA:0,DHOTExecutor.run
DA:24,0
DA:26,0
DA:28,0
DA:30,0
DA:32,0
DA:33,0
DA:35,0
DA:40,0
DA:44,0
DA:46,0
DA:47,0
DA:49,0
DA:51,0
DA:52,0
DA:54,0
BRDA:54,0,0,-
DA:55,0
DA:58,0
FNF:2
FNH:0
LF:19
LH:0
BRF:1
BRH:0
end_of_record
TN:
SF:script/deployment/DModuleRegistries.s.sol
DA:35,0
FN:35,35,DModuleRegistries.setUp
FNDA:0,DModuleRegistries.setUp
DA:37,0
FN:37,109,DModuleRegistries.run
FNDA:0,DModuleRegistries.run
DA:38,0
DA:40,0
DA:42,0
DA:44,0
DA:45,0
DA:47,0
DA:51,0
DA:56,0
DA:62,0
DA:64,0
DA:65,0
DA:67,0
DA:69,0
DA:70,0
DA:72,0
BRDA:72,0,0,-
DA:73,0
DA:80,0
DA:85,0
DA:91,0
DA:92,0
DA:94,0
DA:95,0
DA:97,0
DA:99,0
DA:100,0
DA:102,0
BRDA:102,1,0,-
DA:103,0
DA:108,0
FNF:2
FNH:0
LF:30
LH:0
BRF:2
BRH:0
end_of_record
TN:
SF:script/deployment/DNFTSVG.s.sol
DA:18,0
FN:18,18,DNFTSVG.setUp
FNDA:0,DNFTSVG.setUp
DA:20,0
FN:20,53,DNFTSVG.run
FNDA:0,DNFTSVG.run
DA:21,0
DA:23,0
DA:25,0
DA:26,0
DA:28,0
DA:30,0
DA:34,0
DA:38,0
DA:40,0
DA:41,0
DA:43,0
DA:45,0
DA:46,0
DA:48,0
BRDA:48,0,0,-
DA:49,0
DA:52,0
FNF:2
FNH:0
LF:18
LH:0
BRF:1
BRH:0
end_of_record
TN:
SF:script/deployment/DPauser.s.sol
DA:18,0
FN:18,18,DPauser.setUp
FNDA:0,DPauser.setUp
DA:20,0
FN:20,58,DPauser.run
FNDA:0,DPauser.run
DA:21,0
DA:23,0
DA:25,0
DA:27,0
DA:30,0
DA:32,0
DA:33,0
DA:35,0
DA:39,0
DA:43,0
DA:45,0
DA:46,0
DA:48,0
DA:50,0
DA:51,0
DA:53,0
BRDA:53,0,0,-
DA:54,0
DA:57,0
FNF:2
FNH:0
LF:20
LH:0
BRF:1
BRH:0
end_of_record
TN:
SF:script/deployment/DPrivateRouter.s.sol
DA:25,0
FN:25,25,DPrivateRouter.setUp
FNDA:0,DPrivateRouter.setUp
DA:27,0
FN:27,68,DPrivateRouter.run
FNDA:0,DPrivateRouter.run
DA:28,0
DA:30,0
DA:32,0
DA:34,0
DA:36,0
DA:37,0
DA:39,0
DA:40,0
DA:42,0
DA:44,0
DA:49,0
DA:53,0
DA:55,0
DA:56,0
DA:58,0
DA:60,0
DA:61,0
DA:63,0
BRDA:63,0,0,-
DA:64,0
DA:67,0
FNF:2
FNH:0
LF:22
LH:0
BRF:1
BRH:0
end_of_record
TN:
SF:script/deployment/DPrivateRouterExecutor.s.sol
DA:22,0
FN:22,22,DPrivateRouterExecutor.setUp
FNDA:0,DPrivateRouterExecutor.setUp
DA:24,0
FN:24,58,DPrivateRouterExecutor.run
FNDA:0,DPrivateRouterExecutor.run
DA:25,0
DA:27,0
DA:29,0
DA:30,0
DA:32,0
DA:34,0
DA:39,0
DA:43,0
DA:45,0
DA:46,0
DA:48,0
DA:50,0
DA:51,0
DA:53,0
BRDA:53,0,0,-
DA:54,0
DA:57,0
FNF:2
FNH:0
LF:18
LH:0
BRF:1
BRH:0
end_of_record
TN:
SF:script/deployment/DRouter.s.sol
DA:25,0
FN:25,25,DRouter.setUp
FNDA:0,DRouter.setUp
DA:27,0
FN:27,72,DRouter.run
FNDA:0,DRouter.run
DA:28,0
DA:30,0
DA:32,0
DA:34,0
DA:36,0
DA:37,0
DA:39,0
DA:40,0
DA:42,0
DA:44,0
DA:49,0
DA:53,0
DA:57,0
DA:59,0
DA:60,0
DA:62,0
DA:64,0
DA:65,0
DA:67,0
BRDA:67,0,0,-
DA:68,0
DA:71,0
FNF:2
FNH:0
LF:23
LH:0
BRF:1
BRH:0
end_of_record
TN:
SF:script/deployment/DRouterExecutor.s.sol
DA:22,0
FN:22,22,DRouterExecutor.setUp
FNDA:0,DRouterExecutor.setUp
DA:24,0
FN:24,58,DRouterExecutor.run
FNDA:0,DRouterExecutor.run
DA:25,0
DA:27,0
DA:29,0
DA:30,0
DA:32,0
DA:34,0
DA:39,0
DA:43,0
DA:45,0
DA:46,0
DA:48,0
DA:50,0
DA:51,0
DA:53,0
BRDA:53,0,0,-
DA:54,0
DA:57,0
FNF:2
FNH:0
LF:18
LH:0
BRF:1
BRH:0
end_of_record
TN:
SF:script/deployment/DRouterResolver.s.sol
DA:21,0
FN:21,21,DRouterResolver.setUp
FNDA:0,DRouterResolver.setUp
DA:23,0
FN:23,56,DRouterResolver.run
FNDA:0,DRouterResolver.run
DA:24,0
DA:26,0
DA:28,0
DA:29,0
DA:31,0
DA:33,0
DA:37,0
DA:41,0
DA:43,0
DA:44,0
DA:46,0
DA:48,0
DA:49,0
DA:51,0
BRDA:51,0,0,-
DA:52,0
DA:55,0
FNF:2
FNH:0
LF:18
LH:0
BRF:1
BRH:0
end_of_record
TN:
SF:script/deployment/DUniV4StandardModule.s.sol
DA:39,0
FN:39,39,DUniV4StandardModule.setUp
FNDA:0,DUniV4StandardModule.setUp
DA:41,0
FN:41,86,DUniV4StandardModule.run
FNDA:0,DUniV4StandardModule.run
DA:42,0
DA:44,0
DA:46,0
DA:47,0
DA:49,0
DA:51,0
DA:56,0
DA:60,0
DA:61,0
DA:63,0
DA:64,0
DA:78,0
DA:85,0
FNF:2
FNH:0
LF:15
LH:0
BRF:0
BRH:0
end_of_record
TN:
SF:script/deployment/DValantisModule.s.sol
DA:32,0
FN:32,32,DValantisModule.setUp
FNDA:0,DValantisModule.setUp
DA:34,0
FN:34,78,DValantisModule.run
FNDA:0,DValantisModule.run
DA:35,0
DA:37,0
DA:39,0
DA:40,0
DA:42,0
DA:44,0
DA:48,0
DA:52,0
DA:54,0
DA:55,0
DA:57,0
DA:59,0
DA:60,0
DA:62,0
BRDA:62,0,0,-
DA:63,0
DA:66,0
DA:70,0
DA:74,0
DA:75,0
DA:77,0
FNF:2
FNH:0
LF:22
LH:0
BRF:1
BRH:0
end_of_record
TN:
SF:script/deployment/DValantisPrivateModule.s.sol
DA:32,0
FN:32,32,DValantisPrivateModule.setUp
FNDA:0,DValantisPrivateModule.setUp
DA:34,0
FN:34,78,DValantisPrivateModule.run
FNDA:0,DValantisPrivateModule.run
DA:35,0
DA:37,0
DA:39,0
DA:40,0
DA:42,0
DA:44,0
DA:48,0
DA:52,0
DA:54,0
DA:55,0
DA:57,0
DA:59,0
DA:60,0
DA:62,0
BRDA:62,0,0,-
DA:63,0
DA:66,0
DA:70,0
DA:74,0
DA:75,0
DA:77,0
FNF:2
FNH:0
LF:22
LH:0
BRF:1
BRH:0
end_of_record
TN:
SF:script/deployment/InitManager.s.sol
DA:18,0
FN:18,18,InitManager.setUp
FNDA:0,InitManager.setUp
DA:20,0
FN:20,45,InitManager.run
FNDA:0,InitManager.run
DA:21,0
DA:23,0
DA:25,0
DA:27,0
DA:28,0
DA:30,0
DA:31,0
DA:33,0
DA:40,0
DA:44,0
FNF:2
FNH:0
LF:12
LH:0
BRF:0
BRH:0
end_of_record
TN:
SF:script/deployment/InitRegistries.s.sol
DA:19,0
FN:19,19,InitRegistries.setUp
FNDA:0,InitRegistries.setUp
DA:21,0
FN:21,34,InitRegistries.run
FNDA:0,InitRegistries.run
DA:22,0
DA:24,0
DA:25,0
DA:27,0
DA:28,0
DA:30,0
DA:31,0
DA:33,0
FNF:2
FNH:0
LF:10
LH:0
BRF:0
BRH:0
end_of_record
TN:
SF:script/deployment/InitRouter.s.sol
DA:18,0
FN:18,18,InitRouter.setUp
FNDA:0,InitRouter.setUp
DA:20,0
FN:20,37,InitRouter.run
FNDA:0,InitRouter.run
DA:23,0
DA:25,0
DA:26,0
DA:28,0
DA:33,0
DA:34,0
DA:35,0
DA:36,0
FNF:2
FNH:0
LF:10
LH:0
BRF:0
BRH:0
end_of_record
TN:
SF:script/deployment/constants/ArrakisRoles.sol
DA:5,0
FN:5,44,ArrakisRoles.getAdmin
FNDA:0,ArrakisRoles.getAdmin
DA:6,0
DA:9,0
BRDA:9,0,0,-
BRDA:9,0,1,-
DA:10,0
DA:13,0
BRDA:13,1,0,-
BRDA:13,1,1,-
DA:14,0
DA:17,0
BRDA:17,2,0,-
BRDA:17,2,1,-
DA:18,0
DA:21,0
BRDA:21,3,0,-
BRDA:21,3,1,-
DA:22,0
DA:25,0
BRDA:25,4,0,-
BRDA:25,4,1,-
DA:26,0
DA:29,0
BRDA:29,5,0,-
BRDA:29,5,1,-
DA:30,0
DA:33,0
BRDA:33,6,0,-
BRDA:33,6,1,-
DA:34,0
DA:37,0
BRDA:37,7,0,-
BRDA:37,7,1,-
DA:38,0
DA:41,0
BRDA:41,8,0,-
DA:42,0
DA:46,0
FN:46,85,ArrakisRoles.getOwner
FNDA:0,ArrakisRoles.getOwner
DA:47,0
DA:50,0
BRDA:50,9,0,-
BRDA:50,9,1,-
DA:51,0
DA:54,0
BRDA:54,10,0,-
BRDA:54,10,1,-
DA:55,0
DA:58,0
BRDA:58,11,0,-
BRDA:58,11,1,-
DA:59,0
DA:62,0
BRDA:62,12,0,-
BRDA:62,12,1,-
DA:63,0
DA:66,0
BRDA:66,13,0,-
BRDA:66,13,1,-
DA:67,0
DA:70,0
BRDA:70,14,0,-
BRDA:70,14,1,-
DA:71,0
DA:74,0
BRDA:74,15,0,-
BRDA:74,15,1,-
DA:75,0
DA:78,0
BRDA:78,16,0,-
BRDA:78,16,1,-
DA:79,0
DA:82,0
BRDA:82,17,0,-
DA:83,0
DA:5,0
FN:5,44,ArrakisRoles.getAdmin
FNDA:0,ArrakisRoles.getAdmin
DA:6,0
DA:9,0
BRDA:9,0,0,-
BRDA:9,0,1,-
DA:10,0
DA:13,0
BRDA:13,1,0,-
BRDA:13,1,1,-
DA:14,0
DA:17,0
BRDA:17,2,0,-
BRDA:17,2,1,-
DA:18,0
DA:21,0
BRDA:21,3,0,-
BRDA:21,3,1,-
DA:22,0
DA:25,0
BRDA:25,4,0,-
BRDA:25,4,1,-
DA:26,0
DA:29,0
BRDA:29,5,0,-
BRDA:29,5,1,-
DA:30,0
DA:33,0
BRDA:33,6,0,-
BRDA:33,6,1,-
DA:34,0
DA:37,0
BRDA:37,7,0,-
BRDA:37,7,1,-
DA:38,0
DA:41,0
BRDA:41,8,0,-
DA:42,0
DA:46,0
FN:46,85,ArrakisRoles.getOwner
FNDA:0,ArrakisRoles.getOwner
DA:47,0
DA:50,0
BRDA:50,9,0,-
BRDA:50,9,1,-
DA:51,0
DA:54,0
BRDA:54,10,0,-
BRDA:54,10,1,-
DA:55,0
DA:58,0
BRDA:58,11,0,-
BRDA:58,11,1,-
DA:59,0
DA:62,0
BRDA:62,12,0,-
BRDA:62,12,1,-
DA:63,0
DA:66,0
BRDA:66,13,0,-
BRDA:66,13,1,-
DA:67,0
DA:70,0
BRDA:70,14,0,-
BRDA:70,14,1,-
DA:71,0
DA:74,0
BRDA:74,15,0,-
BRDA:74,15,1,-
DA:75,0
DA:78,0
BRDA:78,16,0,-
BRDA:78,16,1,-
DA:79,0
DA:82,0
BRDA:82,17,0,-
DA:83,0
FNF:4
FNH:0
LF:80
LH:0
BRF:68
BRH:0
end_of_record
TN:
SF:script/deployment/constants/WethFactory.sol
DA:5,0
FN:5,44,WethFactory.getWeth
FNDA:0,WethFactory.getWeth
DA:6,0
DA:9,0
BRDA:9,0,0,-
BRDA:9,0,1,-
DA:10,0
DA:13,0
BRDA:13,1,0,-
BRDA:13,1,1,-
DA:14,0
DA:17,0
BRDA:17,2,0,-
BRDA:17,2,1,-
DA:18,0
DA:21,0
BRDA:21,3,0,-
BRDA:21,3,1,-
DA:22,0
DA:25,0
BRDA:25,4,0,-
BRDA:25,4,1,-
DA:26,0
DA:29,0
BRDA:29,5,0,-
BRDA:29,5,1,-
DA:30,0
DA:33,0
BRDA:33,6,0,-
BRDA:33,6,1,-
DA:34,0
DA:37,0
BRDA:37,7,0,-
BRDA:37,7,1,-
DA:38,0
DA:41,0
BRDA:41,8,0,-
DA:42,0
FNF:1
FNH:0
LF:20
LH:0
BRF:17
BRH:0
end_of_record
TN:
SF:script/deposit.s.sol
DA:28,0
FN:28,28,Mint.setUp
FNDA:0,Mint.setUp
DA:30,0
FN:30,71,Mint.run
FNDA:0,Mint.run
DA:31,0
DA:33,0
DA:35,0
DA:37,0
DA:39,0
DA:40,0
DA:44,0
DA:45,0
DA:48,0
DA:49,0
DA:51,0
DA:63,0
DA:64,0
DA:66,0
DA:67,0
DA:68,0
DA:70,0
FNF:2
FNH:0
LF:19
LH:0
BRF:0
BRH:0
end_of_record
TN:
SF:script/executeWhitelistModule.s.sol
DA:21,0
FN:21,21,ExecuteWhitelistModule.setUp
FNDA:0,ExecuteWhitelistModule.setUp
DA:23,0
FN:23,53,ExecuteWhitelistModule.run
FNDA:0,ExecuteWhitelistModule.run
DA:24,0
DA:26,0
DA:28,0
DA:30,0
DA:32,0
DA:33,0
DA:35,0
DA:36,0
DA:38,0
DA:44,0
DA:48,0
DA:50,0
FNF:2
FNH:0
LF:14
LH:0
BRF:0
BRH:0
end_of_record
TN:
SF:script/grantRoleTimelock.s.sol
DA:14,0
FN:14,14,GrantRoleTimelock.setUp
FNDA:0,GrantRoleTimelock.setUp
DA:16,0
FN:16,30,GrantRoleTimelock.run
FNDA:0,GrantRoleTimelock.run
DA:17,0
DA:19,0
DA:21,0
DA:23,0
DA:25,0
DA:27,0
DA:29,0
FNF:2
FNH:0
LF:9
LH:0
BRF:0
BRH:0
end_of_record
TN:
SF:script/hotPayloadGeneration.s.sol
DA:10,0
FN:10,10,HOTPayloadGeneration.setup
FNDA:0,HOTPayloadGeneration.setup
DA:12,0
FN:12,25,HOTPayloadGeneration.run
FNDA:0,HOTPayloadGeneration.run
DA:13,0
DA:15,0
DA:17,0
DA:18,0
DA:20,0
DA:21,0
DA:23,0
DA:24,0
FNF:2
FNH:0
LF:10
LH:0
BRF:0
BRH:0
end_of_record
TN:
SF:script/hotSetDeviationBound.s.sol
DA:14,0
FN:14,14,HOTSetDeviationBound.setup
FNDA:0,HOTSetDeviationBound.setup
DA:16,0
FN:16,25,HOTSetDeviationBound.run
FNDA:0,HOTSetDeviationBound.run
DA:17,0
DA:23,0
DA:24,0
FNF:2
FNH:0
LF:5
LH:0
BRF:0
BRH:0
end_of_record
TN:
SF:script/mint.s.sol
DA:28,0
FN:28,28,Mint.setUp
FNDA:0,Mint.setUp
DA:30,0
FN:30,70,Mint.run
FNDA:0,Mint.run
DA:31,0
DA:33,0
DA:35,0
DA:37,0
DA:39,0
DA:40,0
DA:44,0
DA:45,0
DA:47,0
DA:48,0
DA:50,0
DA:62,0
DA:63,0
DA:65,0
DA:66,0
DA:67,0
DA:69,0
FNF:2
FNH:0
LF:19
LH:0
BRF:0
BRH:0
end_of_record
TN:
SF:script/rebalancePriceBound.s.sol
DA:22,0
FN:22,22,RebalancePriceBound.setUp
FNDA:0,RebalancePriceBound.setUp
DA:24,0
FN:24,50,RebalancePriceBound.run
FNDA:0,RebalancePriceBound.run
DA:25,0
DA:27,0
DA:29,0
DA:31,0
DA:33,0
DA:41,0
DA:42,0
DA:44,0
DA:46,0
DA:47,0
DA:49,0
FNF:2
FNH:0
LF:13
LH:0
BRF:0
BRH:0
end_of_record
TN:
SF:script/rebalanceSwap.s.sol
DA:24,0
FN:24,24,SwapOnPool.setUp
FNDA:0,SwapOnPool.setUp
DA:26,0
FN:26,73,SwapOnPool.run
FNDA:0,SwapOnPool.run
DA:27,0
DA:29,0
DA:31,0
DA:33,0
DA:35,0
DA:36,0
DA:38,0
BRDA:38,0,0,-
BRDA:38,0,1,-
DA:39,0
BRDA:39,1,0,-
DA:40,0
DA:41,0
DA:43,0
BRDA:43,2,0,-
DA:44,0
DA:45,0
DA:48,0
DA:52,0
DA:63,0
DA:65,0
DA:67,0
DA:69,0
DA:70,0
DA:72,0
FNF:2
FNH:0
LF:23
LH:0
BRF:4
BRH:0
end_of_record
TN:
SF:script/revokeRoleTimelock.s.sol
DA:14,0
FN:14,14,RevokeRoleTimelock.setUp
FNDA:0,RevokeRoleTimelock.setUp
DA:16,0
FN:16,30,RevokeRoleTimelock.run
FNDA:0,RevokeRoleTimelock.run
DA:17,0
DA:19,0
DA:21,0
DA:23,0
DA:25,0
DA:27,0
DA:29,0
FNF:2
FNH:0
LF:9
LH:0
BRF:0
BRH:0
end_of_record
TN:
SF:script/routerSwapResolver.s.sol
DA:15,0
FN:15,15,RouterSwapResolverDeployment.setUp
FNDA:0,RouterSwapResolverDeployment.setUp
DA:17,0
FN:17,35,RouterSwapResolverDeployment.run
FNDA:0,RouterSwapResolverDeployment.run
DA:18,0
DA:20,0
DA:22,0
DA:24,0
DA:26,0
DA:29,0
DA:30,0
DA:32,0
FNF:2
FNH:0
LF:10
LH:0
BRF:0
BRH:0
end_of_record
TN:
SF:script/scheduleWhitelistModule.s.sol
DA:21,0
FN:21,21,ScheduleWhitelistModule.setUp
FNDA:0,ScheduleWhitelistModule.setUp
DA:23,0
FN:23,53,ScheduleWhitelistModule.run
FNDA:0,ScheduleWhitelistModule.run
DA:24,0
DA:26,0
DA:28,0
DA:30,0
DA:32,0
DA:33,0
DA:35,0
DA:36,0
DA:38,0
DA:44,0
DA:48,0
DA:50,0
FNF:2
FNH:0
LF:14
LH:0
BRF:0
BRH:0
end_of_record
TN:
SF:script/setTokenMaxVolume.s.sol
DA:10,0
FN:10,10,SetTokenMaxVolume.setUp
FNDA:0,SetTokenMaxVolume.setUp
DA:12,0
FN:12,20,SetTokenMaxVolume.run
FNDA:0,SetTokenMaxVolume.run
DA:13,0
DA:19,0
FNF:2
FNH:0
LF:4
LH:0
BRF:0
BRH:0
end_of_record
TN:
SF:script/sotOracle.s.sol
DA:24,0
FN:24,24,HOTOracle.setUp
FNDA:0,HOTOracle.setUp
DA:26,0
FN:26,50,HOTOracle.run
FNDA:0,HOTOracle.run
DA:27,0
DA:29,0
DA:31,0
DA:33,0
DA:35,0
DA:36,0
DA:38,0
DA:39,0
DA:41,0
DA:44,0
DA:45,0
DA:47,0
FNF:2
FNH:0
LF:14
LH:0
BRF:0
BRH:0
end_of_record
TN:
SF:script/swapOnPool.s.sol
DA:38,0
FN:38,38,SwapOnPool.setUp
FNDA:0,SwapOnPool.setUp
DA:40,0
FN:40,70,SwapOnPool.run
FNDA:0,SwapOnPool.run
DA:41,0
DA:43,0
DA:45,0
DA:47,0
DA:49,0
DA:51,0
DA:52,0
DA:64,0
DA:66,0
DA:67,0
DA:69,0
FNF:2
FNH:0
LF:13
LH:0
BRF:0
BRH:0
end_of_record
TN:
SF:script/uniswapVaultOnePrivate.s.sol
DA:55,0
FN:55,55,UniswapVaultOnePrivate.setUp
FNDA:0,UniswapVaultOnePrivate.setUp
DA:57,0
FN:57,108,UniswapVaultOnePrivate.run
FNDA:0,UniswapVaultOnePrivate.run
DA:58,0
DA:60,0
DA:62,0
DA:63,0
DA:65,0
DA:67,0
DA:75,0
DA:84,0
DA:93,0
DA:104,0
DA:105,0
DA:107,0
FNF:2
FNH:0
LF:14
LH:0
BRF:0
BRH:0
end_of_record
TN:
SF:script/valantisExecutor.s.sol
DA:18,0
FN:18,18,ValantisExecutor.setUp
FNDA:0,ValantisExecutor.setUp
DA:20,0
FN:20,36,ValantisExecutor.run
FNDA:0,ValantisExecutor.run
DA:21,0
DA:23,0
DA:25,0
DA:27,0
DA:30,0
DA:33,0
DA:35,0
FNF:2
FNH:0
LF:9
LH:0
BRF:0
BRH:0
end_of_record
TN:
SF:script/valantisVaultFive.s.sol
DA:26,0
FN:26,26,ValantisVaultFive.setUp
FNDA:0,ValantisVaultFive.setUp
DA:28,0
FN:28,71,ValantisVaultFive.run
FNDA:0,ValantisVaultFive.run
DA:29,0
DA:30,0
DA:32,0
DA:34,0
DA:36,0
DA:44,0
DA:46,0
DA:56,0
DA:60,0
DA:61,0
DA:63,0
DA:67,0
DA:68,0
DA:70,0
FNF:2
FNH:0
LF:16
LH:0
BRF:0
BRH:0
end_of_record
TN:
SF:script/valantisVaultFour.s.sol
DA:26,0
FN:26,26,ValantisVaultFour.setUp
FNDA:0,ValantisVaultFour.setUp
DA:28,0
FN:28,71,ValantisVaultFour.run
FNDA:0,ValantisVaultFour.run
DA:29,0
DA:31,0
DA:33,0
DA:35,0
DA:37,0
DA:45,0
DA:47,0
DA:57,0
DA:61,0
DA:65,0
DA:68,0
DA:70,0
FNF:2
FNH:0
LF:14
LH:0
BRF:0
BRH:0
end_of_record
TN:
SF:script/valantisVaultOne.s.sol
DA:57,0
FN:57,57,ValantisVaultOne.setUp
FNDA:0,ValantisVaultOne.setUp
DA:59,0
FN:59,100,ValantisVaultOne.run
FNDA:0,ValantisVaultOne.run
DA:60,0
DA:62,0
DA:64,0
DA:65,0
DA:67,0
DA:69,0
DA:76,0
DA:85,0
DA:96,0
DA:97,0
DA:99,0
FNF:2
FNH:0
LF:13
LH:0
BRF:0
BRH:0
end_of_record
TN:
SF:script/valantisVaultOnePrivate.s.sol
DA:41,0
FN:41,41,ValantisVaultOnePrivate.setUp
FNDA:0,ValantisVaultOnePrivate.setUp
DA:43,0
FN:43,84,ValantisVaultOnePrivate.run
FNDA:0,ValantisVaultOnePrivate.run
DA:44,0
DA:46,0
DA:48,0
DA:49,0
DA:51,0
DA:53,0
DA:60,0
DA:69,0
DA:80,0
DA:81,0
DA:83,0
FNF:2
FNH:0
LF:13
LH:0
BRF:0
BRH:0
end_of_record
TN:
SF:script/valantisVaultSetupPrivate.s.sol
DA:26,0
FN:26,26,ValantisVaultSetupPrivate.setUp
FNDA:0,ValantisVaultSetupPrivate.setUp
DA:28,0
FN:28,71,ValantisVaultSetupPrivate.run
FNDA:0,ValantisVaultSetupPrivate.run
DA:29,0
DA:31,0
DA:33,0
DA:35,0
DA:37,0
DA:43,0
DA:51,0
DA:53,0
DA:65,0
DA:67,0
DA:68,0
DA:70,0
FNF:2
FNH:0
LF:14
LH:0
BRF:0
BRH:0
end_of_record
TN:
SF:script/valantisVaultSeven.s.sol
DA:24,0
FN:24,24,ValantisVaultSeven.setUp
FNDA:0,ValantisVaultSeven.setUp
DA:26,0
FN:26,67,ValantisVaultSeven.run
FNDA:0,ValantisVaultSeven.run
DA:27,0
DA:29,0
DA:31,0
DA:33,0
DA:35,0
DA:43,0
DA:45,0
DA:55,0
DA:59,0
DA:63,0
DA:64,0
DA:66,0
FNF:2
FNH:0
LF:14
LH:0
BRF:0
BRH:0
end_of_record
TN:
SF:script/valantisVaultSix.s.sol
DA:24,0
FN:24,24,ValantisVaultSix.setUp
FNDA:0,ValantisVaultSix.setUp
DA:26,0
FN:26,69,ValantisVaultSix.run
FNDA:0,ValantisVaultSix.run
DA:27,0
DA:29,0
DA:31,0
DA:33,0
DA:35,0
DA:43,0
DA:45,0
DA:55,0
DA:59,0
DA:63,0
DA:66,0
DA:68,0
FNF:2
FNH:0
LF:14
LH:0
BRF:0
BRH:0
end_of_record
TN:
SF:script/valantisVaultThree.s.sol
DA:35,0
FN:35,35,ValantisVaultThree.setUp
FNDA:0,ValantisVaultThree.setUp
DA:37,0
FN:37,74,ValantisVaultThree.run
FNDA:0,ValantisVaultThree.run
DA:38,0
DA:40,0
DA:42,0
DA:44,0
DA:46,0
DA:48,0
DA:54,0
DA:70,0
DA:71,0
DA:73,0
FNF:2
FNH:0
LF:12
LH:0
BRF:0
BRH:0
end_of_record
TN:
SF:script/valantisVaultTwo.s.sol
DA:35,0
FN:35,35,ValantisVaultTwo.setUp
FNDA:0,ValantisVaultTwo.setUp
DA:37,0
FN:37,74,ValantisVaultTwo.run
FNDA:0,ValantisVaultTwo.run
DA:38,0
DA:40,0
DA:42,0
DA:44,0
DA:46,0
DA:48,0
DA:54,0
DA:70,0
DA:71,0
DA:73,0
FNF:2
FNH:0
LF:12
LH:0
BRF:0
BRH:0
end_of_record
TN:
SF:src/ArrakisMetaVaultFactory.sol
DA:52,60
FN:52,75,ArrakisMetaVaultFactory.
FNDA:60,ArrakisMetaVaultFactory.
DA:61,60
DA:62,58
DA:63,57
DA:64,56
DA:65,56
DA:66,4
BRDA:66,0,0,4
DA:68,56
DA:69,56
DA:70,56
DA:71,56
DA:72,56
DA:73,56
DA:74,56
DA:81,6
FN:81,83,ArrakisMetaVaultFactory.pause
FNDA:6,ArrakisMetaVaultFactory.pause
DA:82,5
DA:87,3
FN:87,89,ArrakisMetaVaultFactory.unpause
FNDA:3,ArrakisMetaVaultFactory.unpause
DA:88,2
DA:98,4
FN:98,107,ArrakisMetaVaultFactory.setManager
FNDA:4,ArrakisMetaVaultFactory.setManager
DA:99,3
DA:101,3
BRDA:101,1,0,1
DA:102,2
BRDA:102,2,0,1
DA:104,1
DA:106,1
DA:121,25
FN:121,202,ArrakisMetaVaultFactory.deployPublicVault
FNDA:25,ArrakisMetaVaultFactory.deployPublicVault
DA:132,25
BRDA:132,3,0,1
DA:138,24
DA:141,24
DA:142,24
DA:144,24
DA:145,24
DA:148,24
DA:157,24
DA:165,24
DA:168,24
DA:171,24
DA:174,24
DA:177,24
DA:182,24
DA:188,24
DA:190,24
DA:192,22
DA:214,7
FN:214,271,ArrakisMetaVaultFactory.deployPrivateVault
FNDA:7,ArrakisMetaVaultFactory.deployPrivateVault
DA:225,7
DA:231,7
DA:244,7
DA:245,7
DA:246,7
DA:250,7
DA:253,7
DA:258,7
DA:262,7
DA:266,7
DA:268,7
DA:275,30
FN:275,293,ArrakisMetaVaultFactory.whitelistDeployer
FNDA:30,ArrakisMetaVaultFactory.whitelistDeployer
DA:279,29
DA:281,29
DA:282,33
DA:284,33
BRDA:284,4,0,1
DA:285,32
BRDA:285,5,0,1
DA:286,1
DA:289,31
DA:292,27
DA:297,3
FN:297,314,ArrakisMetaVaultFactory.blacklistDeployer
FNDA:3,ArrakisMetaVaultFactory.blacklistDeployer
DA:301,2
DA:303,2
DA:304,4
DA:306,4
BRDA:306,6,0,1
DA:307,1
DA:310,3
DA:313,1
DA:322,25
FN:322,329,ArrakisMetaVaultFactory.getTokenName
FNDA:25,ArrakisMetaVaultFactory.getTokenName
DA:326,25
DA:327,22
DA:328,22
DA:335,3
FN:335,354,ArrakisMetaVaultFactory.publicVaults
FNDA:3,ArrakisMetaVaultFactory.publicVaults
DA:339,3
BRDA:339,7,0,1
DA:340,1
DA:343,2
DA:344,2
BRDA:344,8,0,1
DA:345,1
DA:348,1
DA:349,1
DA:350,2
DA:353,1
DA:358,3
FN:358,364,ArrakisMetaVaultFactory.numOfPublicVaults
FNDA:3,ArrakisMetaVaultFactory.numOfPublicVaults
DA:363,5
DA:369,34
FN:369,375,ArrakisMetaVaultFactory.isPublicVault
FNDA:34,ArrakisMetaVaultFactory.isPublicVault
DA:374,34
DA:381,3
FN:381,400,ArrakisMetaVaultFactory.privateVaults
FNDA:3,ArrakisMetaVaultFactory.privateVaults
DA:385,3
BRDA:385,9,0,1
DA:386,1
DA:389,2
DA:390,2
BRDA:390,10,0,1
DA:391,1
DA:394,1
DA:395,1
DA:396,2
DA:399,1
DA:404,3
FN:404,410,ArrakisMetaVaultFactory.numOfPrivateVaults
FNDA:3,ArrakisMetaVaultFactory.numOfPrivateVaults
DA:409,5
DA:415,2
FN:415,421,ArrakisMetaVaultFactory.isPrivateVault
FNDA:2,ArrakisMetaVaultFactory.isPrivateVault
DA:420,2
DA:424,3
FN:424,426,ArrakisMetaVaultFactory.deployers
FNDA:3,ArrakisMetaVaultFactory.deployers
DA:425,3
DA:432,31
FN:432,457,ArrakisMetaVaultFactory._initManagement
FNDA:31,ArrakisMetaVaultFactory._initManagement
DA:439,31
DA:440,31
DA:444,31
DA:450,31
DA:452,31
BRDA:452,11,0,1
DA:454,30
BRDA:454,12,0,1
DA:455,1
DA:459,24
FN:459,482,ArrakisMetaVaultFactory._getPublicVaultConstructorPayload
FNDA:24,ArrakisMetaVaultFactory._getPublicVaultConstructorPayload
DA:464,24
DA:465,24
DA:467,24
DA:469,21
DA:470,21
DA:471,0
DA:473,24
DA:484,22
FN:484,491,ArrakisMetaVaultFactory._append
FNDA:22,ArrakisMetaVaultFactory._append
DA:490,22
FNF:19
FNH:19
LF:123
LH:122
BRF:13
BRH:13
end_of_record
TN:
SF:src/ArrakisMetaVaultPrivate.sol
DA:37,25
FN:37,46,ArrakisMetaVaultPrivate.
FNDA:25,ArrakisMetaVaultPrivate.
DA:44,25
BRDA:44,0,0,1
DA:45,24
DA:52,6
FN:52,60,ArrakisMetaVaultPrivate.deposit
FNDA:6,ArrakisMetaVaultPrivate.deposit
DA:56,6
BRDA:56,1,0,1
DA:57,5
DA:59,5
DA:68,2
FN:68,79,ArrakisMetaVaultPrivate.withdraw
FNDA:2,ArrakisMetaVaultPrivate.withdraw
DA:76,1
DA:78,1
DA:83,11
FN:83,102,ArrakisMetaVaultPrivate.whitelistDepositors
FNDA:11,ArrakisMetaVaultPrivate.whitelistDepositors
DA:87,10
DA:88,10
DA:89,10
DA:91,10
BRDA:91,2,0,1
DA:92,1
DA:94,9
BRDA:94,3,0,1
DA:95,1
DA:98,8
DA:101,8
DA:106,3
FN:106,122,ArrakisMetaVaultPrivate.blacklistDepositors
FNDA:3,ArrakisMetaVaultPrivate.blacklistDepositors
DA:110,2
DA:111,2
DA:112,2
DA:114,2
BRDA:114,4,0,1
DA:115,1
DA:118,1
DA:121,1
DA:127,1
FN:127,129,ArrakisMetaVaultPrivate.owner
FNDA:1,ArrakisMetaVaultPrivate.owner
DA:128,1
DA:133,17
FN:133,135,ArrakisMetaVaultPrivate.depositors
FNDA:17,ArrakisMetaVaultPrivate.depositors
DA:134,17
DA:141,5
FN:141,157,ArrakisMetaVaultPrivate._deposit
FNDA:5,ArrakisMetaVaultPrivate._deposit
DA:147,5
DA:154,5
DA:159,16
FN:159,166,ArrakisMetaVaultPrivate._onlyOwnerCheck
FNDA:16,ArrakisMetaVaultPrivate._onlyOwnerCheck
DA:161,16
DA:162,16
DA:163,3
BRDA:163,5,0,3
DA:164,3
FNF:9
FNH:9
LF:40
LH:40
BRF:6
BRH:6
end_of_record
TN:
SF:src/ArrakisMetaVaultPublic.sol
DA:31,76
FN:31,44,ArrakisMetaVaultPublic.
FNDA:76,ArrakisMetaVaultPublic.
DA:40,70
BRDA:40,0,0,1
DA:41,69
DA:42,69
DA:43,69
DA:51,23
FN:51,74,ArrakisMetaVaultPublic.mint
FNDA:23,ArrakisMetaVaultPublic.mint
DA:55,23
BRDA:55,1,0,1
DA:56,22
DA:58,22
DA:62,22
BRDA:62,2,0,1
DA:64,21
BRDA:64,3,0,19
DA:65,19
DA:66,19
DA:69,21
DA:71,21
DA:73,21
DA:81,7
FN:81,97,ArrakisMetaVaultPublic.burn
FNDA:7,ArrakisMetaVaultPublic.burn
DA:85,7
BRDA:85,4,0,1
DA:86,6
DA:88,6
DA:90,6
BRDA:90,5,0,1
DA:92,5
DA:94,3
DA:96,3
DA:102,1
FN:102,104,ArrakisMetaVaultPublic.transferOwnership
FNDA:1,ArrakisMetaVaultPublic.transferOwnership
DA:103,1
DA:107,1
FN:107,109,ArrakisMetaVaultPublic.renounceOwnership
FNDA:1,ArrakisMetaVaultPublic.renounceOwnership
DA:108,1
DA:112,1
FN:112,118,ArrakisMetaVaultPublic.completeOwnershipHandover
FNDA:1,ArrakisMetaVaultPublic.completeOwnershipHandover
DA:117,1
DA:124,2
FN:124,126,ArrakisMetaVaultPublic.name
FNDA:2,ArrakisMetaVaultPublic.name
DA:125,2
DA:130,2
FN:130,132,ArrakisMetaVaultPublic.symbol
FNDA:2,ArrakisMetaVaultPublic.symbol
DA:131,2
DA:136,21
FN:136,153,ArrakisMetaVaultPublic._deposit
FNDA:21,ArrakisMetaVaultPublic._deposit
DA:143,21
DA:149,21
DA:152,21
DA:155,32
FN:155,157,ArrakisMetaVaultPublic._onlyOwnerCheck
FNDA:32,ArrakisMetaVaultPublic._onlyOwnerCheck
DA:156,32
BRDA:156,6,0,2
FNF:10
FNH:10
LF:40
LH:40
BRF:7
BRH:7
end_of_record
TN:
SF:src/ArrakisPrivateVaultRouter.sol
DA:63,15
FN:63,68,ArrakisPrivateVaultRouter.onlyPrivateVault
FNDA:15,ArrakisPrivateVaultRouter.onlyPrivateVault
DA:64,15
BRDA:64,0,0,1
DA:65,1
DA:70,14
FN:70,92,ArrakisPrivateVaultRouter.onlyDepositor
FNDA:14,ArrakisPrivateVaultRouter.onlyDepositor
DA:71,14
DA:72,14
DA:74,14
DA:75,14
DA:76,14
DA:77,14
DA:78,25
BRDA:78,1,0,13
DA:79,13
DA:80,13
DA:83,12
BRDA:83,2,0,12
DA:84,12
DA:85,12
DA:89,14
BRDA:89,3,0,1
DA:90,13
BRDA:90,4,0,1
DA:96,115
FN:96,114,ArrakisPrivateVaultRouter.
FNDA:115,ArrakisPrivateVaultRouter.
DA:104,115
DA:105,113
DA:106,111
DA:107,5
BRDA:107,5,0,5
DA:109,110
DA:110,110
DA:111,110
DA:112,110
DA:113,110
DA:120,6
FN:120,122,ArrakisPrivateVaultRouter.pause
FNDA:6,ArrakisPrivateVaultRouter.pause
DA:121,4
DA:126,3
FN:126,128,ArrakisPrivateVaultRouter.unpause
FNDA:3,ArrakisPrivateVaultRouter.unpause
DA:127,1
DA:130,110
FN:130,137,ArrakisPrivateVaultRouter.updateSwapExecutor
FNDA:110,ArrakisPrivateVaultRouter.updateSwapExecutor
DA:135,110
BRDA:135,6,0,1
DA:136,109
DA:143,11
FN:143,200,ArrakisPrivateVaultRouter.addLiquidity
FNDA:11,ArrakisPrivateVaultRouter.addLiquidity
DA:153,8
BRDA:153,7,0,1
DA:154,1
DA:157,7
DA:158,7
DA:164,7
BRDA:164,8,0,1
DA:165,1
DA:170,7
BRDA:170,9,0,2
DA:171,2
DA:176,7
DA:184,3
BRDA:184,10,0,2
DA:185,2
DA:186,0
BRDA:186,11,0,-
BRDA:185,11,1,2
DA:187,0
DA:191,2
DA:192,0
BRDA:192,12,0,-
DA:193,0
DA:206,13
FN:206,262,ArrakisPrivateVaultRouter.swapAndAddLiquidity
FNDA:13,ArrakisPrivateVaultRouter.swapAndAddLiquidity
DA:218,10
DA:219,6
DA:220,1
BRDA:220,13,0,1
DA:221,1
DA:224,9
DA:225,9
DA:226,9
DA:227,9
DA:232,9
DA:233,2
DA:234,1
BRDA:234,14,0,1
DA:235,1
DA:239,8
DA:240,2
DA:241,1
BRDA:241,15,0,1
DA:242,1
DA:247,7
BRDA:247,16,0,2
DA:248,2
DA:252,7
BRDA:252,17,0,3
DA:253,3
DA:260,7
DA:266,8
FN:266,321,ArrakisPrivateVaultRouter.addLiquidityPermit2
FNDA:8,ArrakisPrivateVaultRouter.addLiquidityPermit2
DA:278,5
DA:279,3
DA:280,1
BRDA:280,18,0,1
DA:281,1
DA:284,4
DA:285,4
DA:286,4
DA:287,4
DA:291,4
DA:299,3
DA:307,3
BRDA:307,19,0,-
DA:308,0
DA:309,0
BRDA:309,20,0,-
BRDA:308,20,1,-
DA:310,0
DA:314,0
DA:315,0
BRDA:315,21,0,-
DA:316,0
DA:327,7
FN:327,358,ArrakisPrivateVaultRouter.swapAndAddLiquidityPermit2
FNDA:7,ArrakisPrivateVaultRouter.swapAndAddLiquidityPermit2
DA:339,4
DA:340,3
DA:341,1
BRDA:341,22,0,1
DA:342,1
DA:345,3
DA:348,3
DA:352,3
DA:354,2
DA:362,15
FN:362,430,ArrakisPrivateVaultRouter.wrapAndAddLiquidity
FNDA:15,ArrakisPrivateVaultRouter.wrapAndAddLiquidity
DA:370,12
BRDA:370,23,0,1
DA:371,1
DA:376,11
DA:381,11
BRDA:381,24,0,1
DA:382,1
DA:385,10
DA:386,10
DA:388,10
BRDA:388,25,0,2
DA:389,2
DA:391,8
BRDA:391,26,0,2
DA:392,2
DA:399,6
BRDA:399,27,0,1
DA:400,1
DA:405,6
BRDA:405,28,0,1
DA:406,1
DA:411,6
DA:419,6
BRDA:419,29,0,1
BRDA:419,29,1,1
DA:420,1
DA:421,1
DA:423,5
DA:424,1
BRDA:424,30,0,1
DA:425,1
DA:426,1
DA:436,15
FN:436,501,ArrakisPrivateVaultRouter.wrapAndSwapAndAddLiquidity
FNDA:15,ArrakisPrivateVaultRouter.wrapAndSwapAndAddLiquidity
DA:445,12
BRDA:445,31,0,1
DA:446,1
DA:451,11
DA:457,11
DA:458,3
DA:459,1
BRDA:459,32,0,1
DA:460,1
DA:463,10
DA:464,10
DA:465,10
DA:466,10
DA:470,10
BRDA:470,33,0,2
DA:471,2
DA:473,8
BRDA:473,34,0,1
DA:474,1
DA:479,7
BRDA:479,35,0,4
BRDA:479,35,1,3
DA:480,4
BRDA:480,36,0,3
DA:481,3
DA:485,3
BRDA:485,37,0,-
DA:486,0
DA:488,7
BRDA:488,38,0,3
BRDA:488,38,1,4
DA:489,3
BRDA:489,39,0,3
DA:490,3
DA:494,4
BRDA:494,40,0,-
DA:495,0
DA:499,7
DA:505,12
FN:505,579,ArrakisPrivateVaultRouter.wrapAndAddLiquidityPermit2
FNDA:12,ArrakisPrivateVaultRouter.wrapAndAddLiquidityPermit2
DA:515,9
BRDA:515,41,0,-
DA:516,0
DA:521,9
DA:526,9
DA:527,4
DA:528,1
BRDA:528,42,0,1
DA:529,1
DA:532,8
DA:533,8
DA:534,8
DA:535,8
DA:537,8
BRDA:537,43,0,2
DA:538,2
DA:540,6
BRDA:540,44,0,1
DA:541,1
DA:546,5
DA:554,3
DA:563,3
DA:564,1
DA:565,1
BRDA:565,45,0,1
BRDA:562,45,1,1
DA:566,1
DA:567,1
DA:571,2
DA:572,2
DA:573,1
BRDA:573,46,0,1
DA:574,1
DA:575,1
DA:585,15
FN:585,644,ArrakisPrivateVaultRouter.wrapAndSwapAndAddLiquidityPermit2
FNDA:15,ArrakisPrivateVaultRouter.wrapAndSwapAndAddLiquidityPermit2
DA:596,12
BRDA:596,47,0,1
DA:597,1
DA:602,11
DA:606,11
DA:607,4
DA:608,1
BRDA:608,48,0,1
DA:609,1
DA:612,10
DA:615,10
DA:619,10
BRDA:619,49,0,2
DA:620,2
DA:622,8
BRDA:622,50,0,1
DA:623,1
DA:627,7
DA:628,2
DA:629,0
BRDA:629,51,0,-
DA:630,0
DA:633,7
DA:634,5
DA:635,0
BRDA:635,52,0,-
DA:636,0
DA:639,7
DA:641,5
DA:646,0
FN:646,646,ArrakisPrivateVaultRouter.
FNDA:0,ArrakisPrivateVaultRouter.
DA:650,40
FN:650,710,ArrakisPrivateVaultRouter._addLiquidity
FNDA:40,ArrakisPrivateVaultRouter._addLiquidity
DA:657,40
DA:659,40
DA:660,40
DA:661,40
DA:662,40
BRDA:662,53,0,36
BRDA:662,53,1,36
DA:663,36
DA:664,36
DA:666,4
DA:667,4
DA:669,40
BRDA:669,54,0,36
BRDA:669,54,1,36
DA:670,36
DA:671,36
DA:673,4
DA:674,4
DA:677,40
DA:684,40
DA:693,2
BRDA:693,55,0,2
DA:694,2
DA:697,38
DA:706,2
BRDA:706,56,0,2
DA:707,2
DA:712,21
FN:712,760,ArrakisPrivateVaultRouter._swapAndAddLiquidity
FNDA:21,ArrakisPrivateVaultRouter._swapAndAddLiquidity
DA:717,21
DA:718,9
BRDA:718,57,0,9
BRDA:718,57,1,1
DA:719,9
BRDA:719,58,0,8
BRDA:719,58,1,1
DA:720,8
DA:724,1
DA:727,12
BRDA:727,59,0,11
BRDA:727,59,1,1
DA:728,11
DA:732,1
DA:736,21
DA:739,21
DA:746,21
DA:749,21
DA:753,21
DA:762,5
FN:762,786,ArrakisPrivateVaultRouter._permit2AddLengthOne
FNDA:5,ArrakisPrivateVaultRouter._permit2AddLengthOne
DA:769,5
DA:770,5
BRDA:770,60,0,1
DA:771,1
DA:774,4
BRDA:774,61,0,1
DA:775,1
DA:778,3
DA:788,4
FN:788,808,ArrakisPrivateVaultRouter._permit2AddLengthOneOrTwo
FNDA:4,ArrakisPrivateVaultRouter._permit2AddLengthOneOrTwo
DA:795,4
DA:796,4
BRDA:796,62,0,1
DA:797,1
DA:800,3
DA:810,6
FN:810,842,ArrakisPrivateVaultRouter._permit2Add
FNDA:6,ArrakisPrivateVaultRouter._permit2Add
DA:818,6
DA:819,6
DA:821,6
DA:822,7
DA:825,7
BRDA:825,63,0,4
DA:826,4
DA:831,7
BRDA:831,64,0,3
DA:832,3
DA:839,6
DA:844,7
FN:844,859,ArrakisPrivateVaultRouter._permit2SwapAndAddLengthOne
FNDA:7,ArrakisPrivateVaultRouter._permit2SwapAndAddLengthOne
DA:849,7
DA:850,7
BRDA:850,65,0,1
DA:851,1
DA:854,6
BRDA:854,66,0,1
DA:855,1
DA:858,5
DA:861,3
FN:861,872,ArrakisPrivateVaultRouter._permit2SwapAndAddLengthOneOrTwo
FNDA:3,ArrakisPrivateVaultRouter._permit2SwapAndAddLengthOneOrTwo
DA:866,3
DA:867,3
BRDA:867,67,0,1
DA:868,1
DA:871,2
DA:874,7
FN:874,910,ArrakisPrivateVaultRouter._permit2SwapAndAdd
FNDA:7,ArrakisPrivateVaultRouter._permit2SwapAndAdd
DA:880,7
DA:881,7
DA:883,7
DA:884,7
DA:887,7
BRDA:887,68,0,4
DA:888,4
DA:896,7
BRDA:896,69,0,3
DA:897,3
DA:907,7
FNF:23
FNH:22
LF:285
LH:267
BRF:81
BRH:70
end_of_record
TN:
SF:src/ArrakisPublicVaultRouter.sol
DA:65,15
FN:65,68,ArrakisPublicVaultRouter.onlyPublicVault
FNDA:15,ArrakisPublicVaultRouter.onlyPublicVault
DA:66,15
BRDA:66,0,0,1
DA:72,128
FN:72,90,ArrakisPublicVaultRouter.
FNDA:128,ArrakisPublicVaultRouter.
DA:80,128
DA:81,126
DA:82,124
DA:83,5
BRDA:83,1,0,5
DA:85,123
DA:86,123
DA:87,123
DA:88,123
DA:89,123
DA:96,6
FN:96,98,ArrakisPublicVaultRouter.pause
FNDA:6,ArrakisPublicVaultRouter.pause
DA:97,5
DA:102,3
FN:102,104,ArrakisPublicVaultRouter.unpause
FNDA:3,ArrakisPublicVaultRouter.unpause
DA:103,2
DA:106,124
FN:106,113,ArrakisPublicVaultRouter.updateSwapExecutor
FNDA:124,ArrakisPublicVaultRouter.updateSwapExecutor
DA:111,124
BRDA:111,2,0,1
DA:112,123
DA:122,10
FN:122,191,ArrakisPublicVaultRouter.addLiquidity
FNDA:10,ArrakisPublicVaultRouter.addLiquidity
DA:135,9
BRDA:135,3,0,1
DA:136,1
DA:139,8
DA:143,8
BRDA:143,4,0,3
DA:146,5
DA:147,5
DA:148,4
DA:149,2
BRDA:149,5,0,2
DA:150,2
DA:153,3
DA:154,3
DA:160,3
BRDA:160,6,0,-
DA:161,0
DA:166,3
BRDA:166,7,0,1
DA:167,1
DA:172,3
DA:182,3
BRDA:182,8,0,2
DA:183,2
BRDA:183,9,0,1
BRDA:183,9,1,1
DA:184,1
DA:185,1
BRDA:185,10,0,1
DA:186,1
DA:200,13
FN:200,261,ArrakisPublicVaultRouter.swapAndAddLiquidity
FNDA:13,ArrakisPublicVaultRouter.swapAndAddLiquidity
DA:217,12
DA:218,8
DA:219,1
BRDA:219,11,0,1
DA:220,1
DA:223,11
DA:224,11
DA:225,11
DA:226,11
DA:231,11
DA:232,2
DA:233,1
BRDA:233,12,0,1
DA:234,1
DA:238,10
DA:239,2
DA:240,1
BRDA:240,13,0,1
DA:241,1
DA:246,9
BRDA:246,14,0,2
DA:247,2
DA:251,9
BRDA:251,15,0,5
DA:252,5
DA:259,9
DA:267,4
FN:267,281,ArrakisPublicVaultRouter.removeLiquidity
FNDA:4,ArrakisPublicVaultRouter.removeLiquidity
DA:274,3
BRDA:274,16,0,1
DA:276,2
DA:280,2
DA:288,11
FN:288,344,ArrakisPublicVaultRouter.addLiquidityPermit2
FNDA:11,ArrakisPublicVaultRouter.addLiquidityPermit2
DA:304,10
DA:305,6
DA:306,1
BRDA:306,17,0,1
DA:307,1
DA:310,9
DA:316,9
BRDA:316,18,0,3
DA:319,6
DA:320,6
DA:321,5
DA:322,2
BRDA:322,19,0,2
DA:324,4
DA:325,4
DA:326,4
DA:327,4
DA:331,4
DA:335,3
DA:353,5
FN:353,389,ArrakisPublicVaultRouter.swapAndAddLiquidityPermit2
FNDA:5,ArrakisPublicVaultRouter.swapAndAddLiquidityPermit2
DA:370,4
DA:371,3
DA:372,1
BRDA:372,20,0,1
DA:373,1
DA:376,3
DA:379,3
DA:383,3
DA:385,2
DA:395,3
FN:395,421,ArrakisPublicVaultRouter.removeLiquidityPermit2
FNDA:3,ArrakisPublicVaultRouter.removeLiquidityPermit2
DA:404,2
BRDA:404,21,0,1
DA:405,1
DA:408,1
DA:413,1
DA:420,1
DA:428,18
FN:428,514,ArrakisPublicVaultRouter.wrapAndAddLiquidity
FNDA:18,ArrakisPublicVaultRouter.wrapAndAddLiquidity
DA:440,17
BRDA:440,22,0,1
DA:441,1
DA:446,16
DA:451,16
BRDA:451,23,0,1
DA:452,1
DA:455,15
DA:459,15
BRDA:459,24,0,3
DA:462,12
DA:463,12
DA:464,11
DA:465,2
BRDA:465,25,0,2
DA:466,2
DA:469,10
DA:470,10
DA:472,10
BRDA:472,26,0,2
DA:473,2
DA:475,8
BRDA:475,27,0,2
DA:476,2
DA:483,6
BRDA:483,28,0,1
DA:484,1
DA:489,6
BRDA:489,29,0,1
DA:490,1
DA:495,6
DA:505,6
BRDA:505,30,0,1
BRDA:505,30,1,1
DA:506,1
DA:507,1
DA:508,5
BRDA:508,31,0,1
DA:509,1
DA:510,1
DA:523,15
FN:523,640,ArrakisPublicVaultRouter.wrapAndSwapAndAddLiquidity
FNDA:15,ArrakisPublicVaultRouter.wrapAndSwapAndAddLiquidity
DA:537,14
BRDA:537,32,0,1
DA:538,1
DA:543,13
DA:549,13
DA:550,4
DA:551,1
BRDA:551,33,0,1
DA:552,1
DA:555,12
DA:556,12
DA:557,12
DA:558,12
DA:562,12
BRDA:562,34,0,2
DA:563,2
DA:565,10
BRDA:565,35,0,1
DA:566,1
DA:571,9
BRDA:571,36,0,5
BRDA:571,36,1,3
DA:572,5
BRDA:572,37,0,3
DA:573,3
DA:579,4
BRDA:579,38,0,1
DA:580,1
DA:582,8
BRDA:582,39,0,3
BRDA:582,39,1,4
DA:583,3
BRDA:583,40,0,3
DA:584,3
DA:590,5
BRDA:590,41,0,1
DA:591,1
DA:595,7
DA:606,7
DA:609,7
DA:614,7
BRDA:614,42,0,2
DA:615,2
BRDA:615,43,0,1
BRDA:615,43,1,1
DA:616,1
DA:617,1
DA:621,1
DA:622,1
DA:623,1
DA:627,7
BRDA:627,44,0,2
DA:628,2
BRDA:628,45,0,1
BRDA:628,45,1,1
DA:629,1
DA:630,1
DA:634,1
DA:635,1
DA:636,1
DA:647,14
FN:647,730,ArrakisPublicVaultRouter.wrapAndAddLiquidityPermit2
FNDA:14,ArrakisPublicVaultRouter.wrapAndAddLiquidityPermit2
DA:661,13
BRDA:661,46,0,1
DA:662,1
DA:667,12
DA:672,12
DA:673,6
DA:674,1
BRDA:674,47,0,1
DA:675,1
DA:678,11
DA:684,11
BRDA:684,48,0,1
DA:687,10
DA:688,10
DA:689,9
DA:690,2
BRDA:690,49,0,2
DA:692,8
DA:693,8
DA:694,8
DA:695,8
DA:697,8
BRDA:697,50,0,2
DA:698,2
DA:700,6
BRDA:700,51,0,1
DA:701,1
DA:706,5
DA:710,3
DA:721,3
BRDA:721,52,0,1
BRDA:721,52,1,1
DA:722,1
DA:723,1
DA:724,2
DA:725,1
BRDA:725,53,0,1
DA:726,1
DA:727,1
DA:739,15
FN:739,845,ArrakisPublicVaultRouter.wrapAndSwapAndAddLiquidityPermit2
FNDA:15,ArrakisPublicVaultRouter.wrapAndSwapAndAddLiquidityPermit2
DA:755,14
BRDA:755,54,0,1
DA:756,1
DA:761,13
DA:765,13
DA:766,5
DA:767,1
BRDA:767,55,0,1
DA:768,1
DA:771,12
DA:774,12
DA:778,12
BRDA:778,56,0,2
DA:779,2
DA:781,10
BRDA:781,57,0,1
DA:782,1
DA:786,9
DA:787,3
DA:788,1
BRDA:788,58,0,1
DA:789,1
DA:792,8
DA:793,6
DA:794,1
BRDA:794,59,0,1
DA:795,1
DA:798,7
DA:800,5
DA:813,5
DA:818,5
DA:824,5
BRDA:824,60,0,2
DA:825,2
BRDA:825,61,0,1
BRDA:825,61,1,1
DA:826,1
DA:827,1
DA:829,1
DA:830,1
DA:831,1
DA:835,5
BRDA:835,62,0,2
DA:836,2
BRDA:836,63,0,1
BRDA:836,63,1,1
DA:837,1
DA:838,1
DA:840,1
DA:841,1
DA:842,1
DA:847,0
FN:847,847,ArrakisPublicVaultRouter.
FNDA:0,ArrakisPublicVaultRouter.
DA:858,1
FN:858,872,ArrakisPublicVaultRouter.getMintAmounts
FNDA:1,ArrakisPublicVaultRouter.getMintAmounts
DA:871,1
DA:878,36
FN:878,904,ArrakisPublicVaultRouter._addLiquidity
FNDA:36,ArrakisPublicVaultRouter._addLiquidity
DA:887,36
DA:889,36
DA:890,36
BRDA:890,64,0,33
BRDA:890,64,1,3
DA:891,33
DA:893,3
DA:895,36
BRDA:895,65,0,33
BRDA:895,65,1,3
DA:896,33
DA:898,3
DA:901,36
DA:906,23
FN:906,979,ArrakisPublicVaultRouter._swapAndAddLiquidity
FNDA:23,ArrakisPublicVaultRouter._swapAndAddLiquidity
DA:922,23
DA:923,9
BRDA:923,66,0,9
BRDA:923,66,1,1
DA:924,9
BRDA:924,67,0,8
BRDA:924,67,1,1
DA:925,8
DA:929,1
DA:932,14
BRDA:932,68,0,13
BRDA:932,68,1,1
DA:933,13
DA:937,1
DA:941,23
DA:944,23
DA:951,23
DA:954,23
DA:958,23
DA:962,23
BRDA:962,69,0,1
DA:965,22
DA:966,21
DA:967,21
DA:968,1
BRDA:968,70,0,1
DA:970,21
DA:981,11
FN:981,1026,ArrakisPublicVaultRouter._swapAndAddLiquiditySendBackLeftOver
FNDA:11,ArrakisPublicVaultRouter._swapAndAddLiquiditySendBackLeftOver
DA:995,11
DA:996,11
DA:997,11
DA:1007,9
BRDA:1007,71,0,3
DA:1008,3
BRDA:1008,72,0,1
BRDA:1008,72,1,2
DA:1009,1
DA:1011,2
DA:1012,2
DA:1013,2
DA:1017,9
BRDA:1017,73,0,3
DA:1018,3
BRDA:1018,74,0,1
BRDA:1018,74,1,2
DA:1019,1
DA:1021,2
DA:1022,2
DA:1023,2
DA:1028,3
FN:1028,1041,ArrakisPublicVaultRouter._removeLiquidity
FNDA:3,ArrakisPublicVaultRouter._removeLiquidity
DA:1032,3
DA:1036,3
DA:1037,2
DA:1038,1
BRDA:1038,75,0,1
DA:1039,1
DA:1043,5
FN:1043,1067,ArrakisPublicVaultRouter._permit2AddLengthOne
FNDA:5,ArrakisPublicVaultRouter._permit2AddLengthOne
DA:1050,5
DA:1051,5
BRDA:1051,76,0,1
DA:1052,1
DA:1055,4
BRDA:1055,77,0,1
DA:1056,1
DA:1059,3
DA:1069,4
FN:1069,1089,ArrakisPublicVaultRouter._permit2AddLengthOneOrTwo
FNDA:4,ArrakisPublicVaultRouter._permit2AddLengthOneOrTwo
DA:1076,4
DA:1077,4
BRDA:1077,78,0,1
DA:1078,1
DA:1081,3
DA:1091,6
FN:1091,1123,ArrakisPublicVaultRouter._permit2Add
FNDA:6,ArrakisPublicVaultRouter._permit2Add
DA:1099,6
DA:1100,6
DA:1102,6
DA:1103,7
DA:1106,7
BRDA:1106,79,0,4
DA:1107,4
DA:1112,7
BRDA:1112,80,0,3
DA:1113,3
DA:1120,6
DA:1125,7
FN:1125,1140,ArrakisPublicVaultRouter._permit2SwapAndAddLengthOne
FNDA:7,ArrakisPublicVaultRouter._permit2SwapAndAddLengthOne
DA:1130,7
DA:1131,7
BRDA:1131,81,0,1
DA:1132,1
DA:1135,6
BRDA:1135,82,0,1
DA:1136,1
DA:1139,5
DA:1142,3
FN:1142,1153,ArrakisPublicVaultRouter._permit2SwapAndAddLengthOneOrTwo
FNDA:3,ArrakisPublicVaultRouter._permit2SwapAndAddLengthOneOrTwo
DA:1147,3
DA:1148,3
BRDA:1148,83,0,1
DA:1149,1
DA:1152,2
DA:1155,7
FN:1155,1191,ArrakisPublicVaultRouter._permit2SwapAndAdd
FNDA:7,ArrakisPublicVaultRouter._permit2SwapAndAdd
DA:1161,7
DA:1162,7
DA:1164,7
DA:1165,7
DA:1168,7
BRDA:1168,84,0,4
DA:1169,4
DA:1177,7
BRDA:1177,85,0,3
DA:1178,3
DA:1188,7
DA:1197,67
FN:1197,1240,ArrakisPublicVaultRouter._getMintAmounts
FNDA:67,ArrakisPublicVaultRouter._getMintAmounts
DA:1210,67
DA:1211,67
DA:1213,67
DA:1215,67
BRDA:1215,86,0,10
DA:1216,10
DA:1217,10
DA:1220,67
DA:1223,67
DA:1227,67
DA:1228,67
DA:1230,67
DA:1232,67
DA:1236,67
DA:1238,67
FNF:28
FNH:27
LF:357
LH:355
BRF:103
BRH:102
end_of_record
TN:
SF:src/ArrakisPublicVaultRouterV2.sol
DA:73,15
FN:73,78,ArrakisPublicVaultRouterV2.onlyPublicVault
FNDA:15,ArrakisPublicVaultRouterV2.onlyPublicVault
DA:76,15
BRDA:76,0,0,1
DA:82,139
FN:82,100,ArrakisPublicVaultRouterV2.
FNDA:139,ArrakisPublicVaultRouterV2.
DA:90,139
DA:91,137
DA:92,135
DA:93,5
BRDA:93,1,0,5
DA:95,134
DA:96,134
DA:97,134
DA:98,134
DA:99,134
DA:106,6
FN:106,108,ArrakisPublicVaultRouterV2.pause
FNDA:6,ArrakisPublicVaultRouterV2.pause
DA:107,5
DA:112,3
FN:112,114,ArrakisPublicVaultRouterV2.unpause
FNDA:3,ArrakisPublicVaultRouterV2.unpause
DA:113,2
DA:116,135
FN:116,121,ArrakisPublicVaultRouterV2.updateSwapExecutor
FNDA:135,ArrakisPublicVaultRouterV2.updateSwapExecutor
DA:119,135
BRDA:119,2,0,1
DA:120,134
DA:124,136
FN:124,140,ArrakisPublicVaultRouterV2.setResolvers
FNDA:136,ArrakisPublicVaultRouterV2.setResolvers
DA:128,135
BRDA:128,3,0,1
DA:130,134
DA:131,134
BRDA:131,4,0,1
DA:132,133
DA:135,133
DA:139,133
DA:149,20
FN:149,220,ArrakisPublicVaultRouterV2.addLiquidity
FNDA:20,ArrakisPublicVaultRouterV2.addLiquidity
DA:164,19
BRDA:164,5,0,1
DA:165,1
DA:168,18
DA:172,17
BRDA:172,6,0,3
DA:175,14
DA:176,14
DA:177,13
DA:178,2
BRDA:178,7,0,2
DA:179,2
DA:182,12
DA:183,12
DA:189,12
BRDA:189,8,0,7
DA:190,7
DA:195,12
BRDA:195,9,0,8
DA:196,8
DA:201,12
DA:211,12
BRDA:211,10,0,2
DA:212,2
BRDA:212,11,0,1
BRDA:212,11,1,1
DA:213,1
DA:214,1
BRDA:214,12,0,1
DA:215,1
DA:229,13
FN:229,292,ArrakisPublicVaultRouterV2.swapAndAddLiquidity
FNDA:13,ArrakisPublicVaultRouterV2.swapAndAddLiquidity
DA:248,12
DA:249,8
DA:250,1
BRDA:250,13,0,1
DA:251,1
DA:254,11
DA:255,11
DA:256,11
DA:257,11
DA:262,11
DA:263,2
DA:264,1
BRDA:264,14,0,1
DA:265,1
DA:269,10
DA:270,2
DA:271,1
BRDA:271,15,0,1
DA:272,1
DA:277,9
BRDA:277,16,0,2
DA:278,2
DA:282,9
BRDA:282,17,0,5
DA:283,5
DA:290,9
DA:298,4
FN:298,314,ArrakisPublicVaultRouterV2.removeLiquidity
FNDA:4,ArrakisPublicVaultRouterV2.removeLiquidity
DA:307,3
BRDA:307,18,0,1
DA:309,2
DA:313,2
DA:321,11
FN:321,377,ArrakisPublicVaultRouterV2.addLiquidityPermit2
FNDA:11,ArrakisPublicVaultRouterV2.addLiquidityPermit2
DA:337,10
DA:338,6
DA:339,1
BRDA:339,19,0,1
DA:340,1
DA:343,9
DA:349,9
BRDA:349,20,0,3
DA:352,6
DA:353,6
DA:354,5
DA:355,2
BRDA:355,21,0,2
DA:357,4
DA:358,4
DA:359,4
DA:360,4
DA:364,4
DA:368,3
DA:386,5
FN:386,422,ArrakisPublicVaultRouterV2.swapAndAddLiquidityPermit2
FNDA:5,ArrakisPublicVaultRouterV2.swapAndAddLiquidityPermit2
DA:403,4
DA:404,3
DA:405,1
BRDA:405,22,0,1
DA:406,1
DA:409,3
DA:412,3
DA:416,3
DA:418,2
DA:428,3
FN:428,454,ArrakisPublicVaultRouterV2.removeLiquidityPermit2
FNDA:3,ArrakisPublicVaultRouterV2.removeLiquidityPermit2
DA:437,2
BRDA:437,23,0,1
DA:438,1
DA:441,1
DA:446,1
DA:453,1
DA:461,18
FN:461,549,ArrakisPublicVaultRouterV2.wrapAndAddLiquidity
FNDA:18,ArrakisPublicVaultRouterV2.wrapAndAddLiquidity
DA:475,17
BRDA:475,24,0,1
DA:476,1
DA:481,16
DA:486,16
BRDA:486,25,0,1
DA:487,1
DA:490,15
DA:494,15
BRDA:494,26,0,3
DA:497,12
DA:498,12
DA:499,11
DA:500,2
BRDA:500,27,0,2
DA:501,2
DA:504,10
DA:505,10
DA:507,10
BRDA:507,28,0,2
DA:508,2
DA:510,8
BRDA:510,29,0,2
DA:511,2
DA:518,6
BRDA:518,30,0,1
DA:519,1
DA:524,6
BRDA:524,31,0,1
DA:525,1
DA:530,6
DA:540,6
BRDA:540,32,0,1
BRDA:540,32,1,1
DA:541,1
DA:542,1
DA:543,5
BRDA:543,33,0,1
DA:544,1
DA:545,1
DA:558,15
FN:558,677,ArrakisPublicVaultRouterV2.wrapAndSwapAndAddLiquidity
FNDA:15,ArrakisPublicVaultRouterV2.wrapAndSwapAndAddLiquidity
DA:574,14
BRDA:574,34,0,1
DA:575,1
DA:580,13
DA:586,13
DA:587,4
DA:588,1
BRDA:588,35,0,1
DA:589,1
DA:592,12
DA:593,12
DA:594,12
DA:595,12
DA:599,12
BRDA:599,36,0,2
DA:600,2
DA:602,10
BRDA:602,37,0,1
DA:603,1
DA:608,9
BRDA:608,38,0,5
BRDA:608,38,1,3
DA:609,5
BRDA:609,39,0,3
DA:610,3
DA:616,4
BRDA:616,40,0,1
DA:617,1
DA:619,8
BRDA:619,41,0,3
BRDA:619,41,1,4
DA:620,3
BRDA:620,42,0,3
DA:621,3
DA:627,5
BRDA:627,43,0,1
DA:628,1
DA:632,7
DA:643,7
DA:646,7
DA:651,7
BRDA:651,44,0,2
DA:652,2
BRDA:652,45,0,1
BRDA:652,45,1,1
DA:653,1
DA:654,1
DA:658,1
DA:659,1
DA:660,1
DA:664,7
BRDA:664,46,0,2
DA:665,2
BRDA:665,47,0,1
BRDA:665,47,1,1
DA:666,1
DA:667,1
DA:671,1
DA:672,1
DA:673,1
DA:684,14
FN:684,767,ArrakisPublicVaultRouterV2.wrapAndAddLiquidityPermit2
FNDA:14,ArrakisPublicVaultRouterV2.wrapAndAddLiquidityPermit2
DA:698,13
BRDA:698,48,0,1
DA:699,1
DA:704,12
DA:709,12
DA:710,6
DA:711,1
BRDA:711,49,0,1
DA:712,1
DA:715,11
DA:721,11
BRDA:721,50,0,1
DA:724,10
DA:725,10
DA:726,9
DA:727,2
BRDA:727,51,0,2
DA:729,8
DA:730,8
DA:731,8
DA:732,8
DA:734,8
BRDA:734,52,0,2
DA:735,2
DA:737,6
BRDA:737,53,0,1
DA:738,1
DA:743,5
DA:747,3
DA:758,3
BRDA:758,54,0,1
BRDA:758,54,1,1
DA:759,1
DA:760,1
DA:761,2
DA:762,1
BRDA:762,55,0,1
DA:763,1
DA:764,1
DA:776,15
FN:776,882,ArrakisPublicVaultRouterV2.wrapAndSwapAndAddLiquidityPermit2
FNDA:15,ArrakisPublicVaultRouterV2.wrapAndSwapAndAddLiquidityPermit2
DA:792,14
BRDA:792,56,0,1
DA:793,1
DA:798,13
DA:802,13
DA:803,5
DA:804,1
BRDA:804,57,0,1
DA:805,1
DA:808,12
DA:811,12
DA:815,12
BRDA:815,58,0,2
DA:816,2
DA:818,10
BRDA:818,59,0,1
DA:819,1
DA:823,9
DA:824,3
DA:825,1
BRDA:825,60,0,1
DA:826,1
DA:829,8
DA:830,6
DA:831,1
BRDA:831,61,0,1
DA:832,1
DA:835,7
DA:837,5
DA:850,5
DA:855,5
DA:861,5
BRDA:861,62,0,2
DA:862,2
BRDA:862,63,0,1
BRDA:862,63,1,1
DA:863,1
DA:864,1
DA:866,1
DA:867,1
DA:868,1
DA:872,5
BRDA:872,64,0,2
DA:873,2
BRDA:873,65,0,1
BRDA:873,65,1,1
DA:874,1
DA:875,1
DA:877,1
DA:878,1
DA:879,1
DA:884,0
FN:884,884,ArrakisPublicVaultRouterV2.
FNDA:0,ArrakisPublicVaultRouterV2.
DA:895,11
FN:895,909,ArrakisPublicVaultRouterV2.getMintAmounts
FNDA:11,ArrakisPublicVaultRouterV2.getMintAmounts
DA:908,11
DA:911,87
FN:911,915,ArrakisPublicVaultRouterV2.getModuleID
FNDA:87,ArrakisPublicVaultRouterV2.getModuleID
DA:914,87
DA:921,45
FN:921,947,ArrakisPublicVaultRouterV2._addLiquidity
FNDA:45,ArrakisPublicVaultRouterV2._addLiquidity
DA:930,45
DA:932,45
DA:933,45
BRDA:933,66,0,42
BRDA:933,66,1,3
DA:934,42
DA:936,3
DA:938,45
BRDA:938,67,0,42
BRDA:938,67,1,3
DA:939,42
DA:941,3
DA:944,45
DA:949,23
FN:949,1026,ArrakisPublicVaultRouterV2._swapAndAddLiquidity
FNDA:23,ArrakisPublicVaultRouterV2._swapAndAddLiquidity
DA:966,23
DA:967,9
BRDA:967,68,0,9
BRDA:967,68,1,1
DA:968,9
BRDA:968,69,0,8
BRDA:968,69,1,1
DA:969,8
DA:974,1
DA:977,14
BRDA:977,70,0,13
BRDA:977,70,1,1
DA:978,13
DA:983,1
DA:987,23
DA:991,23
DA:998,23
DA:1001,23
DA:1005,23
DA:1009,23
BRDA:1009,71,0,1
DA:1012,22
DA:1013,21
DA:1014,21
DA:1015,1
BRDA:1015,72,0,1
DA:1017,21
DA:1028,11
FN:1028,1073,ArrakisPublicVaultRouterV2._swapAndAddLiquiditySendBackLeftOver
FNDA:11,ArrakisPublicVaultRouterV2._swapAndAddLiquiditySendBackLeftOver
DA:1042,11
DA:1043,11
DA:1044,11
DA:1054,9
BRDA:1054,73,0,3
DA:1055,3
BRDA:1055,74,0,1
BRDA:1055,74,1,2
DA:1056,1
DA:1058,2
DA:1059,2
DA:1060,2
DA:1064,9
BRDA:1064,75,0,3
DA:1065,3
BRDA:1065,76,0,1
BRDA:1065,76,1,2
DA:1066,1
DA:1068,2
DA:1069,2
DA:1070,2
DA:1075,3
FN:1075,1087,ArrakisPublicVaultRouterV2._removeLiquidity
FNDA:3,ArrakisPublicVaultRouterV2._removeLiquidity
DA:1078,3
DA:1082,3
DA:1083,2
DA:1084,1
BRDA:1084,77,0,1
DA:1085,1
DA:1089,5
FN:1089,1113,ArrakisPublicVaultRouterV2._permit2AddLengthOne
FNDA:5,ArrakisPublicVaultRouterV2._permit2AddLengthOne
DA:1096,5
DA:1097,5
BRDA:1097,78,0,1
DA:1098,1
DA:1101,4
BRDA:1101,79,0,1
DA:1102,1
DA:1105,3
DA:1115,4
FN:1115,1135,ArrakisPublicVaultRouterV2._permit2AddLengthOneOrTwo
FNDA:4,ArrakisPublicVaultRouterV2._permit2AddLengthOneOrTwo
DA:1122,4
DA:1123,4
BRDA:1123,80,0,1
DA:1124,1
DA:1127,3
DA:1137,6
FN:1137,1169,ArrakisPublicVaultRouterV2._permit2Add
FNDA:6,ArrakisPublicVaultRouterV2._permit2Add
DA:1145,6
DA:1146,6
DA:1148,6
DA:1149,7
DA:1152,7
BRDA:1152,81,0,4
DA:1153,4
DA:1158,7
BRDA:1158,82,0,3
DA:1159,3
DA:1166,6
DA:1171,7
FN:1171,1186,ArrakisPublicVaultRouterV2._permit2SwapAndAddLengthOne
FNDA:7,ArrakisPublicVaultRouterV2._permit2SwapAndAddLengthOne
DA:1176,7
DA:1177,7
BRDA:1177,83,0,1
DA:1178,1
DA:1181,6
BRDA:1181,84,0,1
DA:1182,1
DA:1185,5
DA:1188,3
FN:1188,1199,ArrakisPublicVaultRouterV2._permit2SwapAndAddLengthOneOrTwo
FNDA:3,ArrakisPublicVaultRouterV2._permit2SwapAndAddLengthOneOrTwo
DA:1193,3
DA:1194,3
BRDA:1194,85,0,1
DA:1195,1
DA:1198,2
DA:1201,7
FN:1201,1237,ArrakisPublicVaultRouterV2._permit2SwapAndAdd
FNDA:7,ArrakisPublicVaultRouterV2._permit2SwapAndAdd
DA:1207,7
DA:1208,7
DA:1210,7
DA:1211,7
DA:1214,7
BRDA:1214,86,0,4
DA:1215,4
DA:1223,7
BRDA:1223,87,0,3
DA:1224,3
DA:1234,7
DA:1243,87
FN:1243,1276,ArrakisPublicVaultRouterV2._getMintAmounts
FNDA:87,ArrakisPublicVaultRouterV2._getMintAmounts
DA:1258,87
DA:1259,87
DA:1261,87
DA:1262,20
DA:1263,20
BRDA:1263,88,0,-
DA:1264,0
DA:1266,67
DA:1268,67
DA:1273,87
FNF:30
FNH:29
LF:361
LH:359
BRF:105
BRH:104
end_of_record
TN:
SF:src/ArrakisStandardManager.sol
DA:86,3
FN:86,90,ArrakisStandardManager.onlyVaultOwner
FNDA:3,ArrakisStandardManager.onlyVaultOwner
DA:87,3
DA:88,3
BRDA:88,0,0,1
DA:92,13
FN:92,97,ArrakisStandardManager.onlyWhitelistedVault
FNDA:13,ArrakisStandardManager.onlyWhitelistedVault
DA:93,13
BRDA:93,1,0,1
DA:94,1
DA:99,3
FN:99,105,ArrakisStandardManager.onlyGuardian
FNDA:3,ArrakisStandardManager.onlyGuardian
DA:100,3
DA:101,3
BRDA:101,2,0,1
DA:102,1
DA:109,93
FN:109,129,ArrakisStandardManager.
FNDA:93,ArrakisStandardManager.
DA:115,93
BRDA:115,3,0,1
DA:116,92
BRDA:116,4,0,1
DA:117,1
DA:119,91
BRDA:119,5,0,1
DA:123,90
DA:124,90
DA:125,90
DA:126,90
DA:128,90
DA:135,89
FN:135,153,ArrakisStandardManager.initialize
FNDA:89,ArrakisStandardManager.initialize
DA:141,89
DA:142,87
DA:143,3
BRDA:143,6,0,3
DA:145,86
DA:146,86
DA:147,86
DA:148,86
DA:149,86
DA:151,86
DA:152,86
DA:159,4
FN:159,161,ArrakisStandardManager.pause
FNDA:4,ArrakisStandardManager.pause
DA:160,3
DA:165,3
FN:165,167,ArrakisStandardManager.unpause
FNDA:3,ArrakisStandardManager.unpause
DA:166,2
DA:171,3
FN:171,179,ArrakisStandardManager.setDefaultReceiver
FNDA:3,ArrakisStandardManager.setDefaultReceiver
DA:175,2
BRDA:175,7,0,1
DA:176,1
DA:186,17
FN:186,198,ArrakisStandardManager.setReceiverByToken
FNDA:17,ArrakisStandardManager.setReceiverByToken
DA:191,15
DA:195,15
DA:197,15
DA:203,4
FN:203,216,ArrakisStandardManager.decreaseManagerFeePIPS
FNDA:4,ArrakisStandardManager.decreaseManagerFeePIPS
DA:207,2
DA:208,2
BRDA:208,8,0,1
DA:210,1
DA:212,1
DA:215,1
DA:221,4
FN:221,241,ArrakisStandardManager.finalizeIncreaseManagerFeePIPS
FNDA:4,ArrakisStandardManager.finalizeIncreaseManagerFeePIPS
DA:225,3
DA:227,3
BRDA:227,9,0,1
DA:228,2
BRDA:228,10,0,1
DA:229,1
DA:232,1
DA:233,1
DA:235,1
DA:237,1
DA:240,1
DA:246,10
FN:246,263,ArrakisStandardManager.submitIncreaseManagerFeePIPS
FNDA:10,ArrakisStandardManager.submitIncreaseManagerFeePIPS
DA:250,8
BRDA:250,11,0,1
DA:251,7
BRDA:251,12,0,1
DA:252,1
DA:254,6
BRDA:254,13,0,1
DA:255,1
DA:257,5
DA:262,5
DA:270,5
FN:270,320,ArrakisStandardManager.withdrawManagerBalance
FNDA:5,ArrakisStandardManager.withdrawManagerBalance
DA:280,4
DA:281,4
DA:283,4
DA:284,4
DA:286,4
DA:288,4
DA:291,4
DA:293,4
BRDA:293,14,0,1
BRDA:293,14,1,3
DA:294,1
DA:295,1
BRDA:295,15,0,1
DA:297,3
DA:298,3
BRDA:298,16,0,2
DA:299,2
DA:305,4
BRDA:305,17,0,1
BRDA:305,17,1,3
DA:306,1
DA:307,1
BRDA:307,18,0,1
DA:309,3
DA:310,3
BRDA:310,19,0,1
DA:311,1
DA:317,4
DA:325,13
FN:325,448,ArrakisStandardManager.rebalance
FNDA:13,ArrakisStandardManager.rebalance
DA:334,12
DA:336,12
BRDA:336,20,0,1
DA:338,11
DA:340,1
BRDA:340,21,0,1
DA:341,1
DA:344,10
DA:348,10
DA:349,10
DA:350,10
DA:352,10
DA:353,10
DA:358,10
DA:360,10
DA:362,10
DA:368,10
DA:369,10
DA:370,10
DA:372,10
BRDA:372,22,0,10
DA:373,10
DA:377,10
DA:379,10
DA:383,12
DA:386,12
DA:388,1
BRDA:388,23,0,1
DA:393,11
DA:395,11
BRDA:395,24,0,1
DA:404,8
DA:406,8
DA:410,8
DA:414,8
DA:429,8
BRDA:429,25,0,1
DA:430,1
DA:435,7
BRDA:435,26,0,7
DA:436,7
DA:437,7
DA:438,7
BRDA:438,27,0,2
DA:439,2
DA:443,5
DA:447,5
DA:456,3
FN:456,468,ArrakisStandardManager.setModule
FNDA:3,ArrakisStandardManager.setModule
DA:461,2
BRDA:461,28,0,1
DA:462,1
DA:465,1
DA:467,1
DA:474,58
FN:474,495,ArrakisStandardManager.initManagement
FNDA:58,ArrakisStandardManager.initManagement
DA:478,58
DA:480,58
BRDA:480,29,0,1
DA:481,1
DA:484,57
DA:486,50
DA:499,4
FN:499,528,ArrakisStandardManager.updateVaultInfo
FNDA:4,ArrakisStandardManager.updateVaultInfo
DA:505,2
DA:506,2
DA:508,2
DA:519,2
DA:532,0
FN:532,532,ArrakisStandardManager.
FNDA:0,ArrakisStandardManager.
DA:537,3
FN:537,551,ArrakisStandardManager.announceStrategy
FNDA:3,ArrakisStandardManager.announceStrategy
DA:543,2
DA:544,2
BRDA:544,30,0,1
DA:545,1
DA:550,1
DA:558,3
FN:558,576,ArrakisStandardManager.initializedVaults
FNDA:3,ArrakisStandardManager.initializedVaults
DA:562,3
BRDA:562,31,0,1
DA:563,1
DA:566,2
DA:567,2
BRDA:567,32,0,1
DA:568,1
DA:571,1
DA:572,1
DA:573,1
DA:575,1
DA:580,1
FN:580,586,ArrakisStandardManager.numInitializedVaults
FNDA:1,ArrakisStandardManager.numInitializedVaults
DA:585,1
DA:590,1
FN:590,592,ArrakisStandardManager.guardian
FNDA:1,ArrakisStandardManager.guardian
DA:591,1
DA:597,15
FN:597,599,ArrakisStandardManager.isManaged
FNDA:15,ArrakisStandardManager.isManaged
DA:598,15
DA:603,15
FN:603,609,ArrakisStandardManager.getInitManagementSelector
FNDA:15,ArrakisStandardManager.getInitManagementSelector
DA:608,15
DA:615,57
FN:615,657,ArrakisStandardManager._initManagement
FNDA:57,ArrakisStandardManager._initManagement
DA:619,57
BRDA:619,33,0,1
DA:620,1
DA:624,56
BRDA:624,34,0,1
DA:625,1
DA:629,55
BRDA:629,35,0,1
DA:631,54
DA:637,50
DA:638,50
DA:653,50
DA:659,56
FN:659,683,ArrakisStandardManager._updateParamsChecks
FNDA:56,ArrakisStandardManager._updateParamsChecks
DA:664,56
DA:665,56
BRDA:665,36,0,1
DA:666,1
DA:670,55
BRDA:670,37,0,1
DA:671,1
DA:675,54
BRDA:675,38,0,1
DA:676,1
DA:680,53
BRDA:680,39,0,1
DA:681,1
FNF:26
FNH:25
LF:187
LH:186
BRF:42
BRH:42
end_of_record
TN:
SF:src/CreationCodePrivateVault.sol
DA:8,7
FN:8,10,CreationCodePrivateVault.getCreationCode
FNDA:7,CreationCodePrivateVault.getCreationCode
DA:9,7
FNF:1
FNH:1
LF:2
LH:2
BRF:0
BRH:0
end_of_record
TN:
SF:src/CreationCodePublicVault.sol
DA:8,24
FN:8,10,CreationCodePublicVault.getCreationCode
FNDA:24,CreationCodePublicVault.getCreationCode
DA:9,24
FNF:1
FNH:1
LF:2
LH:2
BRF:0
BRH:0
end_of_record
TN:
SF:src/Guardian.sol
DA:14,24
FN:14,22,Guardian.
FNDA:24,Guardian.
DA:15,24
BRDA:15,0,0,2
DA:16,2
DA:18,22
DA:19,22
DA:21,22
DA:27,4
FN:27,35,Guardian.setPauser
FNDA:4,Guardian.setPauser
DA:28,3
DA:29,3
BRDA:29,1,0,1
DA:30,2
BRDA:30,2,0,1
DA:32,1
DA:34,1
FNF:2
FNH:2
LF:12
LH:12
BRF:3
BRH:3
end_of_record
TN:
SF:src/ModulePrivateRegistry.sol
DA:25,2
FN:25,40,ModulePrivateRegistry.createModule
FNDA:2,ModulePrivateRegistry.createModule
DA:30,2
DA:31,2
BRDA:31,0,0,1
DA:32,1
DA:35,1
DA:37,1
FNF:1
FNH:1
LF:6
LH:6
BRF:1
BRH:1
end_of_record
TN:
SF:src/ModulePublicRegistry.sol
DA:25,34
FN:25,40,ModulePublicRegistry.createModule
FNDA:34,ModulePublicRegistry.createModule
DA:30,34
DA:31,33
BRDA:31,0,0,1
DA:32,1
DA:35,32
DA:37,29
FNF:1
FNH:1
LF:6
LH:6
BRF:1
BRH:1
end_of_record
TN:
SF:src/Pauser.sol
DA:17,16
FN:17,24,Pauser.
FNDA:16,Pauser.
DA:18,16
BRDA:18,0,0,2
DA:19,2
DA:21,14
DA:23,14
DA:26,2
FN:26,32,Pauser.pause
FNDA:2,Pauser.pause
DA:27,2
BRDA:27,1,0,1
DA:29,1
DA:31,1
DA:34,6
FN:34,46,Pauser.whitelistPausers
FNDA:6,Pauser.whitelistPausers
DA:37,5
DA:38,5
BRDA:38,2,0,1
DA:39,4
BRDA:39,3,0,1
DA:40,1
DA:42,3
DA:45,3
DA:48,3
FN:48,57,Pauser.blacklistPausers
FNDA:3,Pauser.blacklistPausers
DA:51,2
DA:52,2
BRDA:52,4,0,1
DA:53,1
DA:56,1
DA:59,5
FN:59,61,Pauser.isPauser
FNDA:5,Pauser.isPauser
DA:60,5
FNF:5
FNH:5
LF:23
LH:23
BRF:5
BRH:5
end_of_record
TN:
SF:src/PrivateRouterSwapExecutor.sol
DA:22,21
FN:22,27,PrivateRouterSwapExecutor.onlyRouter
FNDA:21,PrivateRouterSwapExecutor.onlyRouter
DA:23,21
BRDA:23,0,0,-
DA:24,0
DA:29,109
FN:29,35,PrivateRouterSwapExecutor.
FNDA:109,PrivateRouterSwapExecutor.
DA:30,109
BRDA:30,1,0,-
DA:31,0
DA:33,109
DA:34,109
DA:41,21
FN:41,116,PrivateRouterSwapExecutor.swap
FNDA:21,PrivateRouterSwapExecutor.swap
DA:47,21
DA:48,21
DA:49,21
DA:50,21
DA:51,21
DA:52,21
DA:53,9
BRDA:53,2,0,9
BRDA:53,2,1,11
DA:54,9
BRDA:54,3,0,8
BRDA:54,3,1,8
DA:55,8
DA:57,8
DA:62,1
DA:63,1
DA:66,12
BRDA:66,4,0,11
BRDA:66,4,1,11
DA:67,11
DA:69,11
DA:74,1
DA:75,1
DA:78,21
DA:81,21
BRDA:81,5,0,-
DA:83,21
DA:84,21
DA:85,21
BRDA:85,6,0,2
BRDA:85,6,1,19
DA:86,2
DA:87,2
BRDA:87,7,0,1
DA:89,19
DA:90,19
BRDA:90,8,0,11
DA:91,11
DA:94,21
BRDA:94,9,0,2
BRDA:94,9,1,19
DA:95,2
DA:96,2
BRDA:96,10,0,1
DA:98,19
DA:99,19
BRDA:99,11,0,8
DA:100,8
DA:103,9
BRDA:103,12,0,9
BRDA:103,12,1,12
DA:104,9
DA:105,9
DA:106,9
BRDA:106,13,0,-
DA:107,0
DA:110,12
DA:111,12
DA:112,12
BRDA:112,14,0,-
DA:113,0
DA:118,0
FN:118,118,PrivateRouterSwapExecutor.
FNDA:0,PrivateRouterSwapExecutor.
FNF:4
FNH:3
LF:52
LH:47
BRF:21
BRH:16
end_of_record
TN:
SF:src/PrivateVaultNFT.sol
DA:20,73
FN:20,23,PrivateVaultNFT.
FNDA:73,PrivateVaultNFT.
DA:21,73
DA:22,73
DA:28,24
FN:28,30,PrivateVaultNFT.mint
FNDA:24,PrivateVaultNFT.mint
DA:29,24
DA:32,4
FN:32,76,PrivateVaultNFT.tokenURI
FNDA:4,PrivateVaultNFT.tokenURI
DA:38,4
DA:40,4
DA:42,4
DA:43,4
DA:45,4
DA:46,2
DA:51,2
DA:52,2
DA:63,2
DA:64,2
DA:78,4
FN:78,95,PrivateVaultNFT.getMetaDatas
FNDA:4,PrivateVaultNFT.getMetaDatas
DA:91,4
DA:92,4
DA:93,4
DA:94,2
FNF:4
FNH:4
LF:21
LH:21
BRF:0
BRH:0
end_of_record
TN:
SF:src/RenderController.sol
DA:19,24
FN:19,25,RenderController.initialize
FNDA:24,RenderController.initialize
DA:20,24
BRDA:20,0,0,1
DA:21,1
DA:24,23
DA:31,5
FN:31,42,RenderController.setRenderer
FNDA:5,RenderController.setRenderer
DA:32,4
DA:33,4
DA:34,3
DA:35,1
DA:36,1
DA:38,4
BRDA:38,1,0,1
DA:39,3
DA:41,3
DA:44,4
FN:44,46,RenderController.isNFTSVG
FNDA:4,RenderController.isNFTSVG
DA:45,4
FNF:3
FNH:3
LF:15
LH:15
BRF:2
BRH:2
end_of_record
TN:
SF:src/RouterSwapExecutor.sol
DA:22,10
FN:22,27,RouterSwapExecutor.onlyRouter
FNDA:10,RouterSwapExecutor.onlyRouter
DA:23,10
BRDA:23,0,0,-
DA:24,0
DA:29,70
FN:29,35,RouterSwapExecutor.
FNDA:70,RouterSwapExecutor.
DA:30,70
BRDA:30,1,0,-
DA:31,0
DA:33,70
DA:34,70
DA:41,10
FN:41,116,RouterSwapExecutor.swap
FNDA:10,RouterSwapExecutor.swap
DA:47,10
DA:48,10
DA:49,10
DA:50,10
DA:51,10
DA:52,10
DA:53,4
BRDA:53,2,0,4
BRDA:53,2,1,5
DA:54,4
BRDA:54,3,0,3
BRDA:54,3,1,3
DA:55,3
DA:57,3
DA:62,1
DA:63,1
DA:66,6
BRDA:66,4,0,5
BRDA:66,4,1,5
DA:67,5
DA:69,5
DA:74,1
DA:75,1
DA:78,10
DA:81,10
BRDA:81,5,0,-
DA:83,10
DA:84,10
DA:85,10
BRDA:85,6,0,2
BRDA:85,6,1,8
DA:86,2
DA:87,2
BRDA:87,7,0,1
DA:89,8
DA:90,8
BRDA:90,8,0,5
DA:91,5
DA:94,10
BRDA:94,9,0,2
BRDA:94,9,1,8
DA:95,2
DA:96,2
BRDA:96,10,0,1
DA:98,8
DA:99,8
BRDA:99,11,0,3
DA:100,3
DA:103,4
BRDA:103,12,0,4
BRDA:103,12,1,6
DA:104,4
DA:105,4
DA:106,4
BRDA:106,13,0,-
DA:107,0
DA:110,6
DA:111,6
DA:112,6
BRDA:112,14,0,-
DA:113,0
DA:118,0
FN:118,118,RouterSwapExecutor.
FNDA:0,RouterSwapExecutor.
DA:22,10
FN:22,27,RouterSwapExecutor.onlyRouter
FNDA:10,RouterSwapExecutor.onlyRouter
DA:23,10
BRDA:23,0,0,-
DA:24,0
DA:29,59
FN:29,35,RouterSwapExecutor.
FNDA:59,RouterSwapExecutor.
DA:30,59
BRDA:30,1,0,-
DA:31,0
DA:33,59
DA:34,59
DA:41,10
FN:41,116,RouterSwapExecutor.swap
FNDA:10,RouterSwapExecutor.swap
DA:47,10
DA:48,10
DA:49,10
DA:50,10
DA:51,10
DA:52,10
DA:53,4
BRDA:53,2,0,4
BRDA:53,2,1,5
DA:54,4
BRDA:54,3,0,3
BRDA:54,3,1,3
DA:55,3
DA:57,3
DA:62,1
DA:63,1
DA:66,6
BRDA:66,4,0,5
BRDA:66,4,1,5
DA:67,5
DA:69,5
DA:74,1
DA:75,1
DA:78,10
DA:81,10
BRDA:81,5,0,-
DA:83,10
DA:84,10
DA:85,10
BRDA:85,6,0,2
BRDA:85,6,1,8
DA:86,2
DA:87,2
BRDA:87,7,0,1
DA:89,8
DA:90,8
BRDA:90,8,0,5
DA:91,5
DA:94,10
BRDA:94,9,0,2
BRDA:94,9,1,8
DA:95,2
DA:96,2
BRDA:96,10,0,1
DA:98,8
DA:99,8
BRDA:99,11,0,3
DA:100,3
DA:103,4
BRDA:103,12,0,4
BRDA:103,12,1,6
DA:104,4
DA:105,4
DA:106,4
BRDA:106,13,0,-
DA:107,0
DA:110,6
DA:111,6
DA:112,6
BRDA:112,14,0,-
DA:113,0
DA:118,0
FN:118,118,RouterSwapExecutor.
FNDA:0,RouterSwapExecutor.
FNF:8
FNH:6
LF:104
LH:94
BRF:42
BRH:32
end_of_record
TN:
SF:src/RouterSwapResolver.sol
DA:18,9
FN:18,24,RouterSwapResolver.
FNDA:9,RouterSwapResolver.
DA:19,9
BRDA:19,0,0,1
DA:20,1
DA:23,8
DA:26,7
FN:26,80,RouterSwapResolver.calculateSwapAmount
FNDA:7,RouterSwapResolver.calculateSwapAmount
DA:32,7
DA:33,7
DA:34,7
BRDA:34,1,0,1
DA:35,1
DA:37,6
BRDA:37,2,0,1
DA:38,1
DA:41,5
DA:42,5
DA:43,5
BRDA:43,3,0,2
BRDA:43,3,1,2
DA:44,2
DA:46,2
DA:47,2
DA:49,3
DA:50,3
DA:53,5
DA:54,5
DA:55,5
DA:56,5
DA:57,5
DA:61,5
DA:62,5
DA:63,5
DA:67,5
DA:68,5
DA:69,5
DA:71,5
BRDA:71,4,0,2
BRDA:71,4,1,3
DA:72,2
DA:73,2
DA:76,3
BRDA:76,5,0,2
DA:77,2
DA:82,7
FN:82,91,RouterSwapResolver._getUnderlyingOrLiquidity
FNDA:7,RouterSwapResolver._getUnderlyingOrLiquidity
DA:87,7
DA:88,7
BRDA:88,6,0,1
DA:89,1
FNF:3
FNH:3
LF:39
LH:39
BRF:9
BRH:9
end_of_record
TN:
SF:src/TimeLock.sol
DA:19,1
FN:19,21,TimeLock.updateDelay
FNDA:1,TimeLock.updateDelay
DA:20,1
FNF:1
FNH:1
LF:2
LH:2
BRF:0
BRH:0
end_of_record
TN:
SF:src/abstracts/ArrakisMetaVault.sol
DA:43,30
FN:43,46,ArrakisMetaVault.onlyOwnerCustom
FNDA:30,ArrakisMetaVault.onlyOwnerCustom
DA:44,30
DA:48,12
FN:48,53,ArrakisMetaVault.onlyManager
FNDA:12,ArrakisMetaVault.onlyManager
DA:49,12
BRDA:49,0,0,1
DA:50,1
DA:57,101
FN:57,82,ArrakisMetaVault.
FNDA:101,ArrakisMetaVault.
DA:65,101
BRDA:65,1,0,1
DA:66,1
DA:68,100
BRDA:68,2,0,1
DA:69,99
BRDA:69,3,0,1
DA:70,98
BRDA:70,4,0,1
DA:71,97
BRDA:71,5,0,1
DA:72,96
BRDA:72,6,0,1
DA:76,95
DA:77,95
DA:78,95
DA:79,95
DA:81,95
DA:84,77
FN:84,92,ArrakisMetaVault.initialize
FNDA:77,ArrakisMetaVault.initialize
DA:85,77
BRDA:85,7,0,1
DA:87,76
DA:88,76
DA:90,76
DA:91,76
DA:97,12
FN:97,157,ArrakisMetaVault.setModule
FNDA:12,ArrakisMetaVault.setModule
DA:102,11
DA:104,11
BRDA:104,8,0,1
DA:105,10
BRDA:105,9,0,1
DA:106,1
DA:109,9
DA:113,9
DA:120,9
DA:128,9
DA:132,9
BRDA:132,10,0,1
DA:133,1
DA:136,8
DA:138,8
DA:139,1
BRDA:139,11,0,1
DA:140,1
DA:143,7
DA:147,7
DA:148,3
DA:150,3
BRDA:150,12,0,1
DA:151,1
DA:154,2
DA:156,5
DA:162,28
FN:162,180,ArrakisMetaVault.whitelistModules
FNDA:28,ArrakisMetaVault.whitelistModules
DA:166,27
DA:167,27
BRDA:167,13,0,1
DA:169,26
DA:170,26
DA:171,26
DA:174,26
DA:176,26
DA:179,26
DA:184,4
FN:184,199,ArrakisMetaVault.blacklistModules
FNDA:4,ArrakisMetaVault.blacklistModules
DA:188,3
DA:189,3
DA:190,3
DA:191,3
BRDA:191,14,0,1
DA:192,1
DA:194,2
BRDA:194,15,0,1
DA:195,1
DA:198,1
DA:203,43
FN:203,209,ArrakisMetaVault.whitelistedModules
FNDA:43,ArrakisMetaVault.whitelistedModules
DA:208,43
DA:216,8
FN:216,222,ArrakisMetaVault.getInits
FNDA:8,ArrakisMetaVault.getInits
DA:221,8
DA:228,15
FN:228,234,ArrakisMetaVault.totalUnderlying
FNDA:15,ArrakisMetaVault.totalUnderlying
DA:233,15
DA:241,1
FN:241,247,ArrakisMetaVault.totalUnderlyingAtPrice
FNDA:1,ArrakisMetaVault.totalUnderlyingAtPrice
DA:246,1
DA:253,4
FN:253,258,ArrakisMetaVault._withdraw
FNDA:4,ArrakisMetaVault._withdraw
DA:257,4
DA:260,9
FN:260,267,ArrakisMetaVault._withdrawManagerBalance
FNDA:9,ArrakisMetaVault._withdrawManagerBalance
DA:264,9
DA:266,9
DA:269,9
FN:269,272,ArrakisMetaVault._call
FNDA:9,ArrakisMetaVault._call
DA:270,9
DA:271,9
BRDA:271,16,0,1
FNF:14
FNH:14
LF:80
LH:80
BRF:17
BRH:17
end_of_record
TN:
SF:src/abstracts/ModuleRegistry.sol
DA:46,47
FN:46,56,ModuleRegistry.
FNDA:47,ModuleRegistry.
DA:48,47
DA:49,45
DA:50,3
BRDA:50,0,0,3
DA:51,3
DA:53,44
DA:54,44
DA:55,44
DA:63,43
FN:63,69,ModuleRegistry.initialize
FNDA:43,ModuleRegistry.initialize
DA:64,43
BRDA:64,1,0,1
DA:65,1
DA:68,42
DA:78,5
FN:78,80,ModuleRegistry.beacons
FNDA:5,ModuleRegistry.beacons
DA:79,5
DA:86,1
FN:86,92,ModuleRegistry.beaconsContains
FNDA:1,ModuleRegistry.beaconsContains
DA:91,1
DA:96,1
FN:96,98,ModuleRegistry.guardian
FNDA:1,ModuleRegistry.guardian
DA:97,1
DA:107,43
FN:107,143,ModuleRegistry.whitelistBeacons
FNDA:43,ModuleRegistry.whitelistBeacons
DA:111,42
DA:113,42
DA:114,42
DA:118,42
BRDA:118,2,0,1
DA:121,41
DA:122,2
DA:123,1
BRDA:123,3,0,1
DA:125,40
BRDA:125,4,0,1
DA:126,1
DA:133,39
DA:140,39
DA:148,3
FN:148,177,ModuleRegistry.blacklistBeacons
FNDA:3,ModuleRegistry.blacklistBeacons
DA:152,2
DA:154,2
DA:155,2
DA:159,2
BRDA:159,5,0,1
DA:160,1
DA:167,1
DA:174,1
DA:183,33
FN:183,219,ModuleRegistry._createModule
FNDA:33,ModuleRegistry._createModule
DA:190,33
BRDA:190,6,0,1
DA:191,1
DA:198,32
DA:202,32
DA:209,32
BRDA:209,7,0,1
DA:210,1
DA:214,31
DA:215,31
DA:216,1
BRDA:216,8,0,1
DA:221,36
FN:221,226,ModuleRegistry._checkVaultNotAddressZero
FNDA:36,ModuleRegistry._checkVaultNotAddressZero
DA:225,36
BRDA:225,9,0,1
FNF:9
FNH:9
LF:50
LH:50
BRF:10
BRH:10
end_of_record
TN:
SF:src/abstracts/UniV4StandardModule.sol
DA:150,161
FN:150,156,UniV4StandardModule.onlyManager
FNDA:161,UniV4StandardModule.onlyManager
DA:151,161
DA:152,161
BRDA:152,0,0,1
DA:153,1
DA:158,89
FN:158,164,UniV4StandardModule.onlyMetaVault
FNDA:89,UniV4StandardModule.onlyMetaVault
DA:159,89
DA:160,89
BRDA:160,1,0,2
DA:161,2
DA:166,2
FN:166,170,UniV4StandardModule.onlyGuardian
FNDA:2,UniV4StandardModule.onlyGuardian
DA:167,2
DA:168,2
BRDA:168,2,0,1
DA:174,176
FN:174,185,UniV4StandardModule.
FNDA:176,UniV4StandardModule.
DA:176,176
BRDA:176,3,0,1
DA:177,175
BRDA:177,4,0,1
DA:180,174
DA:182,174
DA:184,174
DA:191,4
FN:191,193,UniV4StandardModule.pause
FNDA:4,UniV4StandardModule.pause
DA:192,3
DA:197,2
FN:197,199,UniV4StandardModule.unpause
FNDA:2,UniV4StandardModule.unpause
DA:198,1
DA:214,176
FN:214,271,UniV4StandardModule.initialize
FNDA:176,UniV4StandardModule.initialize
DA:225,176
DA:226,1
BRDA:226,5,0,1
DA:227,175
BRDA:227,6,0,1
DA:228,1
DA:230,174
BRDA:230,7,0,-
DA:233,174
DA:234,174
DA:235,174
DA:236,174
DA:238,174
DA:239,174
DA:241,174
DA:242,174
DA:244,19
BRDA:244,8,0,19
BRDA:244,8,1,155
DA:245,19
DA:246,19
DA:248,155
DA:249,155
DA:254,174
DA:257,166
DA:260,164
DA:261,164
DA:263,164
BRDA:263,9,0,1
DA:265,163
DA:269,163
DA:270,163
DA:275,0
FN:275,279,UniV4StandardModule.initializePosition
FNDA:0,UniV4StandardModule.initializePosition
DA:283,3
FN:283,293,UniV4StandardModule.withdrawEth
FNDA:3,UniV4StandardModule.withdrawEth
DA:286,3
BRDA:286,10,0,1
DA:287,2
BRDA:287,11,0,1
DA:288,1
DA:291,1
DA:292,1
DA:295,5
FN:295,319,UniV4StandardModule.approve
FNDA:5,UniV4StandardModule.approve
DA:300,5
BRDA:300,12,0,1
DA:301,1
DA:304,4
DA:305,4
DA:307,4
BRDA:307,13,0,2
BRDA:307,13,1,2
DA:308,2
DA:310,2
DA:312,4
BRDA:312,14,0,3
BRDA:312,14,1,1
DA:313,3
DA:315,1
DA:318,4
DA:333,14
FN:333,436,UniV4StandardModule.setPool
FNDA:14,UniV4StandardModule.setPool
DA:342,13
DA:344,13
DA:347,11
DA:350,9
DA:351,1
DA:352,1
DA:353,1
BRDA:353,15,0,1
DA:356,8
DA:357,8
DA:359,8
BRDA:359,16,0,1
DA:365,7
DA:368,7
DA:370,7
DA:371,7
DA:373,7
DA:374,1
DA:376,1
DA:387,1
DA:401,7
DA:402,7
DA:404,7
DA:405,7
DA:409,7
BRDA:409,17,0,1
DA:410,6
BRDA:410,18,0,1
DA:419,5
DA:425,5
BRDA:425,19,0,3
DA:426,3
DA:427,3
DA:429,3
BRDA:429,20,0,1
DA:430,2
BRDA:430,21,0,1
DA:435,3
DA:445,16
FN:445,474,UniV4StandardModule.withdraw
FNDA:16,UniV4StandardModule.withdraw
DA:457,15
BRDA:457,22,0,1
DA:459,14
BRDA:459,23,0,1
DA:461,13
BRDA:461,24,0,1
DA:465,12
DA:469,12
DA:471,12
DA:473,12
DA:487,61
FN:487,513,UniV4StandardModule.rebalance
FNDA:61,UniV4StandardModule.rebalance
DA:506,61
DA:509,50
BRDA:509,25,0,1
DA:510,49
BRDA:510,26,0,1
DA:511,48
BRDA:511,27,0,1
DA:512,47
BRDA:512,28,0,1
DA:518,2
FN:518,555,UniV4StandardModule.withdrawManagerBalance
FNDA:2,UniV4StandardModule.withdrawManagerBalance
DA:524,160
DA:526,160
DA:527,160
DA:529,160
DA:530,2
DA:532,2
DA:543,160
DA:545,160
DA:549,160
DA:551,160
DA:559,161
FN:559,570,UniV4StandardModule.setManagerFeePIPS
FNDA:161,UniV4StandardModule.setManagerFeePIPS
DA:562,160
DA:563,160
BRDA:563,29,0,1
DA:564,159
BRDA:564,30,0,1
DA:566,158
DA:568,158
DA:569,158
DA:573,0
FN:573,573,UniV4StandardModule.
FNDA:0,UniV4StandardModule.
DA:579,11
FN:579,581,UniV4StandardModule.guardian
FNDA:11,UniV4StandardModule.guardian
DA:580,11
DA:585,22
FN:585,591,UniV4StandardModule.getRanges
FNDA:22,UniV4StandardModule.getRanges
DA:590,22
DA:596,77
FN:596,605,UniV4StandardModule.getInits
FNDA:77,UniV4StandardModule.getInits
DA:601,10
BRDA:601,31,0,10
DA:602,10
DA:604,67
DA:611,23
FN:611,651,UniV4StandardModule.totalUnderlying
FNDA:23,UniV4StandardModule.totalUnderlying
DA:616,23
DA:617,23
DA:618,23
DA:620,23
DA:621,23
DA:624,23
DA:625,23
DA:627,23
DA:628,23
DA:630,23
DA:643,23
DA:645,23
DA:648,3
BRDA:648,32,0,3
DA:649,3
DA:658,2
FN:658,693,UniV4StandardModule.totalUnderlyingAtPrice
FNDA:2,UniV4StandardModule.totalUnderlyingAtPrice
DA:661,2
DA:663,2
DA:664,2
DA:666,2
DA:667,2
DA:669,2
DA:670,2
DA:672,2
DA:685,2
DA:687,2
DA:690,1
BRDA:690,33,0,1
DA:691,1
DA:700,2
FN:700,765,UniV4StandardModule.validateRebalance
FNDA:2,UniV4StandardModule.validateRebalance
DA:705,2
DA:706,2
DA:707,2
DA:709,2
DA:712,2
DA:716,2
DA:717,2
DA:719,2
DA:721,2
BRDA:721,34,0,1
BRDA:721,34,1,1
DA:722,1
DA:728,1
DA:743,2
DA:744,2
DA:750,2
DA:764,2
BRDA:764,35,0,1
DA:770,2
FN:770,800,UniV4StandardModule.managerBalance0
FNDA:2,UniV4StandardModule.managerBalance0
DA:775,2
DA:776,2
DA:777,2
DA:779,2
DA:780,2
DA:782,2
DA:783,2
DA:785,2
DA:797,2
DA:805,2
FN:805,835,UniV4StandardModule.managerBalance1
FNDA:2,UniV4StandardModule.managerBalance1
DA:810,2
DA:811,2
DA:812,2
DA:814,2
DA:815,2
DA:817,2
DA:818,2
DA:820,2
DA:832,2
DA:841,243
FN:841,874,UniV4StandardModule._unlockCallback
FNDA:243,UniV4StandardModule._unlockCallback
DA:845,243
BRDA:845,36,0,12
DA:846,12
DA:847,12
DA:848,12
DA:861,231
BRDA:861,37,0,231
DA:862,231
DA:865,231
DA:866,231
DA:876,71
FN:876,908,UniV4StandardModule._internalRebalance
FNDA:71,UniV4StandardModule._internalRebalance
DA:888,71
DA:893,71
DA:895,60
DA:901,60
FNF:26
FNH:24
LF:218
LH:216
BRF:42
BRH:41
end_of_record
TN:
SF:src/abstracts/ValantisHOTModule.sol
DA:67,33
FN:67,72,ValantisModule.onlyMetaVault
FNDA:33,ValantisModule.onlyMetaVault
DA:68,33
BRDA:68,0,0,2
DA:69,2
DA:74,15
FN:74,80,ValantisModule.onlyManager
FNDA:15,ValantisModule.onlyManager
DA:75,15
DA:76,15
BRDA:76,1,0,1
DA:77,1
DA:82,2
FN:82,86,ValantisModule.onlyGuardian
FNDA:2,ValantisModule.onlyGuardian
DA:83,2
DA:84,2
BRDA:84,2,0,1
DA:90,85
FN:90,96,ValantisModule.
FNDA:85,ValantisModule.
DA:91,85
BRDA:91,3,0,1
DA:93,84
DA:95,84
DA:108,84
FN:108,135,ValantisModule.initialize
FNDA:84,ValantisModule.initialize
DA:115,84
BRDA:115,4,0,1
DA:116,83
BRDA:116,5,0,1
DA:117,82
BRDA:117,6,0,1
DA:118,81
BRDA:118,7,0,1
DA:119,1
DA:122,80
DA:123,80
DA:125,80
DA:126,80
DA:128,80
DA:129,80
DA:131,80
DA:133,80
DA:134,80
DA:141,0
FN:141,147,ValantisModule.initializePosition
FNDA:0,ValantisModule.initializePosition
DA:146,0
DA:153,4
FN:153,155,ValantisModule.pause
FNDA:4,ValantisModule.pause
DA:154,3
DA:159,2
FN:159,161,ValantisModule.unpause
FNDA:2,ValantisModule.unpause
DA:160,1
DA:170,81
FN:170,189,ValantisModule.setALMAndManagerFees
FNDA:81,ValantisModule.setALMAndManagerFees
DA:174,81
BRDA:174,8,0,1
DA:175,1
DA:177,80
BRDA:177,9,0,1
DA:178,1
DA:180,79
BRDA:180,10,0,1
DA:181,78
BRDA:181,11,0,1
DA:183,77
DA:184,77
DA:185,77
DA:187,77
DA:188,77
DA:198,8
FN:198,236,ValantisModule.withdraw
FNDA:8,ValantisModule.withdraw
DA:210,7
BRDA:210,12,0,1
DA:211,6
BRDA:211,13,0,1
DA:212,5
BRDA:212,14,0,1
DA:219,4
DA:221,4
DA:222,4
DA:225,4
BRDA:225,15,0,1
DA:231,3
DA:235,3
DA:241,3
FN:241,263,ValantisModule.withdrawManagerBalance
FNDA:3,ValantisModule.withdrawManagerBalance
DA:247,3
DA:249,3
DA:251,3
DA:252,3
DA:256,3
BRDA:256,16,0,1
DA:258,3
BRDA:258,17,0,1
DA:262,3
DA:267,23
FN:267,287,ValantisModule.setManagerFeePIPS
FNDA:23,ValantisModule.setManagerFeePIPS
DA:272,22
DA:276,22
BRDA:276,18,0,1
DA:280,21
DA:282,21
BRDA:282,19,0,2
DA:283,2
DA:286,21
DA:296,3
FN:296,308,ValantisModule.setPriceBounds
FNDA:3,ValantisModule.setPriceBounds
DA:302,2
DA:319,15
FN:319,442,ValantisModule.swap
FNDA:15,ValantisModule.swap
DA:328,14
DA:329,14
DA:330,14
DA:331,14
DA:333,14
DA:344,12
DA:347,12
DA:348,12
DA:349,12
DA:351,9
BRDA:351,20,0,9
BRDA:351,20,1,2
DA:352,9
BRDA:352,21,0,1
DA:353,3
BRDA:353,22,0,1
DA:354,1
DA:357,10
DA:359,10
DA:361,10
DA:365,8
BRDA:365,23,0,8
BRDA:365,23,1,2
DA:366,8
DA:368,2
DA:372,10
DA:373,8
DA:374,3
BRDA:374,24,0,3
DA:375,3
DA:379,7
DA:380,7
BRDA:380,25,0,1
DA:385,5
BRDA:385,26,0,5
BRDA:385,26,1,1
DA:386,5
DA:388,1
DA:393,6
DA:395,6
DA:398,5
BRDA:398,27,0,5
BRDA:398,27,1,-
DA:400,5
DA:402,1
BRDA:402,28,0,1
DA:403,1
DA:407,1
DA:409,1
BRDA:409,29,0,1
DA:410,1
DA:419,4
DA:422,4
DA:427,4
DA:436,4
DA:447,2
FN:447,453,ValantisModule.managerBalance0
FNDA:2,ValantisModule.managerBalance0
DA:452,2
DA:458,1
FN:458,464,ValantisModule.managerBalance1
FNDA:1,ValantisModule.managerBalance1
DA:463,1
DA:470,12
FN:470,507,ValantisModule.validateRebalance
FNDA:12,ValantisModule.validateRebalance
DA:474,12
DA:475,12
DA:477,12
DA:478,12
DA:480,12
DA:482,12
BRDA:482,30,0,11
BRDA:482,30,1,1
DA:483,11
DA:489,1
DA:498,12
DA:506,12
BRDA:506,31,0,2
DA:511,2
FN:511,513,ValantisModule.managerFeePIPS
FNDA:2,ValantisModule.managerFeePIPS
DA:512,2
DA:518,2
FN:518,524,ValantisModule.getInits
FNDA:2,ValantisModule.getInits
DA:523,2
DA:530,16
FN:530,536,ValantisModule.totalUnderlying
FNDA:16,ValantisModule.totalUnderlying
DA:535,16
DA:543,2
FN:543,549,ValantisModule.totalUnderlyingAtPrice
FNDA:2,ValantisModule.totalUnderlyingAtPrice
DA:548,2
DA:555,15
FN:555,557,ValantisModule.guardian
FNDA:15,ValantisModule.guardian
DA:556,15
DA:563,3
FN:563,579,ValantisModule._initializePosition
FNDA:3,ValantisModule._initializePosition
DA:564,3
DA:565,3
DA:568,3
BRDA:568,32,0,2
DA:569,2
DA:571,3
BRDA:571,33,0,2
DA:572,2
DA:576,3
DA:578,3
DA:581,14
FN:581,607,ValantisModule._checkMinReturn
FNDA:14,ValantisModule._checkMinReturn
DA:588,10
BRDA:588,34,0,10
BRDA:588,34,1,3
DA:590,10
DA:593,10
DA:596,1
BRDA:596,35,0,1
DA:599,4
DA:602,4
DA:605,1
BRDA:605,36,0,1
FNF:24
FNH:23
LF:158
LH:156
BRF:43
BRH:42
end_of_record
TN:
SF:src/hooks/ArrakisPrivateHook.sol
DA:37,19
FN:37,52,ArrakisPrivateHook.
FNDA:19,ArrakisPrivateHook.
DA:40,19
BRDA:40,0,0,1
DA:41,1
DA:44,18
DA:46,18
DA:48,18
DA:49,18
DA:50,18
DA:51,18
DA:54,6
FN:54,80,ArrakisPrivateHook.setFees
FNDA:6,ArrakisPrivateHook.setFees
DA:58,6
DA:59,6
DA:61,6
BRDA:61,1,0,1
DA:62,1
DA:67,5
DA:68,4
DA:72,3
DA:74,3
DA:79,3
DA:84,1
FN:84,90,ArrakisPrivateHook.beforeInitialize
FNDA:1,ArrakisPrivateHook.beforeInitialize
DA:89,1
DA:94,1
FN:94,101,ArrakisPrivateHook.afterInitialize
FNDA:1,ArrakisPrivateHook.afterInitialize
DA:100,1
DA:105,2
FN:105,116,ArrakisPrivateHook.beforeAddLiquidity
FNDA:2,ArrakisPrivateHook.beforeAddLiquidity
DA:111,2
BRDA:111,2,0,1
DA:112,1
DA:115,1
DA:120,1
FN:120,129,ArrakisPrivateHook.afterAddLiquidity
FNDA:1,ArrakisPrivateHook.afterAddLiquidity
DA:128,1
DA:132,1
FN:132,139,ArrakisPrivateHook.beforeRemoveLiquidity
FNDA:1,ArrakisPrivateHook.beforeRemoveLiquidity
DA:138,1
DA:143,1
FN:143,152,ArrakisPrivateHook.afterRemoveLiquidity
FNDA:1,ArrakisPrivateHook.afterRemoveLiquidity
DA:151,1
DA:155,2
FN:155,172,ArrakisPrivateHook.beforeSwap
FNDA:2,ArrakisPrivateHook.beforeSwap
DA:169,2
DA:170,2
DA:176,1
FN:176,184,ArrakisPrivateHook.afterSwap
FNDA:1,ArrakisPrivateHook.afterSwap
DA:183,1
DA:188,1
FN:188,196,ArrakisPrivateHook.beforeDonate
FNDA:1,ArrakisPrivateHook.beforeDonate
DA:195,1
DA:200,1
FN:200,208,ArrakisPrivateHook.afterDonate
FNDA:1,ArrakisPrivateHook.afterDonate
DA:207,1
DA:212,1
FN:212,214,ArrakisPrivateHook.zeroForOneFee
FNDA:1,ArrakisPrivateHook.zeroForOneFee
DA:213,1
DA:216,1
FN:216,218,ArrakisPrivateHook.oneForZeroFee
FNDA:1,ArrakisPrivateHook.oneForZeroFee
DA:217,1
DA:222,18
FN:222,244,ArrakisPrivateHook.getHookPermissions
FNDA:18,ArrakisPrivateHook.getHookPermissions
DA:228,18
DA:246,0
FN:246,250,ArrakisPrivateHook._validateHookAddress
FNDA:0,ArrakisPrivateHook._validateHookAddress
DA:249,0
FNF:16
FNH:15
LF:50
LH:48
BRF:3
BRH:3
end_of_record
TN:
SF:src/libraries/UnderlyingV4.sol
DA:44,18
FN:44,81,UnderlyingV4.totalUnderlyingForMint
FNDA:18,UnderlyingV4.totalUnderlyingForMint
DA:48,18
DA:49,18
DA:50,18
DA:52,6
DA:53,6
DA:61,6
DA:62,6
DA:63,6
DA:64,6
DA:68,18
DA:69,18
DA:71,18
DA:73,18
DA:75,18
DA:78,18
DA:84,0
FN:84,97,UnderlyingV4.totalUnderlyingWithFees
FNDA:0,UnderlyingV4.totalUnderlyingWithFees
DA:96,0
DA:99,29
FN:99,115,UnderlyingV4.totalUnderlyingAtPriceWithFees
FNDA:29,UnderlyingV4.totalUnderlyingAtPriceWithFees
DA:112,29
DA:117,0
FN:117,147,UnderlyingV4.underlying
FNDA:0,UnderlyingV4.underlying
DA:130,19
BRDA:130,0,0,-
DA:131,0
DA:136,19
DA:145,19
DA:149,0
FN:149,176,UnderlyingV4.underlyingMint
FNDA:0,UnderlyingV4.underlyingMint
DA:162,6
[...]
DA:14,0
DA:17,0
FN:17,19,OracleMock.setPrice1
FNDA:0,OracleMock.setPrice1
DA:18,0
DA:23,0
FN:23,25,OracleMock.getPrice0
FNDA:0,OracleMock.getPrice0
DA:24,0
DA:27,0
FN:27,29,OracleMock.getPrice1
FNDA:0,OracleMock.getPrice1
DA:28,0
FNF:4
FNH:0
LF:8
LH:0
BRF:0
BRH:0
end_of_record
TN:
SF:test/unit_tests/UniV4StandardModulePrivate/mocks/SimpleHook.sol
DA:20,0
FN:20,26,SimpleHook.beforeInitialize
FNDA:0,SimpleHook.beforeInitialize
DA:25,0
DA:28,0
FN:28,35,SimpleHook.afterInitialize
FNDA:0,SimpleHook.afterInitialize
DA:34,0
DA:37,0
FN:37,44,SimpleHook.beforeAddLiquidity
FNDA:0,SimpleHook.beforeAddLiquidity
DA:43,0
DA:46,0
FN:46,55,SimpleHook.afterAddLiquidity
FNDA:0,SimpleHook.afterAddLiquidity
DA:54,0
DA:57,0
FN:57,64,SimpleHook.beforeRemoveLiquidity
FNDA:0,SimpleHook.beforeRemoveLiquidity
DA:63,0
DA:66,0
FN:66,75,SimpleHook.afterRemoveLiquidity
FNDA:0,SimpleHook.afterRemoveLiquidity
DA:74,0
DA:77,0
FN:77,84,SimpleHook.beforeSwap
FNDA:0,SimpleHook.beforeSwap
DA:83,0
DA:86,0
FN:86,94,SimpleHook.afterSwap
FNDA:0,SimpleHook.afterSwap
DA:93,0
DA:96,0
FN:96,104,SimpleHook.beforeDonate
FNDA:0,SimpleHook.beforeDonate
DA:103,0
DA:106,0
FN:106,114,SimpleHook.afterDonate
FNDA:0,SimpleHook.afterDonate
DA:113,0
FNF:10
FNH:0
LF:20
LH:0
BRF:0
BRH:0
end_of_record
TN:
SF:test/unit_tests/ValantisHOTModulePrivate/mocks/ArrakisMetaVaultMock.sol
DA:10,0
FN:10,12,ArrakisMetaVaultMock.setManager
FNDA:0,ArrakisMetaVaultMock.setManager
DA:11,0
DA:14,0
FN:14,20,ArrakisMetaVaultMock.setToken0AndToken1
FNDA:0,ArrakisMetaVaultMock.setToken0AndToken1
DA:18,0
DA:19,0
DA:22,0
FN:22,24,ArrakisMetaVaultMock.setOwner
FNDA:0,ArrakisMetaVaultMock.setOwner
DA:23,0
DA:10,5
FN:10,12,ArrakisMetaVaultMock.setManager
FNDA:5,ArrakisMetaVaultMock.setManager
DA:11,5
DA:14,5
FN:14,20,ArrakisMetaVaultMock.setToken0AndToken1
FNDA:5,ArrakisMetaVaultMock.setToken0AndToken1
DA:18,5
DA:19,5
DA:22,5
FN:22,24,ArrakisMetaVaultMock.setOwner
FNDA:5,ArrakisMetaVaultMock.setOwner
DA:23,5
FNF:6
FNH:3
LF:14
LH:7
BRF:0
BRH:0
end_of_record
TN:
SF:test/unit_tests/ValantisHOTModulePrivate/mocks/GuardianMock.sol
DA:7,0
FN:7,9,GuardianMock.setPauser
FNDA:0,GuardianMock.setPauser
DA:8,0
DA:7,5
FN:7,9,GuardianMock.setPauser
FNDA:5,GuardianMock.setPauser
DA:8,5
FNF:2
FNH:1
LF:4
LH:2
BRF:0
BRH:0
end_of_record
TN:
SF:test/unit_tests/ValantisHOTModulePrivate/mocks/OracleMock.sol
DA:8,0
FN:8,10,OracleMock.getPrice0
FNDA:0,OracleMock.getPrice0
DA:9,0
DA:12,0
FN:12,14,OracleMock.getPrice1
FNDA:0,OracleMock.getPrice1
DA:13,0
DA:8,5
FN:8,10,OracleMock.getPrice0
FNDA:5,OracleMock.getPrice0
DA:9,5
DA:12,0
FN:12,14,OracleMock.getPrice1
FNDA:0,OracleMock.getPrice1
DA:13,0
FNF:4
FNH:1
LF:8
LH:2
BRF:0
BRH:0
end_of_record
TN:
SF:test/unit_tests/ValantisHOTModulePrivate/mocks/SovereignALMBuggy1Mock.sol
DA:12,0
FN:12,18,SovereignALMBuggy1Mock.setToken0AndToken1
FNDA:0,SovereignALMBuggy1Mock.setToken0AndToken1
DA:16,0
DA:17,0
DA:20,0
FN:20,31,SovereignALMBuggy1Mock.getReservesAtPrice
FNDA:0,SovereignALMBuggy1Mock.getReservesAtPrice
DA:25,0
DA:28,0
DA:33,0
FN:33,51,SovereignALMBuggy1Mock.depositLiquidity
FNDA:0,SovereignALMBuggy1Mock.depositLiquidity
DA:42,0
DA:45,0
DA:49,0
DA:50,0
DA:53,0
FN:53,62,SovereignALMBuggy1Mock.withdrawLiquidity
FNDA:0,SovereignALMBuggy1Mock.withdrawLiquidity
DA:60,0
DA:61,0
DA:12,0
FN:12,18,SovereignALMBuggy1Mock.setToken0AndToken1
FNDA:0,SovereignALMBuggy1Mock.setToken0AndToken1
DA:16,0
DA:17,0
DA:20,0
FN:20,31,SovereignALMBuggy1Mock.getReservesAtPrice
FNDA:0,SovereignALMBuggy1Mock.getReservesAtPrice
DA:25,0
DA:28,0
DA:33,0
FN:33,51,SovereignALMBuggy1Mock.depositLiquidity
FNDA:0,SovereignALMBuggy1Mock.depositLiquidity
DA:42,0
DA:45,0
DA:49,0
DA:50,0
DA:53,0
FN:53,62,SovereignALMBuggy1Mock.withdrawLiquidity
FNDA:0,SovereignALMBuggy1Mock.withdrawLiquidity
DA:60,0
DA:61,0
FNF:8
FNH:0
LF:28
LH:0
BRF:0
BRH:0
end_of_record
TN:
SF:test/unit_tests/ValantisHOTModulePrivate/mocks/SovereignALMBuggy2Mock.sol
DA:12,0
FN:12,18,SovereignALMBuggy2Mock.setToken0AndToken1
FNDA:0,SovereignALMBuggy2Mock.setToken0AndToken1
DA:16,0
DA:17,0
DA:20,0
FN:20,31,SovereignALMBuggy2Mock.getReservesAtPrice
FNDA:0,SovereignALMBuggy2Mock.getReservesAtPrice
DA:25,0
DA:28,0
DA:33,0
FN:33,51,SovereignALMBuggy2Mock.depositLiquidity
FNDA:0,SovereignALMBuggy2Mock.depositLiquidity
DA:42,0
DA:45,0
DA:49,0
DA:50,0
DA:53,0
FN:53,62,SovereignALMBuggy2Mock.withdrawLiquidity
FNDA:0,SovereignALMBuggy2Mock.withdrawLiquidity
DA:60,0
DA:61,0
DA:12,0
FN:12,18,SovereignALMBuggy2Mock.setToken0AndToken1
FNDA:0,SovereignALMBuggy2Mock.setToken0AndToken1
DA:16,0
DA:17,0
DA:20,0
FN:20,31,SovereignALMBuggy2Mock.getReservesAtPrice
FNDA:0,SovereignALMBuggy2Mock.getReservesAtPrice
DA:25,0
DA:28,0
DA:33,0
FN:33,51,SovereignALMBuggy2Mock.depositLiquidity
FNDA:0,SovereignALMBuggy2Mock.depositLiquidity
DA:42,0
DA:45,0
DA:49,0
DA:50,0
DA:53,0
FN:53,62,SovereignALMBuggy2Mock.withdrawLiquidity
FNDA:0,SovereignALMBuggy2Mock.withdrawLiquidity
DA:60,0
DA:61,0
FNF:8
FNH:0
LF:28
LH:0
BRF:0
BRH:0
end_of_record
TN:
SF:test/unit_tests/ValantisHOTModulePrivate/mocks/SovereignALMMock.sol
DA:12,0
FN:12,18,SovereignALMMock.setToken0AndToken1
FNDA:0,SovereignALMMock.setToken0AndToken1
DA:16,0
DA:17,0
DA:20,0
FN:20,31,SovereignALMMock.getReservesAtPrice
FNDA:0,SovereignALMMock.getReservesAtPrice
DA:25,0
DA:28,0
DA:33,0
FN:33,51,SovereignALMMock.depositLiquidity
FNDA:0,SovereignALMMock.depositLiquidity
DA:42,0
DA:45,0
DA:49,0
DA:50,0
DA:53,0
FN:53,62,SovereignALMMock.withdrawLiquidity
FNDA:0,SovereignALMMock.withdrawLiquidity
DA:60,0
DA:61,0
DA:64,0
FN:64,69,SovereignALMMock.setPriceBounds
FNDA:0,SovereignALMMock.setPriceBounds
DA:12,5
FN:12,18,SovereignALMMock.setToken0AndToken1
FNDA:5,SovereignALMMock.setToken0AndToken1
DA:16,5
DA:17,5
DA:20,0
FN:20,31,SovereignALMMock.getReservesAtPrice
FNDA:0,SovereignALMMock.getReservesAtPrice
DA:25,0
DA:28,0
DA:33,1
FN:33,51,SovereignALMMock.depositLiquidity
FNDA:1,SovereignALMMock.depositLiquidity
DA:42,1
DA:45,1
DA:49,1
DA:50,1
DA:53,0
FN:53,62,SovereignALMMock.withdrawLiquidity
FNDA:0,SovereignALMMock.withdrawLiquidity
DA:60,0
DA:61,0
DA:64,0
FN:64,69,SovereignALMMock.setPriceBounds
FNDA:0,SovereignALMMock.setPriceBounds
FNF:10
FNH:2
LF:30
LH:8
BRF:0
BRH:0
end_of_record
TN:
SF:test/unit_tests/ValantisHOTModulePrivate/mocks/SovereignPoolMock.sol
DA:15,0
FN:15,21,SovereignPoolMock.setToken0AndToken1
FNDA:0,SovereignPoolMock.setToken0AndToken1
DA:19,0
DA:20,0
DA:23,0
FN:23,29,SovereignPoolMock.setManagesFees
FNDA:0,SovereignPoolMock.setManagesFees
DA:27,0
DA:28,0
DA:31,0
FN:31,35,SovereignPoolMock.setPoolManagerFeeBips
FNDA:0,SovereignPoolMock.setPoolManagerFeeBips
DA:34,0
DA:37,0
FN:37,56,SovereignPoolMock.claimPoolManagerFees
FNDA:0,SovereignPoolMock.claimPoolManagerFees
DA:47,0
DA:48,0
DA:49,0
BRDA:49,0,0,-
DA:50,0
DA:53,0
BRDA:53,1,0,-
DA:54,0
DA:60,0
FN:60,67,SovereignPoolMock.getPoolManagerFees
FNDA:0,SovereignPoolMock.getPoolManagerFees
DA:65,0
DA:66,0
DA:69,0
FN:69,71,SovereignPoolMock.poolManagerFeeBips
FNDA:0,SovereignPoolMock.poolManagerFeeBips
DA:70,0
DA:15,5
FN:15,21,SovereignPoolMock.setToken0AndToken1
FNDA:5,SovereignPoolMock.setToken0AndToken1
DA:19,5
DA:20,5
DA:23,0
FN:23,29,SovereignPoolMock.setManagesFees
FNDA:0,SovereignPoolMock.setManagesFees
DA:27,0
DA:28,0
DA:31,5
FN:31,35,SovereignPoolMock.setPoolManagerFeeBips
FNDA:5,SovereignPoolMock.setPoolManagerFeeBips
DA:34,5
DA:37,0
FN:37,56,SovereignPoolMock.claimPoolManagerFees
FNDA:0,SovereignPoolMock.claimPoolManagerFees
DA:47,0
DA:48,0
DA:49,0
BRDA:49,0,0,-
DA:50,0
DA:53,0
BRDA:53,1,0,-
DA:54,0
DA:60,0
FN:60,67,SovereignPoolMock.getPoolManagerFees
FNDA:0,SovereignPoolMock.getPoolManagerFees
DA:65,0
DA:66,0
DA:69,0
FN:69,71,SovereignPoolMock.poolManagerFeeBips
FNDA:0,SovereignPoolMock.poolManagerFeeBips
DA:70,0
FNF:12
FNH:2
LF:40
LH:5
BRF:4
BRH:0
end_of_record
TN:
SF:test/unit_tests/ValantisHOTModulePublic/mocks/ArrakisMetaVaultMock.sol
DA:10,0
FN:10,12,ArrakisMetaVaultMock.setManager
FNDA:0,ArrakisMetaVaultMock.setManager
DA:11,0
DA:14,0
FN:14,20,ArrakisMetaVaultMock.setToken0AndToken1
FNDA:0,ArrakisMetaVaultMock.setToken0AndToken1
DA:18,0
DA:19,0
DA:22,0
FN:22,24,ArrakisMetaVaultMock.setOwner
FNDA:0,ArrakisMetaVaultMock.setOwner
DA:23,0
DA:10,57
FN:10,12,ArrakisMetaVaultMock.setManager
FNDA:57,ArrakisMetaVaultMock.setManager
DA:11,57
DA:14,57
FN:14,20,ArrakisMetaVaultMock.setToken0AndToken1
FNDA:57,ArrakisMetaVaultMock.setToken0AndToken1
DA:18,57
DA:19,57
DA:22,57
FN:22,24,ArrakisMetaVaultMock.setOwner
FNDA:57,ArrakisMetaVaultMock.setOwner
DA:23,57
FNF:6
FNH:3
LF:14
LH:7
BRF:0
BRH:0
end_of_record
TN:
SF:test/unit_tests/ValantisHOTModulePublic/mocks/GuardianMock.sol
DA:7,0
FN:7,9,GuardianMock.setPauser
FNDA:0,GuardianMock.setPauser
DA:8,0
DA:7,57
FN:7,9,GuardianMock.setPauser
FNDA:57,GuardianMock.setPauser
DA:8,57
FNF:2
FNH:1
LF:4
LH:2
BRF:0
BRH:0
end_of_record
TN:
SF:test/unit_tests/ValantisHOTModulePublic/mocks/OracleMock.sol
DA:8,0
FN:8,10,OracleMock.getPrice0
FNDA:0,OracleMock.getPrice0
DA:9,0
DA:12,0
FN:12,14,OracleMock.getPrice1
FNDA:0,OracleMock.getPrice1
DA:13,0
DA:8,69
FN:8,10,OracleMock.getPrice0
FNDA:69,OracleMock.getPrice0
DA:9,69
DA:12,4
FN:12,14,OracleMock.getPrice1
FNDA:4,OracleMock.getPrice1
DA:13,4
FNF:4
FNH:2
LF:8
LH:4
BRF:0
BRH:0
end_of_record
TN:
SF:test/unit_tests/ValantisHOTModulePublic/mocks/SovereignALMBuggy2Mock.sol
DA:12,0
FN:12,18,SovereignALMBuggy2Mock.setToken0AndToken1
FNDA:0,SovereignALMBuggy2Mock.setToken0AndToken1
DA:16,0
DA:17,0
DA:20,0
FN:20,31,SovereignALMBuggy2Mock.getReservesAtPrice
FNDA:0,SovereignALMBuggy2Mock.getReservesAtPrice
DA:25,0
DA:28,0
DA:33,0
FN:33,51,SovereignALMBuggy2Mock.depositLiquidity
FNDA:0,SovereignALMBuggy2Mock.depositLiquidity
DA:42,0
DA:45,0
DA:49,0
DA:50,0
DA:53,0
FN:53,62,SovereignALMBuggy2Mock.withdrawLiquidity
FNDA:0,SovereignALMBuggy2Mock.withdrawLiquidity
DA:60,0
DA:61,0
DA:12,0
FN:12,18,SovereignALMBuggy2Mock.setToken0AndToken1
FNDA:0,SovereignALMBuggy2Mock.setToken0AndToken1
DA:16,0
DA:17,0
DA:20,0
FN:20,31,SovereignALMBuggy2Mock.getReservesAtPrice
FNDA:0,SovereignALMBuggy2Mock.getReservesAtPrice
DA:25,0
DA:28,0
DA:33,0
FN:33,51,SovereignALMBuggy2Mock.depositLiquidity
FNDA:0,SovereignALMBuggy2Mock.depositLiquidity
DA:42,0
DA:45,0
DA:49,0
DA:50,0
DA:53,0
FN:53,62,SovereignALMBuggy2Mock.withdrawLiquidity
FNDA:0,SovereignALMBuggy2Mock.withdrawLiquidity
DA:60,0
DA:61,0
FNF:8
FNH:0
LF:28
LH:0
BRF:0
BRH:0
end_of_record
TN:
SF:test/unit_tests/ValantisHOTModulePublic/mocks/SovereignALMBuggy3Mock.sol
DA:12,0
FN:12,18,SovereignALMBuggy3Mock.setToken0AndToken1
FNDA:0,SovereignALMBuggy3Mock.setToken0AndToken1
DA:16,0
DA:17,0
DA:20,0
FN:20,31,SovereignALMBuggy3Mock.getReservesAtPrice
FNDA:0,SovereignALMBuggy3Mock.getReservesAtPrice
DA:25,0
DA:28,0
DA:33,0
FN:33,51,SovereignALMBuggy3Mock.depositLiquidity
FNDA:0,SovereignALMBuggy3Mock.depositLiquidity
DA:42,0
DA:45,0
DA:49,0
DA:50,0
DA:53,0
FN:53,62,SovereignALMBuggy3Mock.withdrawLiquidity
FNDA:0,SovereignALMBuggy3Mock.withdrawLiquidity
DA:60,0
DA:61,0
DA:12,0
FN:12,18,SovereignALMBuggy3Mock.setToken0AndToken1
FNDA:0,SovereignALMBuggy3Mock.setToken0AndToken1
DA:16,0
DA:17,0
DA:20,0
FN:20,31,SovereignALMBuggy3Mock.getReservesAtPrice
FNDA:0,SovereignALMBuggy3Mock.getReservesAtPrice
DA:25,0
DA:28,0
DA:33,0
FN:33,51,SovereignALMBuggy3Mock.depositLiquidity
FNDA:0,SovereignALMBuggy3Mock.depositLiquidity
DA:42,0
DA:45,0
DA:49,0
DA:50,0
DA:53,0
FN:53,62,SovereignALMBuggy3Mock.withdrawLiquidity
FNDA:0,SovereignALMBuggy3Mock.withdrawLiquidity
DA:60,0
DA:61,0
FNF:8
FNH:0
LF:28
LH:0
BRF:0
BRH:0
end_of_record
TN:
SF:test/unit_tests/ValantisHOTModulePublic/mocks/SovereignALMBuggy4Mock.sol
DA:12,0
FN:12,18,SovereignALMBuggy4Mock.setToken0AndToken1
FNDA:0,SovereignALMBuggy4Mock.setToken0AndToken1
DA:16,0
DA:17,0
DA:20,0
FN:20,31,SovereignALMBuggy4Mock.getReservesAtPrice
FNDA:0,SovereignALMBuggy4Mock.getReservesAtPrice
DA:25,0
DA:28,0
DA:33,0
FN:33,51,SovereignALMBuggy4Mock.depositLiquidity
FNDA:0,SovereignALMBuggy4Mock.depositLiquidity
DA:42,0
DA:45,0
DA:49,0
DA:50,0
DA:53,0
FN:53,62,SovereignALMBuggy4Mock.withdrawLiquidity
FNDA:0,SovereignALMBuggy4Mock.withdrawLiquidity
DA:60,0
DA:61,0
DA:12,0
FN:12,18,SovereignALMBuggy4Mock.setToken0AndToken1
FNDA:0,SovereignALMBuggy4Mock.setToken0AndToken1
DA:16,0
DA:17,0
DA:20,0
FN:20,31,SovereignALMBuggy4Mock.getReservesAtPrice
FNDA:0,SovereignALMBuggy4Mock.getReservesAtPrice
DA:25,0
DA:28,0
DA:33,0
FN:33,51,SovereignALMBuggy4Mock.depositLiquidity
FNDA:0,SovereignALMBuggy4Mock.depositLiquidity
DA:42,0
DA:45,0
DA:49,0
DA:50,0
DA:53,0
FN:53,62,SovereignALMBuggy4Mock.withdrawLiquidity
FNDA:0,SovereignALMBuggy4Mock.withdrawLiquidity
DA:60,0
DA:61,0
FNF:8
FNH:0
LF:28
LH:0
BRF:0
BRH:0
end_of_record
TN:
SF:test/unit_tests/ValantisHOTModulePublic/mocks/SovereignALMBuggy5Mock.sol
DA:12,0
FN:12,18,SovereignALMBuggy5Mock.setToken0AndToken1
FNDA:0,SovereignALMBuggy5Mock.setToken0AndToken1
DA:16,0
DA:17,0
DA:20,0
FN:20,31,SovereignALMBuggy5Mock.getReservesAtPrice
FNDA:0,SovereignALMBuggy5Mock.getReservesAtPrice
DA:25,0
DA:28,0
DA:33,0
FN:33,51,SovereignALMBuggy5Mock.depositLiquidity
FNDA:0,SovereignALMBuggy5Mock.depositLiquidity
DA:42,0
DA:45,0
DA:49,0
DA:50,0
DA:53,0
FN:53,62,SovereignALMBuggy5Mock.withdrawLiquidity
FNDA:0,SovereignALMBuggy5Mock.withdrawLiquidity
DA:60,0
DA:61,0
DA:12,0
FN:12,18,SovereignALMBuggy5Mock.setToken0AndToken1
FNDA:0,SovereignALMBuggy5Mock.setToken0AndToken1
DA:16,0
DA:17,0
DA:20,0
FN:20,31,SovereignALMBuggy5Mock.getReservesAtPrice
FNDA:0,SovereignALMBuggy5Mock.getReservesAtPrice
DA:25,0
DA:28,0
DA:33,0
FN:33,51,SovereignALMBuggy5Mock.depositLiquidity
FNDA:0,SovereignALMBuggy5Mock.depositLiquidity
DA:42,0
DA:45,0
DA:49,0
DA:50,0
DA:53,0
FN:53,62,SovereignALMBuggy5Mock.withdrawLiquidity
FNDA:0,SovereignALMBuggy5Mock.withdrawLiquidity
DA:60,0
DA:61,0
FNF:8
FNH:0
LF:28
LH:0
BRF:0
BRH:0
end_of_record
TN:
SF:test/unit_tests/ValantisHOTModulePublic/mocks/SovereignALMBuggy6Mock.sol
DA:12,0
FN:12,18,SovereignALMBuggy6Mock.setToken0AndToken1
FNDA:0,SovereignALMBuggy6Mock.setToken0AndToken1
DA:16,0
DA:17,0
DA:20,0
FN:20,31,SovereignALMBuggy6Mock.getReservesAtPrice
FNDA:0,SovereignALMBuggy6Mock.getReservesAtPrice
DA:25,0
DA:28,0
DA:33,0
FN:33,51,SovereignALMBuggy6Mock.depositLiquidity
FNDA:0,SovereignALMBuggy6Mock.depositLiquidity
DA:42,0
DA:45,0
DA:49,0
DA:50,0
DA:53,0
FN:53,62,SovereignALMBuggy6Mock.withdrawLiquidity
FNDA:0,SovereignALMBuggy6Mock.withdrawLiquidity
DA:60,0
DA:61,0
DA:12,0
FN:12,18,SovereignALMBuggy6Mock.setToken0AndToken1
FNDA:0,SovereignALMBuggy6Mock.setToken0AndToken1
DA:16,0
DA:17,0
DA:20,0
FN:20,31,SovereignALMBuggy6Mock.getReservesAtPrice
FNDA:0,SovereignALMBuggy6Mock.getReservesAtPrice
DA:25,0
DA:28,0
DA:33,0
FN:33,51,SovereignALMBuggy6Mock.depositLiquidity
FNDA:0,SovereignALMBuggy6Mock.depositLiquidity
DA:42,0
DA:45,0
DA:49,0
DA:50,0
DA:53,0
FN:53,62,SovereignALMBuggy6Mock.withdrawLiquidity
FNDA:0,SovereignALMBuggy6Mock.withdrawLiquidity
DA:60,0
DA:61,0
FNF:8
FNH:0
LF:28
LH:0
BRF:0
BRH:0
end_of_record
TN:
SF:test/unit_tests/ValantisHOTModulePublic/mocks/SovereignALMBuggyMock.sol
DA:12,0
FN:12,18,SovereignALMBuggyMock.setToken0AndToken1
FNDA:0,SovereignALMBuggyMock.setToken0AndToken1
DA:16,0
DA:17,0
DA:20,0
FN:20,31,SovereignALMBuggyMock.getReservesAtPrice
FNDA:0,SovereignALMBuggyMock.getReservesAtPrice
DA:25,0
DA:28,0
DA:33,0
FN:33,51,SovereignALMBuggyMock.depositLiquidity
FNDA:0,SovereignALMBuggyMock.depositLiquidity
DA:42,0
DA:45,0
DA:49,0
DA:50,0
DA:53,0
FN:53,62,SovereignALMBuggyMock.withdrawLiquidity
FNDA:0,SovereignALMBuggyMock.withdrawLiquidity
DA:60,0
DA:61,0
DA:12,0
FN:12,18,SovereignALMBuggyMock.setToken0AndToken1
FNDA:0,SovereignALMBuggyMock.setToken0AndToken1
DA:16,0
DA:17,0
DA:20,0
FN:20,31,SovereignALMBuggyMock.getReservesAtPrice
FNDA:0,SovereignALMBuggyMock.getReservesAtPrice
DA:25,0
DA:28,0
DA:33,0
FN:33,51,SovereignALMBuggyMock.depositLiquidity
FNDA:0,SovereignALMBuggyMock.depositLiquidity
DA:42,0
DA:45,0
DA:49,0
DA:50,0
DA:53,0
FN:53,62,SovereignALMBuggyMock.withdrawLiquidity
FNDA:0,SovereignALMBuggyMock.withdrawLiquidity
DA:60,0
DA:61,0
FNF:8
FNH:0
LF:28
LH:0
BRF:0
BRH:0
end_of_record
TN:
SF:test/unit_tests/ValantisHOTModulePublic/mocks/SovereignALMMock.sol
DA:14,0
FN:14,18,SovereignALMMock.setSqrtSpotPriceX96
FNDA:0,SovereignALMMock.setSqrtSpotPriceX96
DA:17,0
DA:20,0
FN:20,26,SovereignALMMock.setToken0AndToken1
FNDA:0,SovereignALMMock.setToken0AndToken1
DA:24,0
DA:25,0
DA:28,0
FN:28,39,SovereignALMMock.getReservesAtPrice
FNDA:0,SovereignALMMock.getReservesAtPrice
DA:33,0
DA:36,0
DA:41,0
FN:41,59,SovereignALMMock.depositLiquidity
FNDA:0,SovereignALMMock.depositLiquidity
DA:50,0
DA:53,0
DA:57,0
DA:58,0
DA:61,0
FN:61,70,SovereignALMMock.withdrawLiquidity
FNDA:0,SovereignALMMock.withdrawLiquidity
DA:68,0
DA:69,0
DA:72,0
FN:72,77,SovereignALMMock.setPriceBounds
FNDA:0,SovereignALMMock.setPriceBounds
DA:79,0
FN:79,85,SovereignALMMock.getAMMState
FNDA:0,SovereignALMMock.getAMMState
DA:84,0
DA:14,3
FN:14,18,SovereignALMMock.setSqrtSpotPriceX96
FNDA:3,SovereignALMMock.setSqrtSpotPriceX96
DA:17,3
DA:20,57
FN:20,26,SovereignALMMock.setToken0AndToken1
FNDA:57,SovereignALMMock.setToken0AndToken1
DA:24,57
DA:25,57
DA:28,1
FN:28,39,SovereignALMMock.getReservesAtPrice
FNDA:1,SovereignALMMock.getReservesAtPrice
DA:33,1
DA:36,1
DA:41,12
FN:41,59,SovereignALMMock.depositLiquidity
FNDA:12,SovereignALMMock.depositLiquidity
DA:50,12
DA:53,12
DA:57,12
DA:58,12
DA:61,11
FN:61,70,SovereignALMMock.withdrawLiquidity
FNDA:11,SovereignALMMock.withdrawLiquidity
DA:68,11
DA:69,11
DA:72,1
FN:72,77,SovereignALMMock.setPriceBounds
FNDA:1,SovereignALMMock.setPriceBounds
DA:79,3
FN:79,85,SovereignALMMock.getAMMState
FNDA:3,SovereignALMMock.getAMMState
DA:84,3
FNF:14
FNH:7
LF:38
LH:19
BRF:0
BRH:0
end_of_record
TN:
SF:test/unit_tests/ValantisHOTModulePublic/mocks/SovereignPoolMock.sol
DA:18,0
FN:18,24,SovereignPoolMock.setReserves
FNDA:0,SovereignPoolMock.setReserves
DA:22,0
DA:23,0
DA:26,0
FN:26,32,SovereignPoolMock.setToken0AndToken1
FNDA:0,SovereignPoolMock.setToken0AndToken1
DA:30,0
DA:31,0
DA:34,0
FN:34,40,SovereignPoolMock.setManagesFees
FNDA:0,SovereignPoolMock.setManagesFees
DA:38,0
DA:39,0
DA:42,0
FN:42,46,SovereignPoolMock.setPoolManagerFeeBips
FNDA:0,SovereignPoolMock.setPoolManagerFeeBips
DA:45,0
DA:48,0
FN:48,67,SovereignPoolMock.claimPoolManagerFees
FNDA:0,SovereignPoolMock.claimPoolManagerFees
DA:58,0
DA:59,0
DA:60,0
BRDA:60,0,0,-
DA:61,0
DA:64,0
BRDA:64,1,0,-
DA:65,0
DA:71,0
FN:71,78,SovereignPoolMock.getPoolManagerFees
FNDA:0,SovereignPoolMock.getPoolManagerFees
DA:76,0
DA:77,0
DA:80,0
FN:80,82,SovereignPoolMock.poolManagerFeeBips
FNDA:0,SovereignPoolMock.poolManagerFeeBips
DA:81,0
DA:84,0
FN:84,86,SovereignPoolMock.getReserves
FNDA:0,SovereignPoolMock.getReserves
DA:85,0
DA:18,12
FN:18,24,SovereignPoolMock.setReserves
FNDA:12,SovereignPoolMock.setReserves
DA:22,12
DA:23,12
DA:26,57
FN:26,32,SovereignPoolMock.setToken0AndToken1
FNDA:57,SovereignPoolMock.setToken0AndToken1
DA:30,57
DA:31,57
DA:34,2
FN:34,40,SovereignPoolMock.setManagesFees
FNDA:2,SovereignPoolMock.setManagesFees
DA:38,2
DA:39,2
DA:42,60
FN:42,46,SovereignPoolMock.setPoolManagerFeeBips
FNDA:60,SovereignPoolMock.setPoolManagerFeeBips
DA:45,60
DA:48,1
FN:48,67,SovereignPoolMock.claimPoolManagerFees
FNDA:1,SovereignPoolMock.claimPoolManagerFees
DA:58,1
DA:59,1
DA:60,1
BRDA:60,0,0,1
DA:61,1
DA:64,1
BRDA:64,1,0,1
DA:65,1
DA:71,2
FN:71,78,SovereignPoolMock.getPoolManagerFees
FNDA:2,SovereignPoolMock.getPoolManagerFees
DA:76,2
DA:77,2
DA:80,5
FN:80,82,SovereignPoolMock.poolManagerFeeBips
FNDA:5,SovereignPoolMock.poolManagerFeeBips
DA:81,5
DA:84,21
FN:84,86,SovereignPoolMock.getReserves
FNDA:21,SovereignPoolMock.getReserves
DA:85,21
FNF:16
FNH:8
LF:50
LH:25
BRF:4
BRH:2
end_of_record
TN:
SF:test/utils/TestWrapper.sol
DA:7,367
FN:7,12,TestWrapper.
FNDA:367,TestWrapper.
DA:8,367
DA:14,79
FN:14,19,TestWrapper._reset
FNDA:79,TestWrapper._reset
DA:18,79
DA:7,556
FN:7,12,TestWrapper.
FNDA:556,TestWrapper.
DA:8,556
DA:14,0
FN:14,19,TestWrapper._reset
FNDA:0,TestWrapper._reset
DA:18,0
FNF:4
FNH:3
LF:8
LH:6
BRF:0
BRH:0
end_of_record
