TN:
SF:script/Counter.s.sol
FN:7,CounterScript.setUp
FNDA:0,CounterScript.setUp
FN:9,CounterScript.run
FNDA:0,CounterScript.run
DA:10,0
FNF:2
FNH:0
LF:1
LH:0
BRF:0
BRH:0
end_of_record
TN:
SF:src/ArrakisMetaVaultFactory.sol
FN:72,ArrakisMetaVaultFactory.pause
FNDA:4,ArrakisMetaVaultFactory.pause
DA:73,3
FN:78,ArrakisMetaVaultFactory.unpause
FNDA:3,ArrakisMetaVaultFactory.unpause
DA:79,1
FN:94,ArrakisMetaVaultFactory.deployPublicVault
FNDA:7,ArrakisMetaVaultFactory.deployPublicVault
DA:105,7
BRDA:105,0,0,1
BRDA:105,0,1,6
DA:109,6
DA:110,6
DA:112,6
DA:116,6
DA:128,6
DA:131,6
DA:132,6
DA:134,6
DA:135,6
DA:138,6
DA:146,6
DA:150,6
DA:164,6
DA:168,6
DA:171,6
DA:176,6
DA:185,6
DA:187,6
DA:189,6
DA:191,6
FN:213,ArrakisMetaVaultFactory.deployPrivateVault
FNDA:6,ArrakisMetaVaultFactory.deployPrivateVault
DA:224,6
DA:230,6
DA:243,6
DA:244,6
DA:248,6
DA:251,6
DA:256,6
DA:263,6
DA:267,6
DA:269,6
DA:271,6
FN:284,ArrakisMetaVaultFactory.whitelistDeployer
FNDA:12,ArrakisMetaVaultFactory.whitelistDeployer
DA:287,11
DA:289,11
DA:290,15
DA:292,15
BRDA:292,1,0,1
BRDA:292,1,1,14
DA:293,14
BRDA:293,2,0,1
BRDA:293,2,1,13
DA:294,1
DA:296,13
DA:299,9
FN:304,ArrakisMetaVaultFactory.blacklistDeployer
FNDA:3,ArrakisMetaVaultFactory.blacklistDeployer
DA:307,2
DA:309,2
DA:310,4
DA:312,4
BRDA:312,3,0,1
BRDA:312,3,1,3
DA:313,1
DA:315,3
DA:318,1
FN:327,ArrakisMetaVaultFactory.getTokenName
FNDA:7,ArrakisMetaVaultFactory.getTokenName
DA:331,7
DA:332,7
DA:333,7
FN:340,ArrakisMetaVaultFactory.getTokenSymbol
FNDA:7,ArrakisMetaVaultFactory.getTokenSymbol
DA:344,7
DA:345,7
DA:346,7
FN:353,ArrakisMetaVaultFactory.publicVaults
FNDA:3,ArrakisMetaVaultFactory.publicVaults
DA:357,3
BRDA:357,4,0,1
BRDA:357,4,1,2
DA:358,1
DA:360,2
DA:361,2
BRDA:361,5,0,1
BRDA:361,5,1,1
DA:362,1
DA:364,1
DA:365,1
DA:366,2
DA:369,1
FN:374,ArrakisMetaVaultFactory.numOfPublicVaults
FNDA:3,ArrakisMetaVaultFactory.numOfPublicVaults
DA:375,5
FN:382,ArrakisMetaVaultFactory.privateVaults
FNDA:3,ArrakisMetaVaultFactory.privateVaults
DA:386,3
BRDA:386,6,0,1
BRDA:386,6,1,2
DA:387,1
DA:389,2
DA:390,2
BRDA:390,7,0,1
BRDA:390,7,1,1
DA:391,1
DA:393,1
DA:394,1
DA:395,2
DA:398,1
FN:403,ArrakisMetaVaultFactory.numOfPrivateVaults
FNDA:3,ArrakisMetaVaultFactory.numOfPrivateVaults
DA:404,5
FN:408,ArrakisMetaVaultFactory.deployers
FNDA:3,ArrakisMetaVaultFactory.deployers
DA:409,3
FN:416,ArrakisMetaVaultFactory._initManagement
FNDA:12,ArrakisMetaVaultFactory._initManagement
DA:419,12
DA:421,12
DA:432,12
DA:434,12
BRDA:434,8,0,-
BRDA:434,8,1,12
DA:436,12
BRDA:436,9,0,-
BRDA:436,9,1,12
DA:437,0
FN:440,ArrakisMetaVaultFactory._append
FNDA:7,ArrakisMetaVaultFactory._append
DA:446,7
FNF:15
FNH:15
LF:83
LH:82
BRF:20
BRH:18
end_of_record
TN:
SF:src/ArrakisMetaVaultPrivate.sol
FN:41,ArrakisMetaVaultPrivate.deposit
FNDA:4,ArrakisMetaVaultPrivate.deposit
DA:45,3
FN:54,ArrakisMetaVaultPrivate.withdraw
FNDA:2,ArrakisMetaVaultPrivate.withdraw
DA:58,1
FN:63,ArrakisMetaVaultPrivate.vaultType
FNDA:0,ArrakisMetaVaultPrivate.vaultType
DA:64,0
FN:68,ArrakisMetaVaultPrivate.owner
FNDA:0,ArrakisMetaVaultPrivate.owner
DA:69,0
FN:74,ArrakisMetaVaultPrivate._deposit
FNDA:3,ArrakisMetaVaultPrivate._deposit
DA:80,3
DA:87,3
DA:89,3
FN:92,ArrakisMetaVaultPrivate._onlyOwnerCheck
FNDA:6,ArrakisMetaVaultPrivate._onlyOwnerCheck
DA:93,6
BRDA:93,0,0,2
BRDA:93,0,1,4
DA:94,2
FNF:6
FNH:4
LF:9
LH:7
BRF:2
BRH:2
end_of_record
TN:
SF:src/ArrakisMetaVaultPublic.sol
FN:48,ArrakisMetaVaultPublic.mint
FNDA:10,ArrakisMetaVaultPublic.mint
DA:52,10
BRDA:52,0,0,1
BRDA:52,0,1,9
DA:53,9
DA:56,9
DA:62,9
BRDA:62,1,0,1
BRDA:62,1,1,8
DA:64,8
BRDA:64,2,0,1
BRDA:64,2,1,7
DA:66,7
DA:68,7
DA:70,7
FN:78,ArrakisMetaVaultPublic.burn
FNDA:6,ArrakisMetaVaultPublic.burn
DA:82,6
BRDA:82,3,0,1
BRDA:82,3,1,5
DA:83,5
DA:84,5
BRDA:84,4,0,1
BRDA:84,4,1,4
DA:86,4
DA:88,4
BRDA:88,5,0,1
BRDA:88,5,1,3
DA:89,3
BRDA:89,6,0,1
BRDA:89,6,1,2
DA:91,2
DA:93,1
DA:95,1
FN:101,ArrakisMetaVaultPublic.transferOwnership
FNDA:0,ArrakisMetaVaultPublic.transferOwnership
DA:102,0
FN:106,ArrakisMetaVaultPublic.renounceOwnership
FNDA:0,ArrakisMetaVaultPublic.renounceOwnership
DA:107,0
FN:111,ArrakisMetaVaultPublic.completeOwnershipHandover
FNDA:0,ArrakisMetaVaultPublic.completeOwnershipHandover
DA:112,0
FN:119,ArrakisMetaVaultPublic.name
FNDA:1,ArrakisMetaVaultPublic.name
DA:120,1
FN:125,ArrakisMetaVaultPublic.symbol
FNDA:1,ArrakisMetaVaultPublic.symbol
DA:126,1
FN:131,ArrakisMetaVaultPublic.vaultType
FNDA:0,ArrakisMetaVaultPublic.vaultType
DA:132,0
FN:137,ArrakisMetaVaultPublic._deposit
FNDA:7,ArrakisMetaVaultPublic._deposit
DA:142,7
DA:148,7
DA:153,7
DA:154,7
FN:157,ArrakisMetaVaultPublic._onlyOwnerCheck
FNDA:13,ArrakisMetaVaultPublic._onlyOwnerCheck
DA:158,13
BRDA:158,7,0,2
BRDA:158,7,1,11
FNF:10
FNH:6
LF:28
LH:24
BRF:16
BRH:16
end_of_record
TN:
SF:src/ArrakisPublicVaultRouter.sol
FN:73,ArrakisPublicVaultRouter.pause
FNDA:0,ArrakisPublicVaultRouter.pause
DA:74,0
FN:79,ArrakisPublicVaultRouter.unpause
FNDA:0,ArrakisPublicVaultRouter.unpause
DA:80,0
FN:90,ArrakisPublicVaultRouter.addLiquidity
FNDA:0,ArrakisPublicVaultRouter.addLiquidity
DA:101,0
BRDA:101,0,0,-
BRDA:101,0,1,-
DA:102,0
DA:104,0
DA:110,0
BRDA:110,1,0,-
BRDA:110,1,1,-
DA:113,0
DA:114,0
DA:115,0
BRDA:112,2,0,-
BRDA:112,2,1,-
DA:116,0
DA:118,0
DA:119,0
DA:125,0
BRDA:125,3,0,-
BRDA:125,3,1,-
DA:126,0
DA:129,0
BRDA:129,4,0,-
BRDA:129,4,1,-
DA:130,0
DA:133,0
DA:143,0
BRDA:143,5,0,-
BRDA:143,5,1,-
DA:144,0
BRDA:144,6,0,-
BRDA:144,6,1,-
DA:145,0
DA:146,0
BRDA:146,7,0,-
BRDA:146,7,1,-
DA:147,0
FN:161,ArrakisPublicVaultRouter.swapAndAddLiquidity
FNDA:0,ArrakisPublicVaultRouter.swapAndAddLiquidity
DA:179,0
BRDA:179,8,0,-
BRDA:179,8,1,-
DA:180,0
DA:182,0
DA:183,0
DA:188,0
DA:189,0
DA:190,0
BRDA:187,9,0,-
BRDA:187,9,1,-
DA:192,0
DA:196,0
DA:197,0
DA:198,0
BRDA:195,10,0,-
BRDA:195,10,1,-
DA:200,0
DA:205,0
BRDA:205,11,0,-
BRDA:205,11,1,-
DA:206,0
DA:212,0
BRDA:212,12,0,-
BRDA:212,12,1,-
DA:213,0
DA:222,0
FN:235,ArrakisPublicVaultRouter.removeLiquidity
FNDA:0,ArrakisPublicVaultRouter.removeLiquidity
DA:244,0
BRDA:244,13,0,-
BRDA:244,13,1,-
DA:246,0
DA:252,0
FN:260,ArrakisPublicVaultRouter.addLiquidityPermit2
FNDA:0,ArrakisPublicVaultRouter.addLiquidityPermit2
DA:271,0
BRDA:271,14,0,-
BRDA:271,14,1,-
DA:272,0
DA:274,0
DA:280,0
BRDA:280,15,0,-
BRDA:280,15,1,-
DA:283,0
DA:284,0
DA:285,0
BRDA:282,16,0,-
BRDA:282,16,1,-
DA:286,0
DA:288,0
DA:289,0
DA:291,0
BRDA:291,17,0,-
BRDA:291,17,1,-
DA:292,0
DA:296,0
DA:298,0
FN:316,ArrakisPublicVaultRouter.swapAndAddLiquidityPermit2
FNDA:0,ArrakisPublicVaultRouter.swapAndAddLiquidityPermit2
DA:333,0
DA:334,0
BRDA:332,18,0,-
BRDA:332,18,1,-
DA:335,0
DA:337,0
DA:339,0
DA:342,0
BRDA:342,19,0,-
BRDA:342,19,1,-
DA:343,0
DA:345,0
DA:347,0
FN:360,ArrakisPublicVaultRouter.removeLiquidityPermit2
FNDA:0,ArrakisPublicVaultRouter.removeLiquidityPermit2
DA:369,0
BRDA:369,20,0,-
BRDA:369,20,1,-
DA:371,0
DA:372,0
DA:376,0
DA:383,0
FN:390,ArrakisPublicVaultRouter._addLiquidity
FNDA:0,ArrakisPublicVaultRouter._addLiquidity
DA:399,0
DA:401,0
DA:402,0
DA:403,0
DA:404,0
BRDA:404,21,0,-
BRDA:404,21,1,-
DA:405,0
DA:406,0
DA:408,0
DA:409,0
DA:411,0
BRDA:411,22,0,-
BRDA:411,22,1,-
DA:412,0
DA:413,0
DA:415,0
DA:416,0
DA:419,0
DA:425,0
BRDA:425,23,0,-
BRDA:425,23,1,-
DA:426,0
DA:427,0
BRDA:427,24,0,-
BRDA:427,24,1,-
DA:428,0
FN:432,ArrakisPublicVaultRouter._swapAndAddLiquidity
FNDA:0,ArrakisPublicVaultRouter._swapAndAddLiquidity
DA:446,0
DA:447,0
BRDA:447,25,0,-
BRDA:447,25,1,-
DA:448,0
BRDA:448,26,0,-
BRDA:448,26,1,-
DA:449,0
DA:453,0
DA:455,0
BRDA:455,27,0,-
BRDA:455,27,1,-
DA:456,0
DA:460,0
DA:463,0
DA:465,0
DA:472,0
DA:475,0
DA:479,0
DA:485,0
BRDA:485,28,0,-
BRDA:485,28,1,-
DA:488,0
DA:489,0
DA:490,0
BRDA:487,29,0,-
BRDA:487,29,1,-
DA:491,0
DA:493,0
DA:503,0
BRDA:503,30,0,-
BRDA:503,30,1,-
DA:504,0
BRDA:504,31,0,-
BRDA:504,31,1,-
DA:505,0
DA:506,0
BRDA:506,32,0,-
BRDA:506,32,1,-
DA:507,0
DA:511,0
BRDA:511,33,0,-
BRDA:511,33,1,-
DA:512,0
DA:514,0
BRDA:514,34,0,-
BRDA:514,34,1,-
DA:515,0
FN:519,ArrakisPublicVaultRouter._removeLiquidity
FNDA:0,ArrakisPublicVaultRouter._removeLiquidity
DA:522,0
DA:527,0
BRDA:527,35,0,-
BRDA:527,35,1,-
DA:528,0
FN:531,ArrakisPublicVaultRouter._permit2Add
FNDA:0,ArrakisPublicVaultRouter._permit2Add
DA:536,0
BRDA:536,36,0,-
BRDA:536,36,1,-
DA:537,0
DA:538,0
DA:539,0
DA:543,0
DA:547,0
FN:555,ArrakisPublicVaultRouter._permit2SwapAndAdd
FNDA:0,ArrakisPublicVaultRouter._permit2SwapAndAdd
DA:556,0
BRDA:556,37,0,-
BRDA:556,37,1,-
DA:557,0
DA:558,0
DA:559,0
DA:563,0
DA:567,0
FN:579,ArrakisPublicVaultRouter._getMintAmounts
FNDA:0,ArrakisPublicVaultRouter._getMintAmounts
DA:593,0
DA:596,0
DA:598,0
BRDA:598,38,0,-
BRDA:598,38,1,-
DA:599,0
DA:602,0
DA:603,0
DA:605,0
DA:609,0
DA:610,0
DA:611,0
FNF:14
FNH:0
LF:142
LH:0
BRF:78
BRH:0
end_of_record
TN:
SF:src/ArrakisStandardManager.sol
FN:118,ArrakisStandardManager.initialize
FNDA:55,ArrakisStandardManager.initialize
DA:124,55
DA:125,54
DA:126,53
BRDA:123,0,0,3
BRDA:123,0,1,52
DA:127,3
DA:129,52
DA:130,52
DA:131,52
DA:132,52
DA:133,52
DA:135,52
FN:142,ArrakisStandardManager.pause
FNDA:4,ArrakisStandardManager.pause
DA:143,3
FN:148,ArrakisStandardManager.unpause
FNDA:3,ArrakisStandardManager.unpause
DA:149,1
FN:154,ArrakisStandardManager.setDefaultReceiver
FNDA:3,ArrakisStandardManager.setDefaultReceiver
DA:157,2
BRDA:157,1,0,1
BRDA:157,1,1,1
DA:158,1
FN:169,ArrakisStandardManager.setReceiverByToken
FNDA:16,ArrakisStandardManager.setReceiverByToken
DA:174,14
BRDA:174,2,0,1
BRDA:174,2,1,13
DA:176,13
DA:180,13
DA:182,13
FN:188,ArrakisStandardManager.decreaseManagerFeePIPS
FNDA:4,ArrakisStandardManager.decreaseManagerFeePIPS
DA:192,2
DA:193,2
BRDA:193,3,0,1
BRDA:193,3,1,1
DA:195,1
DA:197,1
DA:201,1
FN:207,ArrakisStandardManager.finalizeIncreaseManagerFeePIPS
FNDA:4,ArrakisStandardManager.finalizeIncreaseManagerFeePIPS
DA:208,3
DA:210,3
BRDA:210,4,0,1
BRDA:210,4,1,2
DA:211,2
BRDA:211,5,0,1
BRDA:211,5,1,1
DA:212,1
DA:215,1
DA:216,1
DA:218,1
DA:220,1
DA:224,1
FN:230,ArrakisStandardManager.submitIncreaseManagerFeePIPS
FNDA:9,ArrakisStandardManager.submitIncreaseManagerFeePIPS
DA:234,7
BRDA:234,6,0,1
BRDA:234,6,1,6
DA:235,1
DA:236,6
BRDA:236,7,0,1
BRDA:236,7,1,5
DA:237,1
DA:238,5
FN:249,ArrakisStandardManager.withdrawManagerBalance
FNDA:3,ArrakisStandardManager.withdrawManagerBalance
DA:261,2
DA:262,2
DA:264,2
DA:265,2
DA:267,2
DA:268,2
DA:270,2
DA:272,2
BRDA:272,8,0,-
BRDA:272,8,1,-
DA:273,0
DA:274,0
BRDA:274,9,0,-
BRDA:274,9,1,-
DA:276,2
DA:277,2
BRDA:277,10,0,2
BRDA:277,10,1,2
DA:278,2
DA:281,2
BRDA:281,11,0,-
BRDA:281,11,1,-
DA:282,0
DA:283,0
BRDA:283,12,0,-
BRDA:283,12,1,-
DA:285,2
DA:286,2
BRDA:286,13,0,1
BRDA:286,13,1,2
DA:287,1
DA:290,2
FN:301,ArrakisStandardManager.rebalance
FNDA:0,ArrakisStandardManager.rebalance
DA:305,0
DA:309,0
DA:311,0
DA:312,0
DA:316,0
DA:318,0
BRDA:318,14,0,-
BRDA:318,14,1,-
DA:319,0
BRDA:319,15,0,-
BRDA:319,15,1,-
DA:320,0
DA:322,0
DA:324,0
DA:326,0
DA:334,0
DA:336,0
DA:337,0
DA:339,0
BRDA:339,16,0,-
BRDA:339,16,1,-
DA:347,0
DA:349,0
DA:352,0
DA:358,0
DA:371,0
BRDA:371,17,0,-
BRDA:371,17,1,-
DA:372,0
DA:375,0
DA:379,0
FN:388,ArrakisStandardManager.setModule
FNDA:3,ArrakisStandardManager.setModule
DA:393,2
BRDA:393,18,0,1
BRDA:393,18,1,1
DA:395,1
DA:397,1
FN:402,ArrakisStandardManager.setFactory
FNDA:0,ArrakisStandardManager.setFactory
DA:403,0
BRDA:403,19,0,-
BRDA:403,19,1,-
DA:404,0
BRDA:404,20,0,-
BRDA:404,20,1,-
DA:406,0
DA:408,0
FN:415,ArrakisStandardManager.initManagement
FNDA:29,ArrakisStandardManager.initManagement
DA:418,29
DA:420,29
BRDA:420,21,0,1
BRDA:420,21,1,28
DA:422,28
DA:424,21
FN:437,ArrakisStandardManager.updateVaultInfo
FNDA:3,ArrakisStandardManager.updateVaultInfo
DA:445,1
DA:446,1
DA:448,1
DA:459,1
FN:477,ArrakisStandardManager.initializedVaults
FNDA:0,ArrakisStandardManager.initializedVaults
DA:481,0
BRDA:481,22,0,-
BRDA:481,22,1,-
DA:482,0
DA:484,0
DA:485,0
BRDA:485,23,0,-
BRDA:485,23,1,-
DA:486,0
DA:488,0
DA:489,0
DA:490,0
DA:492,0
FN:499,ArrakisStandardManager.numInitializedVaults
FNDA:0,ArrakisStandardManager.numInitializedVaults
DA:504,0
FN:509,ArrakisStandardManager.guardian
FNDA:1,ArrakisStandardManager.guardian
DA:510,1
FN:516,ArrakisStandardManager.isManaged
FNDA:0,ArrakisStandardManager.isManaged
DA:517,0
FN:522,ArrakisStandardManager.getInitManagementSelector
FNDA:0,ArrakisStandardManager.getInitManagementSelector
DA:527,0
FN:534,ArrakisStandardManager._initManagement
FNDA:28,ArrakisStandardManager._initManagement
DA:541,28
BRDA:541,24,0,1
BRDA:541,24,1,27
DA:544,27
BRDA:544,25,0,1
BRDA:544,25,1,26
DA:547,26
BRDA:547,26,0,1
BRDA:547,26,1,25
DA:549,25
DA:555,21
DA:556,21
DA:571,21
FN:577,ArrakisStandardManager._updateParamsChecks
FNDA:26,ArrakisStandardManager._updateParamsChecks
DA:579,26
DA:580,26
BRDA:580,27,0,1
BRDA:580,27,1,25
DA:581,1
DA:584,25
BRDA:584,28,0,1
BRDA:584,28,1,24
DA:587,24
BRDA:587,29,0,1
BRDA:587,29,1,23
DA:590,23
BRDA:590,30,0,1
BRDA:590,30,1,22
FNF:21
FNH:15
LF:121
LH:78
BRF:62
BRH:38
end_of_record
TN:
SF:src/Guardian.sol
FN:25,Guardian.setPauser
FNDA:3,Guardian.setPauser
DA:26,2
DA:27,2
BRDA:27,0,0,-
BRDA:27,0,1,2
DA:28,2
BRDA:28,1,0,1
BRDA:28,1,1,1
DA:30,1
DA:32,1
FNF:1
FNH:1
LF:5
LH:5
BRF:4
BRH:3
end_of_record
TN:
SF:src/ModulePrivateRegistry.sol
FN:23,ModulePrivateRegistry.createModule
FNDA:7,ModulePrivateRegistry.createModule
DA:28,7
DA:29,6
BRDA:29,0,0,2
BRDA:29,0,1,4
DA:30,2
DA:32,4
DA:34,1
FNF:1
FNH:1
LF:5
LH:5
BRF:2
BRH:2
end_of_record
TN:
SF:src/ModulePublicRegistry.sol
FN:23,ModulePublicRegistry.createModule
FNDA:0,ModulePublicRegistry.createModule
DA:28,0
DA:29,0
BRDA:29,0,0,-
BRDA:29,0,1,-
DA:30,0
DA:32,0
DA:34,0
FNF:1
FNH:0
LF:5
LH:0
BRF:2
BRH:0
end_of_record
TN:
SF:src/PALMVaultNFT.sol
FN:18,PALMVaultNFT.mint
FNDA:12,PALMVaultNFT.mint
DA:19,12
FNF:1
FNH:1
LF:1
LH:1
BRF:0
BRH:0
end_of_record
TN:
SF:src/RouterSwapExecutor.sol
FN:34,RouterSwapExecutor.swap
FNDA:0,RouterSwapExecutor.swap
DA:42,0
DA:43,0
DA:44,0
DA:45,0
DA:46,0
BRDA:46,0,0,-
BRDA:46,0,1,-
DA:47,0
BRDA:47,1,0,-
BRDA:47,1,1,-
DA:48,0
DA:53,0
DA:54,0
DA:59,0
DA:60,0
DA:63,0
BRDA:63,2,0,-
BRDA:63,2,1,-
DA:64,0
DA:69,0
DA:70,0
DA:75,0
DA:76,0
DA:79,0
DA:82,0
BRDA:82,3,0,-
BRDA:82,3,1,-
DA:84,0
DA:85,0
DA:86,0
BRDA:86,4,0,-
BRDA:86,4,1,-
DA:87,0
DA:88,0
BRDA:88,5,0,-
BRDA:88,5,1,-
DA:90,0
DA:91,0
BRDA:91,6,0,-
BRDA:91,6,1,-
DA:93,0
BRDA:93,7,0,-
BRDA:93,7,1,-
DA:94,0
DA:95,0
BRDA:95,8,0,-
BRDA:95,8,1,-
DA:97,0
DA:98,0
BRDA:98,9,0,-
BRDA:98,9,1,-
DA:100,0
BRDA:100,10,0,-
BRDA:100,10,1,-
DA:101,0
DA:102,0
DA:103,0
BRDA:103,11,0,-
BRDA:103,11,1,-
DA:104,0
DA:106,0
DA:107,0
DA:108,0
BRDA:108,12,0,-
BRDA:108,12,1,-
DA:109,0
FNF:1
FNH:0
LF:40
LH:0
BRF:26
BRH:0
end_of_record
TN:
SF:src/TimeLock.sol
FN:18,TimeLock.updateDelay
FNDA:0,TimeLock.updateDelay
DA:19,0
FNF:1
FNH:0
LF:1
LH:0
BRF:0
BRH:0
end_of_record
TN:
SF:src/abstracts/ArrakisMetaVault.sol
FN:82,ArrakisMetaVault.initialize
FNDA:44,ArrakisMetaVault.initialize
DA:83,44
BRDA:83,0,0,1
BRDA:83,0,1,43
DA:85,43
DA:86,43
DA:88,43
DA:89,43
FN:95,ArrakisMetaVault.setModule
FNDA:5,ArrakisMetaVault.setModule
DA:100,4
DA:102,4
BRDA:102,1,0,1
BRDA:102,1,1,3
DA:103,3
BRDA:103,2,0,1
BRDA:103,2,1,2
DA:104,1
DA:106,2
DA:110,2
DA:117,2
DA:127,2
DA:128,2
BRDA:128,3,0,1
BRDA:128,3,1,1
DA:129,1
DA:133,1
DA:134,1
DA:135,0
DA:136,0
BRDA:136,4,0,-
BRDA:136,4,1,-
DA:138,1
FN:144,ArrakisMetaVault.whitelistModules
FNDA:9,ArrakisMetaVault.whitelistModules
DA:148,8
DA:149,8
BRDA:149,5,0,1
BRDA:149,5,1,7
DA:151,7
DA:152,7
DA:153,7
DA:159,7
DA:161,7
DA:164,7
FN:169,ArrakisMetaVault.blacklistModules
FNDA:4,ArrakisMetaVault.blacklistModules
DA:170,3
DA:171,3
DA:172,3
DA:173,3
BRDA:173,6,0,1
BRDA:173,6,1,2
DA:174,1
DA:175,2
BRDA:175,7,0,1
BRDA:175,7,1,1
DA:176,1
DA:179,1
FN:184,ArrakisMetaVault.whitelistedModules
FNDA:33,ArrakisMetaVault.whitelistedModules
DA:189,33
FN:197,ArrakisMetaVault.getInits
FNDA:10,ArrakisMetaVault.getInits
DA:198,10
FN:205,ArrakisMetaVault.totalUnderlying
FNDA:1,ArrakisMetaVault.totalUnderlying
DA:210,1
FN:218,ArrakisMetaVault.totalUnderlyingAtPrice
FNDA:1,ArrakisMetaVault.totalUnderlyingAtPrice
DA:221,1
FN:228,ArrakisMetaVault._withdraw
FNDA:2,ArrakisMetaVault._withdraw
DA:232,2
DA:234,2
FN:237,ArrakisMetaVault._withdrawManagerBalance
FNDA:2,ArrakisMetaVault._withdrawManagerBalance
DA:240,2
DA:242,2
FNF:10
FNH:10
LF:44
LH:42
BRF:16
BRH:14
end_of_record
TN:
SF:src/abstracts/ModuleRegistry.sol
FN:48,ModuleRegistry.beacons
FNDA:3,ModuleRegistry.beacons
DA:49,3
FN:56,ModuleRegistry.beaconsContains
FNDA:0,ModuleRegistry.beaconsContains
DA:59,0
FN:64,ModuleRegistry.guardian
FNDA:1,ModuleRegistry.guardian
DA:65,1
FN:75,ModuleRegistry.whitelistBeacons
FNDA:12,ModuleRegistry.whitelistBeacons
DA:76,11
DA:78,11
DA:79,11
DA:83,11
BRDA:83,0,0,1
BRDA:83,0,1,10
DA:85,10
BRDA:85,1,0,1
BRDA:85,1,1,9
DA:87,9
BRDA:87,2,0,1
BRDA:87,2,1,8
DA:88,1
DA:94,8
DA:101,8
FN:109,ModuleRegistry.blacklistBeacons
FNDA:3,ModuleRegistry.blacklistBeacons
DA:110,2
DA:112,2
DA:113,2
DA:117,2
BRDA:117,3,0,1
BRDA:117,3,1,1
DA:118,1
DA:124,1
DA:131,1
FN:140,ModuleRegistry._createModule
FNDA:4,ModuleRegistry._createModule
DA:147,4
BRDA:147,4,0,1
BRDA:147,4,1,3
DA:153,3
DA:157,3
DA:165,3
BRDA:165,5,0,1
BRDA:165,5,1,2
DA:166,1
DA:169,2
BRDA:168,6,0,1
BRDA:168,6,1,1
DA:170,1
FN:175,ModuleRegistry._checkVaultNotAddressZero
FNDA:7,ModuleRegistry._checkVaultNotAddressZero
DA:176,7
BRDA:176,7,0,1
BRDA:176,7,1,6
FNF:7
FNH:6
LF:27
LH:26
BRF:16
BRH:16
end_of_record
TN:
SF:src/modules/SOTOracleWrapper.sol
FN:22,SOTOracleWrapper.getPrice0
FNDA:0,SOTOracleWrapper.getPrice0
DA:23,0
DA:25,0
BRDA:25,0,0,-
BRDA:25,0,1,-
DA:26,0
DA:32,0
FN:40,SOTOracleWrapper.getPrice1
FNDA:0,SOTOracleWrapper.getPrice1
DA:41,0
DA:43,0
BRDA:43,1,0,-
BRDA:43,1,1,-
DA:44,0
DA:50,0
FNF:2
FNH:0
LF:8
LH:0
BRF:4
BRH:0
end_of_record
TN:
SF:src/modules/ValantisSOTModule.sol
FN:76,ValantisModule.initialize
FNDA:37,ValantisModule.initialize
DA:86,37
BRDA:86,0,0,1
BRDA:86,0,1,36
DA:87,36
BRDA:87,1,0,1
BRDA:87,1,1,35
DA:88,35
BRDA:88,2,0,1
BRDA:88,2,1,34
DA:89,34
BRDA:89,3,0,1
BRDA:89,3,1,33
DA:90,33
BRDA:90,4,0,1
BRDA:90,4,1,32
DA:91,32
BRDA:91,5,0,1
BRDA:91,5,1,31
DA:92,31
BRDA:92,6,0,1
BRDA:92,6,1,30
DA:94,30
DA:95,30
DA:96,30
DA:98,30
DA:99,30
DA:101,30
DA:102,30
DA:104,30
DA:105,30
DA:106,30
FN:113,ValantisModule.pause
FNDA:4,ValantisModule.pause
DA:114,3
FN:119,ValantisModule.unpause
FNDA:2,ValantisModule.unpause
DA:120,1
FN:132,ValantisModule.deposit
FNDA:10,ValantisModule.deposit
DA:143,9
BRDA:143,7,0,1
BRDA:143,7,1,8
DA:144,8
BRDA:144,8,0,1
BRDA:144,8,1,7
DA:145,7
BRDA:145,9,0,1
BRDA:145,9,1,6
DA:150,6
DA:152,6
BRDA:152,10,0,6
BRDA:152,10,1,6
DA:153,6
DA:154,6
DA:157,6
DA:158,6
DA:167,6
DA:168,6
DA:174,6
DA:175,6
DA:179,6
DA:183,6
FN:191,ValantisModule.withdraw
FNDA:6,ValantisModule.withdraw
DA:203,5
BRDA:203,11,0,1
BRDA:203,11,1,4
DA:204,4
BRDA:204,12,0,1
BRDA:204,12,1,3
DA:205,3
BRDA:205,13,0,1
BRDA:205,13,1,2
DA:212,2
DA:214,2
DA:215,2
DA:218,2
BRDA:218,14,0,1
BRDA:218,14,1,1
DA:222,1
DA:223,1
DA:228,1
DA:232,1
DA:233,1
DA:237,1
BRDA:237,15,0,-
BRDA:237,15,1,1
DA:238,0
DA:239,1
BRDA:239,16,0,-
BRDA:239,16,1,1
DA:240,0
DA:244,1
FN:250,ValantisModule.withdrawManagerBalance
FNDA:1,ValantisModule.withdrawManagerBalance
DA:256,1
DA:258,1
DA:262,1
BRDA:262,17,0,1
BRDA:262,17,1,1
DA:264,1
BRDA:264,18,0,1
BRDA:264,18,1,1
DA:268,1
FN:273,ValantisModule.setManagerFeePIPS
FNDA:3,ValantisModule.setManagerFeePIPS
DA:274,3
DA:278,3
BRDA:278,19,0,-
BRDA:278,19,1,1
DA:279,1
DA:281,2
BRDA:281,20,0,-
BRDA:281,20,1,2
DA:285,2
DA:287,2
FN:297,ValantisModule.swap
FNDA:0,ValantisModule.swap
DA:306,0
DA:318,0
DA:319,0
DA:320,0
DA:321,0
DA:324,0
DA:325,0
DA:326,0
DA:328,0
BRDA:328,21,0,-
BRDA:328,21,1,-
DA:329,0
BRDA:329,22,0,-
BRDA:329,22,1,-
DA:330,0
BRDA:330,23,0,-
BRDA:330,23,1,-
DA:332,0
DA:334,0
DA:335,0
DA:337,0
BRDA:337,24,0,-
BRDA:337,24,1,-
DA:338,0
DA:339,0
BRDA:339,25,0,-
BRDA:339,25,1,-
DA:340,0
DA:343,0
BRDA:343,26,0,-
BRDA:343,26,1,-
DA:344,0
DA:346,0
DA:350,0
DA:351,0
BRDA:351,27,0,-
BRDA:351,27,1,-
DA:358,0
DA:359,0
DA:361,0
BRDA:361,28,0,-
BRDA:361,28,1,-
DA:362,0
BRDA:362,29,0,-
BRDA:362,29,1,-
DA:363,0
DA:365,0
BRDA:365,30,0,-
BRDA:365,30,1,-
DA:366,0
DA:368,0
BRDA:368,31,0,-
BRDA:368,31,1,-
DA:369,0
DA:370,0
BRDA:370,32,0,-
BRDA:370,32,1,-
DA:371,0
DA:378,0
DA:379,0
DA:381,0
DA:388,0
DA:389,0
DA:391,0
BRDA:391,33,0,-
BRDA:391,33,1,-
DA:393,0
BRDA:393,34,0,-
BRDA:393,34,1,-
DA:398,0
FN:408,ValantisModule.setPriceBounds
FNDA:0,ValantisModule.setPriceBounds
DA:414,0
FN:426,ValantisModule.setManager
FNDA:0,ValantisModule.setManager
DA:427,0
FN:433,ValantisModule.managerBalance0
FNDA:1,ValantisModule.managerBalance0
DA:434,1
FN:440,ValantisModule.managerBalance1
FNDA:1,ValantisModule.managerBalance1
DA:441,1
FN:446,ValantisModule.managerFeePIPS
FNDA:2,ValantisModule.managerFeePIPS
DA:447,2
FN:453,ValantisModule.getInits
FNDA:2,ValantisModule.getInits
DA:454,2
FN:461,ValantisModule.totalUnderlying
FNDA:1,ValantisModule.totalUnderlying
DA:466,1
FN:474,ValantisModule.totalUnderlyingAtPrice
FNDA:0,ValantisModule.totalUnderlyingAtPrice
DA:477,0
FN:482,ValantisModule.validateRebalance
FNDA:0,ValantisModule.validateRebalance
FN:486,ValantisModule._checkMinReturn
FNDA:0,ValantisModule._checkMinReturn
DA:493,0
BRDA:493,35,0,-
BRDA:493,35,1,-
DA:495,0
DA:500,0
BRDA:494,36,0,-
BRDA:494,36,1,-
DA:501,0
DA:504,0
DA:509,0
BRDA:503,37,0,-
BRDA:503,37,1,-
DA:510,0
FN:516,ValantisModule.guardian
FNDA:1,ValantisModule.guardian
DA:517,1
FNF:19
FNH:13
LF:120
LH:66
BRF:76
BRH:38
end_of_record
TN:
SF:src/proxy/BeaconProxyExtended.sol
FN:12,BeaconProxyExtended.beacon
FNDA:1,BeaconProxyExtended.beacon
DA:13,1
FNF:1
FNH:1
LF:1
LH:1
BRF:0
BRH:0
end_of_record
TN:
SF:test/unit_tests/ArrakisMetaVaultFactory/mocks/BeaconImplementation.sol
FN:8,BeaconImplementation.setGuardianAndMetaVault
FNDA:0,BeaconImplementation.setGuardianAndMetaVault
DA:12,0
DA:13,0
FNF:1
FNH:0
LF:2
LH:0
BRF:0
BRH:0
end_of_record
TN:
SF:test/unit_tests/ArrakisMetaVaultFactory/mocks/ModuleRegistryMock.sol
FN:23,ModuleRegistryMock.setAdmin
FNDA:0,ModuleRegistryMock.setAdmin
DA:24,0
FN:27,ModuleRegistryMock.setGuardian
FNDA:0,ModuleRegistryMock.setGuardian
DA:28,0
FN:35,ModuleRegistryMock.beacons
FNDA:50,ModuleRegistryMock.beacons
DA:36,50
FN:39,ModuleRegistryMock.beaconsContains
FNDA:0,ModuleRegistryMock.beaconsContains
DA:42,0
FN:49,ModuleRegistryMock.whitelistBeacons
FNDA:50,ModuleRegistryMock.whitelistBeacons
DA:50,50
DA:52,50
DA:53,50
FN:57,ModuleRegistryMock.blacklistBeacons
FNDA:0,ModuleRegistryMock.blacklistBeacons
DA:58,0
DA:60,0
DA:61,0
FN:67,ModuleRegistryMock.createModule
FNDA:12,ModuleRegistryMock.createModule
DA:73,12
DA:77,12
FNF:7
FNH:3
LF:12
LH:6
BRF:0
BRH:0
end_of_record
TN:
SF:test/unit_tests/ArrakisMetaVaultPublic/mocks/BuggyLpModuleMock.sol
FN:7,BuggyLpModuleMock.withdraw
FNDA:1,BuggyLpModuleMock.withdraw
DA:11,1
DA:12,1
DA:14,1
DA:15,1
DA:17,1
BRDA:17,0,0,-
BRDA:17,0,1,1
DA:18,1
BRDA:18,1,0,-
BRDA:18,1,1,1
FNF:1
FNH:1
LF:6
LH:6
BRF:4
BRH:2
end_of_record
TN:
SF:test/unit_tests/ArrakisMetaVaultPublic/mocks/ModuleRegistryMock.sol
FN:7,ModuleRegistryMock.createModule
FNDA:7,ModuleRegistryMock.createModule
DA:12,7
FNF:1
FNH:1
LF:1
LH:1
BRF:0
BRH:0
end_of_record
TN:
SF:test/unit_tests/ArrakisStandardManager/mocks/ArrakisMetaVaultFactoryMock.sol
FN:10,ArrakisMetaVaultFactoryMock.setManager
FNDA:51,ArrakisMetaVaultFactoryMock.setManager
DA:11,51
FNF:1
FNH:1
LF:1
LH:1
BRF:0
BRH:0
end_of_record
TN:
SF:test/unit_tests/ArrakisStandardManager/mocks/ArrakisMetaVaultMock.sol
FN:18,ArrakisMetaVaultMock.setTokenOAndToken1
FNDA:22,ArrakisMetaVaultMock.setTokenOAndToken1
DA:19,22
DA:20,22
FN:23,ArrakisMetaVaultMock.setModule
FNDA:27,ArrakisMetaVaultMock.setModule
DA:24,27
FN:27,ArrakisMetaVaultMock.setModule
FNDA:1,ArrakisMetaVaultMock.setModule
DA:28,1
FN:31,ArrakisMetaVaultMock.setManager
FNDA:27,ArrakisMetaVaultMock.setManager
DA:32,27
FN:35,ArrakisMetaVaultMock.setOwner
FNDA:2,ArrakisMetaVaultMock.setOwner
DA:36,2
FN:39,ArrakisMetaVaultMock.owner
FNDA:2,ArrakisMetaVaultMock.owner
DA:40,2
FNF:6
FNH:6
LF:7
LH:7
BRF:0
BRH:0
end_of_record
TN:
SF:test/unit_tests/ArrakisStandardManager/mocks/GuardianMock.sol
FN:9,GuardianMock.setPauser
FNDA:0,GuardianMock.setPauser
DA:10,0
FNF:1
FNH:0
LF:1
LH:0
BRF:0
BRH:0
end_of_record
TN:
SF:test/unit_tests/ArrakisStandardManager/mocks/LpModuleMock.sol
FN:12,LpModuleMock.setManager
FNDA:2,LpModuleMock.setManager
DA:13,2
FN:16,LpModuleMock.setToken0AndToken1
FNDA:2,LpModuleMock.setToken0AndToken1
DA:17,2
DA:18,2
FN:21,LpModuleMock.setManagerFeePIPS
FNDA:23,LpModuleMock.setManagerFeePIPS
DA:22,23
FN:25,LpModuleMock.withdrawManagerBalance
FNDA:2,LpModuleMock.withdrawManagerBalance
DA:26,2
DA:27,2
DA:29,2
BRDA:29,0,0,-
BRDA:29,0,1,2
DA:30,2
DA:32,2
BRDA:32,1,0,-
BRDA:32,1,1,1
DA:33,1
FNF:4
FNH:4
LF:10
LH:10
BRF:4
BRH:2
end_of_record
TN:
SF:test/unit_tests/ModulePrivateRegistry/mocks/ArrakisPublicVaultMock.sol
FN:9,ArrakisPublicVaultMock.vaultType
FNDA:0,ArrakisPublicVaultMock.vaultType
DA:10,0
FN:13,ArrakisPublicVaultMock.setManager
FNDA:0,ArrakisPublicVaultMock.setManager
DA:14,0
FN:17,ArrakisPublicVaultMock.setModule
FNDA:0,ArrakisPublicVaultMock.setModule
FN:19,ArrakisPublicVaultMock.withdrawManagerFee
FNDA:0,ArrakisPublicVaultMock.withdrawManagerFee
FNF:4
FNH:0
LF:2
LH:0
BRF:0
BRH:0
end_of_record
TN:
SF:test/unit_tests/ModulePrivateRegistry/mocks/BeaconImplementation.sol
FN:8,BeaconImplementation.setGuardianAndMetaVault
FNDA:15,BeaconImplementation.setGuardianAndMetaVault
DA:12,15
DA:13,15
FNF:1
FNH:1
LF:2
LH:2
BRF:0
BRH:0
end_of_record
TN:
SF:test/unit_tests/ModulePrivateRegistry/mocks/GuardianMock.sol
FN:9,GuardianMock.setPauser
FNDA:100,GuardianMock.setPauser
DA:10,100
FNF:1
FNH:1
LF:1
LH:1
BRF:0
BRH:0
end_of_record
TN:
SF:test/unit_tests/ModulePublicRegistry/mocks/ArrakisPrivateVaultMock.sol
FN:9,ArrakisPrivateVaultMock.vaultType
FNDA:1,ArrakisPrivateVaultMock.vaultType
DA:10,1
FN:13,ArrakisPrivateVaultMock.setManager
FNDA:0,ArrakisPrivateVaultMock.setManager
DA:14,0
FNF:2
FNH:1
LF:2
LH:1
BRF:0
BRH:0
end_of_record
TN:
SF:test/unit_tests/ModulePublicRegistry/mocks/ArrakisPublicVaultMock.sol
FN:9,ArrakisPublicVaultMock.vaultType
FNDA:5,ArrakisPublicVaultMock.vaultType
DA:10,5
FN:13,ArrakisPublicVaultMock.setManager
FNDA:0,ArrakisPublicVaultMock.setManager
DA:14,0
FN:17,ArrakisPublicVaultMock.setModule
FNDA:0,ArrakisPublicVaultMock.setModule
FN:19,ArrakisPublicVaultMock.withdrawManagerFee
FNDA:0,ArrakisPublicVaultMock.withdrawManagerFee
FNF:4
FNH:1
LF:2
LH:1
BRF:0
BRH:0
end_of_record
TN:
SF:test/unit_tests/ModulePublicRegistry/mocks/BeaconImplementation.sol
FN:8,BeaconImplementation.setGuardianAndMetaVault
FNDA:0,BeaconImplementation.setGuardianAndMetaVault
DA:12,0
DA:13,0
FNF:1
FNH:0
LF:2
LH:0
BRF:0
BRH:0
end_of_record
TN:
SF:test/unit_tests/ModulePublicRegistry/mocks/GuardianMock.sol
FN:9,GuardianMock.setPauser
FNDA:0,GuardianMock.setPauser
DA:10,0
FNF:1
FNH:0
LF:1
LH:0
BRF:0
BRH:0
end_of_record
TN:
SF:test/unit_tests/ValantisSOTModule/mocks/ArrakisMetaVaultMock.sol
FN:9,ArrakisMetaVaultMock.setManager
FNDA:30,ArrakisMetaVaultMock.setManager
DA:10,30
FN:13,ArrakisMetaVaultMock.setToken0AndToken1
FNDA:30,ArrakisMetaVaultMock.setToken0AndToken1
DA:14,30
DA:15,30
FNF:2
FNH:2
LF:3
LH:3
BRF:0
BRH:0
end_of_record
TN:
SF:test/unit_tests/ValantisSOTModule/mocks/GuardianMock.sol
FN:8,GuardianMock.setPauser
FNDA:0,GuardianMock.setPauser
DA:9,0
FNF:1
FNH:0
LF:1
LH:0
BRF:0
BRH:0
end_of_record
TN:
SF:test/unit_tests/ValantisSOTModule/mocks/SovereignALMMock.sol
FN:11,SovereignALMMock.setToken0AndToken1
FNDA:30,SovereignALMMock.setToken0AndToken1
DA:12,30
DA:13,30
FN:16,SovereignALMMock.getReservesAtPrice
FNDA:9,SovereignALMMock.getReservesAtPrice
DA:19,9
DA:20,9
FN:23,SovereignALMMock.depositLiquidity
FNDA:6,SovereignALMMock.depositLiquidity
DA:29,6
DA:30,6
FN:33,SovereignALMMock.withdrawLiquidity
FNDA:1,SovereignALMMock.withdrawLiquidity
DA:40,1
DA:41,1
FNF:4
FNH:4
LF:8
LH:8
BRF:0
BRH:0
end_of_record
TN:
SF:test/unit_tests/ValantisSOTModule/mocks/SovereignPoolMock.sol
FN:15,SovereignPoolMock.setToken0AndToken1
FNDA:30,SovereignPoolMock.setToken0AndToken1
DA:16,30
DA:17,30
FN:20,SovereignPoolMock.setManagesFees
FNDA:2,SovereignPoolMock.setManagesFees
DA:24,2
DA:25,2
FN:28,SovereignPoolMock.setPoolManagerFeeBips
FNDA:2,SovereignPoolMock.setPoolManagerFeeBips
DA:29,2
FN:32,SovereignPoolMock.claimPoolManagerFees
FNDA:1,SovereignPoolMock.claimPoolManagerFees
DA:42,1
DA:43,1
DA:44,1
BRDA:44,0,0,-
BRDA:44,0,1,1
DA:45,1
DA:47,1
BRDA:47,1,0,-
BRDA:47,1,1,1
DA:48,1
FN:53,SovereignPoolMock.getPoolManagerFees
FNDA:2,SovereignPoolMock.getPoolManagerFees
DA:58,2
DA:59,2
FN:62,SovereignPoolMock.poolManagerFeeBips
FNDA:9,SovereignPoolMock.poolManagerFeeBips
DA:63,9
FNF:6
FNH:6
LF:14
LH:14
BRF:4
BRH:2
end_of_record
TN:
SF:test/utils/TestWrapper.sol
FN:15,TestWrapper._reset
FNDA:0,TestWrapper._reset
DA:16,0
FNF:1
FNH:0
LF:1
LH:0
BRF:0
BRH:0
end_of_record
